<?xml version="1.0" encoding="UTF-8"?>
<coverage generated="1538663377980" clover="3.2.0">
  <project timestamp="1538663377980" name="All files">
    <metrics statements="299" coveredstatements="230" conditionals="75" coveredconditionals="50" methods="132" coveredmethods="92" elements="506" coveredelements="372" complexity="0" loc="299" ncloc="299" packages="12" files="27" classes="27">
      <package name="actions">
        <metrics statements="75" coveredstatements="65" conditionals="0" coveredconditionals="0" methods="52" coveredmethods="42"/>
        <file name="answers.js" path="/home/devint13/Documents/voter/client/src/actions/answers.js">
          <metrics statements="15" coveredstatements="11" conditionals="0" coveredconditionals="0" methods="15" coveredmethods="11"/>
          <line num="4" count="2" type="stmt"/>
          <line num="5" count="1" type="stmt"/>
          <line num="8" count="1" type="stmt"/>
          <line num="11" count="0" type="stmt"/>
          <line num="15" count="2" type="stmt"/>
          <line num="16" count="1" type="stmt"/>
          <line num="19" count="1" type="stmt"/>
          <line num="22" count="0" type="stmt"/>
          <line num="26" count="2" type="stmt"/>
          <line num="27" count="1" type="stmt"/>
          <line num="29" count="0" type="stmt"/>
          <line num="32" count="2" type="stmt"/>
          <line num="33" count="1" type="stmt"/>
          <line num="36" count="1" type="stmt"/>
          <line num="39" count="0" type="stmt"/>
        </file>
        <file name="auth.js" path="/home/devint13/Documents/voter/client/src/actions/auth.js">
          <metrics statements="30" coveredstatements="27" conditionals="0" coveredconditionals="0" methods="19" coveredmethods="16"/>
          <line num="8" count="3" type="stmt"/>
          <line num="9" count="3" type="stmt"/>
          <line num="10" count="3" type="stmt"/>
          <line num="11" count="3" type="stmt"/>
          <line num="12" count="3" type="stmt"/>
          <line num="16" count="3" type="stmt"/>
          <line num="17" count="1" type="stmt"/>
          <line num="20" count="1" type="stmt"/>
          <line num="23" count="0" type="stmt"/>
          <line num="28" count="3" type="stmt"/>
          <line num="29" count="1" type="stmt"/>
          <line num="32" count="1" type="stmt"/>
          <line num="33" count="1" type="stmt"/>
          <line num="36" count="0" type="stmt"/>
          <line num="40" count="3" type="stmt"/>
          <line num="41" count="1" type="stmt"/>
          <line num="44" count="1" type="stmt"/>
          <line num="45" count="1" type="stmt"/>
          <line num="46" count="1" type="stmt"/>
          <line num="49" count="0" type="stmt"/>
          <line num="53" count="3" type="stmt"/>
          <line num="54" count="1" type="stmt"/>
          <line num="55" count="1" type="stmt"/>
          <line num="56" count="1" type="stmt"/>
          <line num="60" count="3" type="stmt"/>
          <line num="61" count="5" type="stmt"/>
          <line num="68" count="3" type="stmt"/>
          <line num="69" count="1" type="stmt"/>
          <line num="70" count="1" type="stmt"/>
          <line num="71" count="1" type="stmt"/>
        </file>
        <file name="errors.js" path="/home/devint13/Documents/voter/client/src/actions/errors.js">
          <metrics statements="2" coveredstatements="2" conditionals="0" coveredconditionals="0" methods="1" coveredmethods="1"/>
          <line num="3" count="6" type="stmt"/>
          <line num="4" count="2" type="stmt"/>
        </file>
        <file name="filters.js" path="/home/devint13/Documents/voter/client/src/actions/filters.js">
          <metrics statements="2" coveredstatements="2" conditionals="0" coveredconditionals="0" methods="1" coveredmethods="1"/>
          <line num="3" count="1" type="stmt"/>
          <line num="4" count="1" type="stmt"/>
        </file>
        <file name="polls.js" path="/home/devint13/Documents/voter/client/src/actions/polls.js">
          <metrics statements="18" coveredstatements="15" conditionals="0" coveredconditionals="0" methods="16" coveredmethods="13"/>
          <line num="6" count="2" type="stmt"/>
          <line num="7" count="1" type="stmt"/>
          <line num="10" count="1" type="stmt"/>
          <line num="15" count="0" type="stmt"/>
          <line num="18" count="2" type="stmt"/>
          <line num="19" count="1" type="stmt"/>
          <line num="22" count="1" type="stmt"/>
          <line num="26" count="1" type="stmt"/>
          <line num="27" count="1" type="stmt"/>
          <line num="30" count="0" type="stmt"/>
          <line num="34" count="2" type="stmt"/>
          <line num="35" count="2" type="stmt"/>
          <line num="38" count="1" type="stmt"/>
          <line num="45" count="1" type="stmt"/>
          <line num="49" count="2" type="stmt"/>
          <line num="50" count="1" type="stmt"/>
          <line num="53" count="1" type="stmt"/>
          <line num="55" count="0" type="stmt"/>
        </file>
        <file name="types.js" path="/home/devint13/Documents/voter/client/src/actions/types.js">
          <metrics statements="8" coveredstatements="8" conditionals="0" coveredconditionals="0" methods="0" coveredmethods="0"/>
          <line num="1" count="11" type="stmt"/>
          <line num="2" count="11" type="stmt"/>
          <line num="3" count="11" type="stmt"/>
          <line num="4" count="11" type="stmt"/>
          <line num="5" count="11" type="stmt"/>
          <line num="6" count="11" type="stmt"/>
          <line num="7" count="11" type="stmt"/>
          <line num="8" count="11" type="stmt"/>
        </file>
      </package>
      <package name="assets.jss">
        <metrics statements="32" coveredstatements="32" conditionals="0" coveredconditionals="0" methods="0" coveredmethods="0"/>
        <file name="material-dashboard-react.jsx" path="/home/devint13/Documents/voter/client/src/assets/jss/material-dashboard-react.jsx">
          <metrics statements="32" coveredstatements="32" conditionals="0" coveredconditionals="0" methods="0" coveredmethods="0"/>
          <line num="21" count="3" type="stmt"/>
          <line num="23" count="3" type="stmt"/>
          <line num="27" count="3" type="stmt"/>
          <line num="34" count="3" type="stmt"/>
          <line num="39" count="3" type="stmt"/>
          <line num="50" count="3" type="stmt"/>
          <line num="56" count="3" type="stmt"/>
          <line num="57" count="3" type="stmt"/>
          <line num="58" count="3" type="stmt"/>
          <line num="59" count="3" type="stmt"/>
          <line num="60" count="3" type="stmt"/>
          <line num="61" count="3" type="stmt"/>
          <line num="62" count="3" type="stmt"/>
          <line num="64" count="3" type="stmt"/>
          <line num="68" count="3" type="stmt"/>
          <line num="72" count="3" type="stmt"/>
          <line num="76" count="3" type="stmt"/>
          <line num="80" count="3" type="stmt"/>
          <line num="84" count="3" type="stmt"/>
          <line num="89" count="3" type="stmt"/>
          <line num="93" count="3" type="stmt"/>
          <line num="97" count="3" type="stmt"/>
          <line num="101" count="3" type="stmt"/>
          <line num="105" count="3" type="stmt"/>
          <line num="109" count="3" type="stmt"/>
          <line num="114" count="3" type="stmt"/>
          <line num="122" count="3" type="stmt"/>
          <line num="128" count="3" type="stmt"/>
          <line num="137" count="3" type="stmt"/>
          <line num="152" count="3" type="stmt"/>
          <line num="165" count="3" type="stmt"/>
          <line num="169" count="3" type="stmt"/>
        </file>
      </package>
      <package name="assets.jss.material-dashboard-react.components">
        <metrics statements="4" coveredstatements="4" conditionals="0" coveredconditionals="0" methods="0" coveredmethods="0"/>
        <file name="buttonStyle.jsx" path="/home/devint13/Documents/voter/client/src/assets/jss/material-dashboard-react/components/buttonStyle.jsx">
          <metrics statements="1" coveredstatements="1" conditionals="0" coveredconditionals="0" methods="0" coveredmethods="0"/>
          <line num="11" count="1" type="stmt"/>
        </file>
        <file name="cardBodyStyle.jsx" path="/home/devint13/Documents/voter/client/src/assets/jss/material-dashboard-react/components/cardBodyStyle.jsx">
          <metrics statements="1" coveredstatements="1" conditionals="0" coveredconditionals="0" methods="0" coveredmethods="0"/>
          <line num="1" count="3" type="stmt"/>
        </file>
        <file name="cardHeaderStyle.jsx" path="/home/devint13/Documents/voter/client/src/assets/jss/material-dashboard-react/components/cardHeaderStyle.jsx">
          <metrics statements="1" coveredstatements="1" conditionals="0" coveredconditionals="0" methods="0" coveredmethods="0"/>
          <line num="9" count="3" type="stmt"/>
        </file>
        <file name="cardStyle.jsx" path="/home/devint13/Documents/voter/client/src/assets/jss/material-dashboard-react/components/cardStyle.jsx">
          <metrics statements="1" coveredstatements="1" conditionals="0" coveredconditionals="0" methods="0" coveredmethods="0"/>
          <line num="1" count="3" type="stmt"/>
        </file>
      </package>
      <package name="assets.jss.material-dashboard-react.views">
        <metrics statements="1" coveredstatements="1" conditionals="0" coveredconditionals="0" methods="0" coveredmethods="0"/>
        <file name="dashboardStyle.jsx" path="/home/devint13/Documents/voter/client/src/assets/jss/material-dashboard-react/views/dashboardStyle.jsx">
          <metrics statements="1" coveredstatements="1" conditionals="0" coveredconditionals="0" methods="0" coveredmethods="0"/>
          <line num="3" count="3" type="stmt"/>
        </file>
      </package>
      <package name="components.Card">
        <metrics statements="12" coveredstatements="3" conditionals="0" coveredconditionals="0" methods="3" coveredmethods="0"/>
        <file name="Card.jsx" path="/home/devint13/Documents/voter/client/src/components/Card/Card.jsx">
          <metrics statements="4" coveredstatements="1" conditionals="0" coveredconditionals="0" methods="1" coveredmethods="0"/>
          <line num="22" count="0" type="stmt"/>
          <line num="23" count="0" type="stmt"/>
          <line num="30" count="0" type="stmt"/>
          <line num="37" count="3" type="stmt"/>
        </file>
        <file name="CardBody.jsx" path="/home/devint13/Documents/voter/client/src/components/Card/CardBody.jsx">
          <metrics statements="4" coveredstatements="1" conditionals="0" coveredconditionals="0" methods="1" coveredmethods="0"/>
          <line num="14" count="0" type="stmt"/>
          <line num="15" count="0" type="stmt"/>
          <line num="21" count="0" type="stmt"/>
          <line num="28" count="3" type="stmt"/>
        </file>
        <file name="CardHeader.jsx" path="/home/devint13/Documents/voter/client/src/components/Card/CardHeader.jsx">
          <metrics statements="4" coveredstatements="1" conditionals="0" coveredconditionals="0" methods="1" coveredmethods="0"/>
          <line num="23" count="0" type="stmt"/>
          <line num="24" count="0" type="stmt"/>
          <line num="32" count="0" type="stmt"/>
          <line num="39" count="3" type="stmt"/>
        </file>
      </package>
      <package name="components.CustomButtons">
        <metrics statements="4" coveredstatements="1" conditionals="0" coveredconditionals="0" methods="1" coveredmethods="0"/>
        <file name="Button.jsx" path="/home/devint13/Documents/voter/client/src/components/CustomButtons/Button.jsx">
          <metrics statements="4" coveredstatements="1" conditionals="0" coveredconditionals="0" methods="1" coveredmethods="0"/>
          <line num="27" count="0" type="stmt"/>
          <line num="28" count="0" type="stmt"/>
          <line num="40" count="0" type="stmt"/>
          <line num="47" count="1" type="stmt"/>
        </file>
      </package>
      <package name="reducers">
        <metrics statements="18" coveredstatements="18" conditionals="16" coveredconditionals="16" methods="5" coveredmethods="5"/>
        <file name="auth.js" path="/home/devint13/Documents/voter/client/src/reducers/auth.js">
          <metrics statements="4" coveredstatements="4" conditionals="3" coveredconditionals="3" methods="1" coveredmethods="1"/>
          <line num="4" count="1" type="stmt"/>
          <line num="10" count="2" type="cond" truecount="2" falsecount="0"/>
          <line num="12" count="1" type="stmt"/>
          <line num="18" count="1" type="stmt"/>
        </file>
        <file name="errors.js" path="/home/devint13/Documents/voter/client/src/reducers/errors.js">
          <metrics statements="4" coveredstatements="4" conditionals="3" coveredconditionals="3" methods="1" coveredmethods="1"/>
          <line num="2" count="1" type="stmt"/>
          <line num="5" count="2" type="cond" truecount="2" falsecount="0"/>
          <line num="7" count="1" type="stmt"/>
          <line num="9" count="1" type="stmt"/>
        </file>
        <file name="filters.js" path="/home/devint13/Documents/voter/client/src/reducers/filters.js">
          <metrics statements="3" coveredstatements="3" conditionals="3" coveredconditionals="3" methods="1" coveredmethods="1"/>
          <line num="4" count="2" type="cond" truecount="2" falsecount="0"/>
          <line num="6" count="1" type="stmt"/>
          <line num="11" count="1" type="stmt"/>
        </file>
        <file name="polls.js" path="/home/devint13/Documents/voter/client/src/reducers/polls.js">
          <metrics statements="7" coveredstatements="7" conditionals="7" coveredconditionals="7" methods="2" coveredmethods="2"/>
          <line num="4" count="4" type="cond" truecount="4" falsecount="0"/>
          <line num="6" count="1" type="stmt"/>
          <line num="8" count="1" type="stmt"/>
          <line num="10" count="1" type="stmt"/>
          <line num="11" count="6" type="cond" truecount="2" falsecount="0"/>
          <line num="12" count="1" type="stmt"/>
          <line num="19" count="1" type="stmt"/>
        </file>
      </package>
      <package name="selectors">
        <metrics statements="30" coveredstatements="29" conditionals="10" coveredconditionals="9" methods="6" coveredmethods="6"/>
        <file name="pollsSelector.js" path="/home/devint13/Documents/voter/client/src/selectors/pollsSelector.js">
          <metrics statements="30" coveredstatements="29" conditionals="10" coveredconditionals="9" methods="6" coveredmethods="6"/>
          <line num="3" count="2" type="stmt"/>
          <line num="4" count="2" type="stmt"/>
          <line num="5" count="2" type="stmt"/>
          <line num="7" count="1" type="stmt"/>
          <line num="10" count="2" type="cond" truecount="1" falsecount="1"/>
          <line num="11" count="0" type="stmt"/>
          <line num="13" count="2" type="cond" truecount="2" falsecount="0"/>
          <line num="14" count="1" type="stmt"/>
          <line num="15" count="1" type="stmt"/>
          <line num="16" count="6" type="stmt"/>
          <line num="17" count="12" type="stmt"/>
          <line num="18" count="12" type="stmt"/>
          <line num="19" count="10" type="stmt"/>
          <line num="20" count="10" type="cond" truecount="2" falsecount="0"/>
          <line num="21" count="4" type="stmt"/>
          <line num="22" count="4" type="stmt"/>
          <line num="27" count="1" type="stmt"/>
          <line num="29" count="1" type="stmt"/>
          <line num="30" count="1" type="stmt"/>
          <line num="31" count="6" type="stmt"/>
          <line num="32" count="6" type="stmt"/>
          <line num="33" count="13" type="stmt"/>
          <line num="34" count="13" type="stmt"/>
          <line num="35" count="6" type="stmt"/>
          <line num="36" count="6" type="cond" truecount="2" falsecount="0"/>
          <line num="37" count="2" type="stmt"/>
          <line num="38" count="2" type="stmt"/>
          <line num="43" count="6" type="cond" truecount="2" falsecount="0"/>
          <line num="44" count="4" type="stmt"/>
          <line num="47" count="1" type="stmt"/>
        </file>
      </package>
      <package name="utils">
        <metrics statements="7" coveredstatements="7" conditionals="8" coveredconditionals="7" methods="2" coveredmethods="2"/>
        <file name="is-empty.js" path="/home/devint13/Documents/voter/client/src/utils/is-empty.js">
          <metrics statements="3" coveredstatements="3" conditionals="6" coveredconditionals="5" methods="1" coveredmethods="1"/>
          <line num="1" count="1" type="stmt"/>
          <line num="2" count="1" type="cond" truecount="5" falsecount="1"/>
          <line num="7" count="1" type="stmt"/>
        </file>
        <file name="setAuthToken.js" path="/home/devint13/Documents/voter/client/src/utils/setAuthToken.js">
          <metrics statements="4" coveredstatements="4" conditionals="2" coveredconditionals="2" methods="1" coveredmethods="1"/>
          <line num="3" count="3" type="stmt"/>
          <line num="4" count="4" type="cond" truecount="2" falsecount="0"/>
          <line num="5" count="3" type="stmt"/>
          <line num="7" count="1" type="stmt"/>
        </file>
      </package>
      <package name="views.CreateNewPoll">
        <metrics statements="94" coveredstatements="50" conditionals="29" coveredconditionals="12" methods="47" coveredmethods="27"/>
        <file name="EditModal.js" path="/home/devint13/Documents/voter/client/src/views/CreateNewPoll/EditModal.js">
          <metrics statements="14" coveredstatements="1" conditionals="6" coveredconditionals="0" methods="5" coveredmethods="0"/>
          <line num="24" count="0" type="stmt"/>
          <line num="25" count="0" type="stmt"/>
          <line num="26" count="0" type="stmt"/>
          <line num="27" count="0" type="stmt"/>
          <line num="28" count="0" type="stmt"/>
          <line num="35" count="0" type="cond" truecount="0" falsecount="2"/>
          <line num="36" count="0" type="stmt"/>
          <line num="41" count="0" type="cond" truecount="0" falsecount="2"/>
          <line num="42" count="0" type="stmt"/>
          <line num="44" count="0" type="stmt"/>
          <line num="49" count="0" type="stmt"/>
          <line num="50" count="0" type="stmt"/>
          <line num="61" count="0" type="stmt"/>
          <line num="114" count="1" type="stmt"/>
        </file>
        <file name="index.js" path="/home/devint13/Documents/voter/client/src/views/CreateNewPoll/index.js">
          <metrics statements="80" coveredstatements="49" conditionals="23" coveredconditionals="12" methods="42" coveredmethods="27"/>
          <line num="40" count="5" type="stmt"/>
          <line num="41" count="5" type="stmt"/>
          <line num="42" count="5" type="stmt"/>
          <line num="44" count="5" type="cond" truecount="2" falsecount="0"/>
          <line num="45" count="3" type="stmt"/>
          <line num="49" count="2" type="cond" truecount="2" falsecount="0"/>
          <line num="51" count="1" type="stmt"/>
          <line num="57" count="5" type="stmt"/>
          <line num="63" count="5" type="cond" truecount="1" falsecount="1"/>
          <line num="64" count="5" type="stmt"/>
          <line num="69" count="5" type="cond" truecount="1" falsecount="1"/>
          <line num="70" count="5" type="stmt"/>
          <line num="74" count="0" type="cond" truecount="0" falsecount="2"/>
          <line num="75" count="0" type="stmt"/>
          <line num="81" count="0" type="stmt"/>
          <line num="90" count="1" type="stmt"/>
          <line num="94" count="1" type="stmt"/>
          <line num="95" count="1" type="stmt"/>
          <line num="100" count="2" type="stmt"/>
          <line num="102" count="2" type="stmt"/>
          <line num="103" count="2" type="stmt"/>
          <line num="105" count="2" type="stmt"/>
          <line num="110" count="2" type="stmt"/>
          <line num="116" count="1" type="stmt"/>
          <line num="119" count="1" type="stmt"/>
          <line num="120" count="1" type="stmt"/>
          <line num="125" count="1" type="stmt"/>
          <line num="129" count="5" type="stmt"/>
          <line num="133" count="2" type="stmt"/>
          <line num="134" count="2" type="stmt"/>
          <line num="136" count="2" type="stmt"/>
          <line num="137" count="2" type="stmt"/>
          <line num="138" count="2" type="stmt"/>
          <line num="143" count="2" type="cond" truecount="1" falsecount="1"/>
          <line num="144" count="0" type="stmt"/>
          <line num="146" count="2" type="stmt"/>
          <line num="150" count="2" type="cond" truecount="2" falsecount="0"/>
          <line num="151" count="1" type="stmt"/>
          <line num="157" count="1" type="stmt"/>
          <line num="160" count="1" type="stmt"/>
          <line num="165" count="1" type="stmt"/>
          <line num="166" count="1" type="stmt"/>
          <line num="167" count="1" type="stmt"/>
          <line num="171" count="1" type="stmt"/>
          <line num="178" count="0" type="stmt"/>
          <line num="179" count="0" type="stmt"/>
          <line num="180" count="0" type="stmt"/>
          <line num="181" count="0" type="stmt"/>
          <line num="182" count="0" type="stmt"/>
          <line num="183" count="0" type="stmt"/>
          <line num="190" count="0" type="stmt"/>
          <line num="191" count="0" type="stmt"/>
          <line num="192" count="0" type="stmt"/>
          <line num="193" count="0" type="cond" truecount="0" falsecount="2"/>
          <line num="194" count="0" type="stmt"/>
          <line num="196" count="0" type="stmt"/>
          <line num="198" count="0" type="stmt"/>
          <line num="202" count="0" type="stmt"/>
          <line num="203" count="0" type="stmt"/>
          <line num="204" count="0" type="stmt"/>
          <line num="205" count="0" type="stmt"/>
          <line num="206" count="0" type="stmt"/>
          <line num="207" count="0" type="stmt"/>
          <line num="214" count="0" type="cond" truecount="0" falsecount="2"/>
          <line num="215" count="0" type="stmt"/>
          <line num="220" count="0" type="stmt"/>
          <line num="224" count="5" type="stmt"/>
          <line num="228" count="42" type="stmt"/>
          <line num="229" count="42" type="stmt"/>
          <line num="239" count="42" type="stmt"/>
          <line num="282" count="41" type="stmt"/>
          <line num="294" count="0" type="stmt"/>
          <line num="311" count="0" type="stmt"/>
          <line num="321" count="0" type="stmt"/>
          <line num="332" count="1" type="stmt"/>
          <line num="355" count="0" type="stmt"/>
          <line num="376" count="1" type="stmt"/>
          <line num="390" count="0" type="stmt"/>
          <line num="399" count="1" type="stmt"/>
          <line num="409" count="1" type="stmt"/>
        </file>
      </package>
      <package name="views.SignIn">
        <metrics statements="11" coveredstatements="10" conditionals="6" coveredconditionals="3" methods="8" coveredmethods="5"/>
        <file name="index.js" path="/home/devint13/Documents/voter/client/src/views/SignIn/index.js">
          <metrics statements="11" coveredstatements="10" conditionals="6" coveredconditionals="3" methods="8" coveredmethods="5"/>
          <line num="20" count="3" type="stmt"/>
          <line num="21" count="3" type="stmt"/>
          <line num="28" count="3" type="stmt"/>
          <line num="32" count="2" type="stmt"/>
          <line num="38" count="1" type="stmt"/>
          <line num="39" count="1" type="stmt"/>
          <line num="43" count="6" type="stmt"/>
          <line num="44" count="6" type="stmt"/>
          <line num="134" count="1" type="stmt"/>
          <line num="141" count="1" type="stmt"/>
          <line num="147" count="0" type="stmt"/>
        </file>
      </package>
      <package name="views.SignUp">
        <metrics statements="11" coveredstatements="10" conditionals="6" coveredconditionals="3" methods="8" coveredmethods="5"/>
        <file name="index.js" path="/home/devint13/Documents/voter/client/src/views/SignUp/index.js">
          <metrics statements="11" coveredstatements="10" conditionals="6" coveredconditionals="3" methods="8" coveredmethods="5"/>
          <line num="20" count="5" type="stmt"/>
          <line num="21" count="5" type="stmt"/>
          <line num="29" count="6" type="stmt"/>
          <line num="33" count="3" type="stmt"/>
          <line num="39" count="1" type="stmt"/>
          <line num="40" count="1" type="stmt"/>
          <line num="48" count="9" type="stmt"/>
          <line num="49" count="9" type="stmt"/>
          <line num="151" count="1" type="stmt"/>
          <line num="158" count="1" type="stmt"/>
          <line num="166" count="0" type="stmt"/>
        </file>
      </package>
    </metrics>
  </project>
</coverage>
