{"/home/devint13/Documents/voter/client/src/actions/answers.js": {"path":"/home/devint13/Documents/voter/client/src/actions/answers.js","statementMap":{"0":{"start":{"line":4,"column":25},"end":{"line":13,"column":1}},"1":{"start":{"line":4,"column":50},"end":{"line":13,"column":1}},"2":{"start":{"line":5,"column":2},"end":{"line":12,"column":7}},"3":{"start":{"line":8,"column":6},"end":{"line":8,"column":22}},"4":{"start":{"line":11,"column":6},"end":{"line":11,"column":45}},"5":{"start":{"line":15,"column":26},"end":{"line":24,"column":1}},"6":{"start":{"line":15,"column":45},"end":{"line":24,"column":1}},"7":{"start":{"line":16,"column":2},"end":{"line":23,"column":7}},"8":{"start":{"line":19,"column":6},"end":{"line":19,"column":22}},"9":{"start":{"line":22,"column":6},"end":{"line":22,"column":45}},"10":{"start":{"line":26,"column":28},"end":{"line":30,"column":1}},"11":{"start":{"line":26,"column":50},"end":{"line":30,"column":1}},"12":{"start":{"line":27,"column":2},"end":{"line":29,"column":36}},"13":{"start":{"line":29,"column":18},"end":{"line":29,"column":34}},"14":{"start":{"line":32,"column":20},"end":{"line":41,"column":1}},"15":{"start":{"line":32,"column":31},"end":{"line":41,"column":1}},"16":{"start":{"line":33,"column":2},"end":{"line":40,"column":7}},"17":{"start":{"line":36,"column":6},"end":{"line":36,"column":22}},"18":{"start":{"line":39,"column":6},"end":{"line":39,"column":45}}},"fnMap":{"0":{"name":"(anonymous_0)","decl":{"start":{"line":4,"column":25},"end":{"line":4,"column":26}},"loc":{"start":{"line":4,"column":50},"end":{"line":13,"column":1}},"line":4},"1":{"name":"(anonymous_1)","decl":{"start":{"line":4,"column":50},"end":{"line":4,"column":51}},"loc":{"start":{"line":4,"column":62},"end":{"line":13,"column":1}},"line":4},"2":{"name":"(anonymous_2)","decl":{"start":{"line":7,"column":10},"end":{"line":7,"column":11}},"loc":{"start":{"line":7,"column":17},"end":{"line":9,"column":5}},"line":7},"3":{"name":"(anonymous_3)","decl":{"start":{"line":10,"column":11},"end":{"line":10,"column":12}},"loc":{"start":{"line":10,"column":18},"end":{"line":12,"column":5}},"line":10},"4":{"name":"(anonymous_4)","decl":{"start":{"line":15,"column":26},"end":{"line":15,"column":27}},"loc":{"start":{"line":15,"column":45},"end":{"line":24,"column":1}},"line":15},"5":{"name":"(anonymous_5)","decl":{"start":{"line":15,"column":45},"end":{"line":15,"column":46}},"loc":{"start":{"line":15,"column":57},"end":{"line":24,"column":1}},"line":15},"6":{"name":"(anonymous_6)","decl":{"start":{"line":18,"column":10},"end":{"line":18,"column":11}},"loc":{"start":{"line":18,"column":17},"end":{"line":20,"column":5}},"line":18},"7":{"name":"(anonymous_7)","decl":{"start":{"line":21,"column":11},"end":{"line":21,"column":12}},"loc":{"start":{"line":21,"column":18},"end":{"line":23,"column":5}},"line":21},"8":{"name":"(anonymous_8)","decl":{"start":{"line":26,"column":28},"end":{"line":26,"column":29}},"loc":{"start":{"line":26,"column":50},"end":{"line":30,"column":1}},"line":26},"9":{"name":"(anonymous_9)","decl":{"start":{"line":26,"column":50},"end":{"line":26,"column":51}},"loc":{"start":{"line":26,"column":56},"end":{"line":30,"column":1}},"line":26},"10":{"name":"(anonymous_10)","decl":{"start":{"line":29,"column":11},"end":{"line":29,"column":12}},"loc":{"start":{"line":29,"column":18},"end":{"line":29,"column":34}},"line":29},"11":{"name":"(anonymous_11)","decl":{"start":{"line":32,"column":20},"end":{"line":32,"column":21}},"loc":{"start":{"line":32,"column":31},"end":{"line":41,"column":1}},"line":32},"12":{"name":"(anonymous_12)","decl":{"start":{"line":32,"column":31},"end":{"line":32,"column":32}},"loc":{"start":{"line":32,"column":43},"end":{"line":41,"column":1}},"line":32},"13":{"name":"(anonymous_13)","decl":{"start":{"line":35,"column":10},"end":{"line":35,"column":11}},"loc":{"start":{"line":35,"column":17},"end":{"line":37,"column":5}},"line":35},"14":{"name":"(anonymous_14)","decl":{"start":{"line":38,"column":11},"end":{"line":38,"column":12}},"loc":{"start":{"line":38,"column":18},"end":{"line":40,"column":5}},"line":38}},"branchMap":{},"s":{"0":2,"1":1,"2":1,"3":1,"4":0,"5":2,"6":1,"7":1,"8":1,"9":0,"10":2,"11":1,"12":1,"13":0,"14":2,"15":1,"16":1,"17":1,"18":0},"f":{"0":1,"1":1,"2":1,"3":0,"4":1,"5":1,"6":1,"7":0,"8":1,"9":1,"10":0,"11":1,"12":1,"13":1,"14":0},"b":{},"_coverageSchema":"332fd63041d2c1bcb487cc26dd0d5f7d97098a6c","hash":"b9d8a4d4e9b1dd14887eea88d3572d2e85b06f19"}
,"/home/devint13/Documents/voter/client/src/actions/auth.js": {"path":"/home/devint13/Documents/voter/client/src/actions/auth.js","statementMap":{"0":{"start":{"line":8,"column":20},"end":{"line":13,"column":1}},"1":{"start":{"line":9,"column":2},"end":{"line":9,"column":42}},"2":{"start":{"line":10,"column":2},"end":{"line":10,"column":22}},"3":{"start":{"line":11,"column":18},"end":{"line":11,"column":35}},"4":{"start":{"line":12,"column":2},"end":{"line":12,"column":36}},"5":{"start":{"line":16,"column":28},"end":{"line":25,"column":1}},"6":{"start":{"line":16,"column":40},"end":{"line":25,"column":1}},"7":{"start":{"line":17,"column":2},"end":{"line":24,"column":7}},"8":{"start":{"line":20,"column":6},"end":{"line":20,"column":28}},"9":{"start":{"line":23,"column":6},"end":{"line":23,"column":45}},"10":{"start":{"line":28,"column":25},"end":{"line":38,"column":1}},"11":{"start":{"line":28,"column":37},"end":{"line":38,"column":1}},"12":{"start":{"line":29,"column":2},"end":{"line":37,"column":7}},"13":{"start":{"line":32,"column":24},"end":{"line":32,"column":32}},"14":{"start":{"line":33,"column":6},"end":{"line":33,"column":35}},"15":{"start":{"line":36,"column":6},"end":{"line":36,"column":45}},"16":{"start":{"line":40,"column":27},"end":{"line":51,"column":1}},"17":{"start":{"line":40,"column":39},"end":{"line":51,"column":1}},"18":{"start":{"line":41,"column":2},"end":{"line":50,"column":7}},"19":{"start":{"line":44,"column":24},"end":{"line":44,"column":32}},"20":{"start":{"line":45,"column":6},"end":{"line":45,"column":35}},"21":{"start":{"line":46,"column":6},"end":{"line":46,"column":35}},"22":{"start":{"line":49,"column":6},"end":{"line":49,"column":45}},"23":{"start":{"line":53,"column":28},"end":{"line":58,"column":1}},"24":{"start":{"line":53,"column":36},"end":{"line":58,"column":1}},"25":{"start":{"line":54,"column":2},"end":{"line":57,"column":5}},"26":{"start":{"line":55,"column":29},"end":{"line":55,"column":37}},"27":{"start":{"line":56,"column":4},"end":{"line":56,"column":40}},"28":{"start":{"line":60,"column":30},"end":{"line":65,"column":1}},"29":{"start":{"line":61,"column":2},"end":{"line":64,"column":4}},"30":{"start":{"line":68,"column":26},"end":{"line":72,"column":1}},"31":{"start":{"line":68,"column":32},"end":{"line":72,"column":1}},"32":{"start":{"line":69,"column":2},"end":{"line":69,"column":38}},"33":{"start":{"line":70,"column":2},"end":{"line":70,"column":22}},"34":{"start":{"line":71,"column":2},"end":{"line":71,"column":31}}},"fnMap":{"0":{"name":"(anonymous_0)","decl":{"start":{"line":8,"column":20},"end":{"line":8,"column":21}},"loc":{"start":{"line":8,"column":41},"end":{"line":13,"column":1}},"line":8},"1":{"name":"(anonymous_1)","decl":{"start":{"line":16,"column":28},"end":{"line":16,"column":29}},"loc":{"start":{"line":16,"column":40},"end":{"line":25,"column":1}},"line":16},"2":{"name":"(anonymous_2)","decl":{"start":{"line":16,"column":40},"end":{"line":16,"column":41}},"loc":{"start":{"line":16,"column":52},"end":{"line":25,"column":1}},"line":16},"3":{"name":"(anonymous_3)","decl":{"start":{"line":19,"column":10},"end":{"line":19,"column":11}},"loc":{"start":{"line":19,"column":17},"end":{"line":21,"column":5}},"line":19},"4":{"name":"(anonymous_4)","decl":{"start":{"line":22,"column":11},"end":{"line":22,"column":12}},"loc":{"start":{"line":22,"column":18},"end":{"line":24,"column":5}},"line":22},"5":{"name":"(anonymous_5)","decl":{"start":{"line":28,"column":25},"end":{"line":28,"column":26}},"loc":{"start":{"line":28,"column":37},"end":{"line":38,"column":1}},"line":28},"6":{"name":"(anonymous_6)","decl":{"start":{"line":28,"column":37},"end":{"line":28,"column":38}},"loc":{"start":{"line":28,"column":49},"end":{"line":38,"column":1}},"line":28},"7":{"name":"(anonymous_7)","decl":{"start":{"line":31,"column":10},"end":{"line":31,"column":11}},"loc":{"start":{"line":31,"column":17},"end":{"line":34,"column":5}},"line":31},"8":{"name":"(anonymous_8)","decl":{"start":{"line":35,"column":11},"end":{"line":35,"column":12}},"loc":{"start":{"line":35,"column":18},"end":{"line":37,"column":5}},"line":35},"9":{"name":"(anonymous_9)","decl":{"start":{"line":40,"column":27},"end":{"line":40,"column":28}},"loc":{"start":{"line":40,"column":39},"end":{"line":51,"column":1}},"line":40},"10":{"name":"(anonymous_10)","decl":{"start":{"line":40,"column":39},"end":{"line":40,"column":40}},"loc":{"start":{"line":40,"column":51},"end":{"line":51,"column":1}},"line":40},"11":{"name":"(anonymous_11)","decl":{"start":{"line":43,"column":10},"end":{"line":43,"column":11}},"loc":{"start":{"line":43,"column":17},"end":{"line":47,"column":5}},"line":43},"12":{"name":"(anonymous_12)","decl":{"start":{"line":48,"column":11},"end":{"line":48,"column":12}},"loc":{"start":{"line":48,"column":18},"end":{"line":50,"column":5}},"line":48},"13":{"name":"(anonymous_13)","decl":{"start":{"line":53,"column":28},"end":{"line":53,"column":29}},"loc":{"start":{"line":53,"column":36},"end":{"line":58,"column":1}},"line":53},"14":{"name":"(anonymous_14)","decl":{"start":{"line":53,"column":36},"end":{"line":53,"column":37}},"loc":{"start":{"line":53,"column":48},"end":{"line":58,"column":1}},"line":53},"15":{"name":"(anonymous_15)","decl":{"start":{"line":54,"column":53},"end":{"line":54,"column":54}},"loc":{"start":{"line":54,"column":60},"end":{"line":57,"column":3}},"line":54},"16":{"name":"(anonymous_16)","decl":{"start":{"line":60,"column":30},"end":{"line":60,"column":31}},"loc":{"start":{"line":60,"column":41},"end":{"line":65,"column":1}},"line":60},"17":{"name":"(anonymous_17)","decl":{"start":{"line":68,"column":26},"end":{"line":68,"column":27}},"loc":{"start":{"line":68,"column":32},"end":{"line":72,"column":1}},"line":68},"18":{"name":"(anonymous_18)","decl":{"start":{"line":68,"column":32},"end":{"line":68,"column":33}},"loc":{"start":{"line":68,"column":44},"end":{"line":72,"column":1}},"line":68}},"branchMap":{},"s":{"0":3,"1":3,"2":3,"3":3,"4":3,"5":3,"6":1,"7":1,"8":1,"9":0,"10":3,"11":1,"12":1,"13":1,"14":1,"15":0,"16":3,"17":1,"18":1,"19":1,"20":1,"21":1,"22":0,"23":3,"24":1,"25":1,"26":1,"27":1,"28":3,"29":5,"30":3,"31":1,"32":1,"33":1,"34":1},"f":{"0":3,"1":1,"2":1,"3":1,"4":0,"5":1,"6":1,"7":1,"8":0,"9":1,"10":1,"11":1,"12":0,"13":1,"14":1,"15":1,"16":5,"17":1,"18":1},"b":{},"_coverageSchema":"332fd63041d2c1bcb487cc26dd0d5f7d97098a6c","hash":"4f8acb596e5c96de1bbea1ab4ce6090c12b7802d"}
,"/home/devint13/Documents/voter/client/src/actions/errors.js": {"path":"/home/devint13/Documents/voter/client/src/actions/errors.js","statementMap":{"0":{"start":{"line":3,"column":25},"end":{"line":8,"column":1}},"1":{"start":{"line":4,"column":2},"end":{"line":7,"column":4}}},"fnMap":{"0":{"name":"(anonymous_0)","decl":{"start":{"line":3,"column":25},"end":{"line":3,"column":26}},"loc":{"start":{"line":3,"column":35},"end":{"line":8,"column":1}},"line":3}},"branchMap":{},"s":{"0":6,"1":2},"f":{"0":2},"b":{},"_coverageSchema":"332fd63041d2c1bcb487cc26dd0d5f7d97098a6c","hash":"247f8f85fb2f51f84ba05429780f3b3ac7c96d1e"}
,"/home/devint13/Documents/voter/client/src/actions/filters.js": {"path":"/home/devint13/Documents/voter/client/src/actions/filters.js","statementMap":{"0":{"start":{"line":3,"column":25},"end":{"line":8,"column":1}},"1":{"start":{"line":4,"column":2},"end":{"line":7,"column":4}}},"fnMap":{"0":{"name":"(anonymous_0)","decl":{"start":{"line":3,"column":25},"end":{"line":3,"column":26}},"loc":{"start":{"line":3,"column":35},"end":{"line":8,"column":1}},"line":3}},"branchMap":{},"s":{"0":1,"1":1},"f":{"0":1},"b":{},"_coverageSchema":"332fd63041d2c1bcb487cc26dd0d5f7d97098a6c","hash":"ac5d78edc3e39fe0d7da7ce6782a5b77b6315430"}
,"/home/devint13/Documents/voter/client/src/actions/polls.js": {"path":"/home/devint13/Documents/voter/client/src/actions/polls.js","statementMap":{"0":{"start":{"line":6,"column":24},"end":{"line":16,"column":1}},"1":{"start":{"line":6,"column":30},"end":{"line":16,"column":1}},"2":{"start":{"line":7,"column":2},"end":{"line":15,"column":36}},"3":{"start":{"line":10,"column":6},"end":{"line":13,"column":9}},"4":{"start":{"line":15,"column":18},"end":{"line":15,"column":34}},"5":{"start":{"line":18,"column":31},"end":{"line":32,"column":1}},"6":{"start":{"line":18,"column":43},"end":{"line":32,"column":1}},"7":{"start":{"line":19,"column":2},"end":{"line":31,"column":7}},"8":{"start":{"line":22,"column":6},"end":{"line":25,"column":9}},"9":{"start":{"line":26,"column":6},"end":{"line":26,"column":30}},"10":{"start":{"line":27,"column":6},"end":{"line":27,"column":22}},"11":{"start":{"line":30,"column":6},"end":{"line":30,"column":45}},"12":{"start":{"line":34,"column":32},"end":{"line":47,"column":1}},"13":{"start":{"line":34,"column":54},"end":{"line":47,"column":1}},"14":{"start":{"line":35,"column":2},"end":{"line":46,"column":7}},"15":{"start":{"line":38,"column":6},"end":{"line":42,"column":9}},"16":{"start":{"line":45,"column":6},"end":{"line":45,"column":45}},"17":{"start":{"line":49,"column":27},"end":{"line":56,"column":1}},"18":{"start":{"line":49,"column":33},"end":{"line":56,"column":1}},"19":{"start":{"line":50,"column":2},"end":{"line":55,"column":36}},"20":{"start":{"line":53,"column":6},"end":{"line":53,"column":22}},"21":{"start":{"line":55,"column":18},"end":{"line":55,"column":34}}},"fnMap":{"0":{"name":"(anonymous_0)","decl":{"start":{"line":6,"column":24},"end":{"line":6,"column":25}},"loc":{"start":{"line":6,"column":30},"end":{"line":16,"column":1}},"line":6},"1":{"name":"(anonymous_1)","decl":{"start":{"line":6,"column":30},"end":{"line":6,"column":31}},"loc":{"start":{"line":6,"column":42},"end":{"line":16,"column":1}},"line":6},"2":{"name":"(anonymous_2)","decl":{"start":{"line":9,"column":10},"end":{"line":9,"column":11}},"loc":{"start":{"line":9,"column":17},"end":{"line":14,"column":5}},"line":9},"3":{"name":"(anonymous_3)","decl":{"start":{"line":15,"column":11},"end":{"line":15,"column":12}},"loc":{"start":{"line":15,"column":18},"end":{"line":15,"column":34}},"line":15},"4":{"name":"(anonymous_4)","decl":{"start":{"line":18,"column":31},"end":{"line":18,"column":32}},"loc":{"start":{"line":18,"column":43},"end":{"line":32,"column":1}},"line":18},"5":{"name":"(anonymous_5)","decl":{"start":{"line":18,"column":43},"end":{"line":18,"column":44}},"loc":{"start":{"line":18,"column":55},"end":{"line":32,"column":1}},"line":18},"6":{"name":"(anonymous_6)","decl":{"start":{"line":21,"column":10},"end":{"line":21,"column":11}},"loc":{"start":{"line":21,"column":17},"end":{"line":28,"column":5}},"line":21},"7":{"name":"(anonymous_7)","decl":{"start":{"line":29,"column":11},"end":{"line":29,"column":12}},"loc":{"start":{"line":29,"column":18},"end":{"line":31,"column":5}},"line":29},"8":{"name":"(anonymous_8)","decl":{"start":{"line":34,"column":32},"end":{"line":34,"column":33}},"loc":{"start":{"line":34,"column":54},"end":{"line":47,"column":1}},"line":34},"9":{"name":"(anonymous_9)","decl":{"start":{"line":34,"column":54},"end":{"line":34,"column":55}},"loc":{"start":{"line":34,"column":66},"end":{"line":47,"column":1}},"line":34},"10":{"name":"(anonymous_10)","decl":{"start":{"line":37,"column":10},"end":{"line":37,"column":11}},"loc":{"start":{"line":37,"column":24},"end":{"line":43,"column":5}},"line":37},"11":{"name":"(anonymous_11)","decl":{"start":{"line":44,"column":11},"end":{"line":44,"column":12}},"loc":{"start":{"line":44,"column":18},"end":{"line":46,"column":5}},"line":44},"12":{"name":"(anonymous_12)","decl":{"start":{"line":49,"column":27},"end":{"line":49,"column":28}},"loc":{"start":{"line":49,"column":33},"end":{"line":56,"column":1}},"line":49},"13":{"name":"(anonymous_13)","decl":{"start":{"line":49,"column":33},"end":{"line":49,"column":34}},"loc":{"start":{"line":49,"column":39},"end":{"line":56,"column":1}},"line":49},"14":{"name":"(anonymous_14)","decl":{"start":{"line":52,"column":10},"end":{"line":52,"column":11}},"loc":{"start":{"line":52,"column":17},"end":{"line":54,"column":5}},"line":52},"15":{"name":"(anonymous_15)","decl":{"start":{"line":55,"column":11},"end":{"line":55,"column":12}},"loc":{"start":{"line":55,"column":18},"end":{"line":55,"column":34}},"line":55}},"branchMap":{},"s":{"0":2,"1":1,"2":1,"3":1,"4":0,"5":2,"6":1,"7":1,"8":1,"9":1,"10":1,"11":0,"12":2,"13":2,"14":2,"15":1,"16":1,"17":2,"18":1,"19":1,"20":1,"21":0},"f":{"0":1,"1":1,"2":1,"3":0,"4":1,"5":1,"6":1,"7":0,"8":2,"9":2,"10":1,"11":1,"12":1,"13":1,"14":1,"15":0},"b":{},"_coverageSchema":"332fd63041d2c1bcb487cc26dd0d5f7d97098a6c","hash":"47f122fb360b13f6a0a19b5a1dcb0338289465c8"}
,"/home/devint13/Documents/voter/client/src/actions/types.js": {"path":"/home/devint13/Documents/voter/client/src/actions/types.js","statementMap":{"0":{"start":{"line":1,"column":25},"end":{"line":1,"column":36}},"1":{"start":{"line":2,"column":31},"end":{"line":2,"column":48}},"2":{"start":{"line":3,"column":21},"end":{"line":3,"column":28}},"3":{"start":{"line":4,"column":22},"end":{"line":4,"column":30}},"4":{"start":{"line":5,"column":26},"end":{"line":5,"column":38}},"5":{"start":{"line":6,"column":32},"end":{"line":6,"column":50}},"6":{"start":{"line":7,"column":24},"end":{"line":7,"column":34}},"7":{"start":{"line":8,"column":25},"end":{"line":8,"column":36}}},"fnMap":{},"branchMap":{},"s":{"0":11,"1":11,"2":11,"3":11,"4":11,"5":11,"6":11,"7":11},"f":{},"b":{},"_coverageSchema":"332fd63041d2c1bcb487cc26dd0d5f7d97098a6c","hash":"b910ab2457375b8d79701628b467a308d2070650"}
,"/home/devint13/Documents/voter/client/src/assets/jss/material-dashboard-react.jsx": {"path":"/home/devint13/Documents/voter/client/src/assets/jss/material-dashboard-react.jsx","statementMap":{"0":{"start":{"line":21,"column":20},"end":{"line":21,"column":23}},"1":{"start":{"line":23,"column":19},"end":{"line":25,"column":1}},"2":{"start":{"line":27,"column":18},"end":{"line":32,"column":1}},"3":{"start":{"line":34,"column":18},"end":{"line":37,"column":1}},"4":{"start":{"line":39,"column":13},"end":{"line":48,"column":1}},"5":{"start":{"line":50,"column":20},"end":{"line":54,"column":1}},"6":{"start":{"line":56,"column":21},"end":{"line":56,"column":30}},"7":{"start":{"line":57,"column":21},"end":{"line":57,"column":30}},"8":{"start":{"line":58,"column":20},"end":{"line":58,"column":29}},"9":{"start":{"line":59,"column":21},"end":{"line":59,"column":30}},"10":{"start":{"line":60,"column":18},"end":{"line":60,"column":27}},"11":{"start":{"line":61,"column":18},"end":{"line":61,"column":27}},"12":{"start":{"line":62,"column":18},"end":{"line":62,"column":27}},"13":{"start":{"line":64,"column":25},"end":{"line":67,"column":1}},"14":{"start":{"line":68,"column":22},"end":{"line":71,"column":1}},"15":{"start":{"line":72,"column":25},"end":{"line":75,"column":1}},"16":{"start":{"line":76,"column":25},"end":{"line":79,"column":1}},"17":{"start":{"line":80,"column":24},"end":{"line":83,"column":1}},"18":{"start":{"line":84,"column":22},"end":{"line":87,"column":1}},"19":{"start":{"line":89,"column":26},"end":{"line":92,"column":1}},"20":{"start":{"line":93,"column":26},"end":{"line":96,"column":1}},"21":{"start":{"line":97,"column":25},"end":{"line":100,"column":1}},"22":{"start":{"line":101,"column":23},"end":{"line":104,"column":1}},"23":{"start":{"line":105,"column":26},"end":{"line":108,"column":1}},"24":{"start":{"line":109,"column":23},"end":{"line":112,"column":1}},"25":{"start":{"line":114,"column":20},"end":{"line":120,"column":1}},"26":{"start":{"line":122,"column":19},"end":{"line":126,"column":1}},"27":{"start":{"line":128,"column":25},"end":{"line":135,"column":1}},"28":{"start":{"line":137,"column":14},"end":{"line":150,"column":1}},"29":{"start":{"line":152,"column":18},"end":{"line":163,"column":1}},"30":{"start":{"line":165,"column":21},"end":{"line":167,"column":1}},"31":{"start":{"line":169,"column":17},"end":{"line":173,"column":1}}},"fnMap":{},"branchMap":{},"s":{"0":3,"1":3,"2":3,"3":3,"4":3,"5":3,"6":3,"7":3,"8":3,"9":3,"10":3,"11":3,"12":3,"13":3,"14":3,"15":3,"16":3,"17":3,"18":3,"19":3,"20":3,"21":3,"22":3,"23":3,"24":3,"25":3,"26":3,"27":3,"28":3,"29":3,"30":3,"31":3},"f":{},"b":{},"_coverageSchema":"332fd63041d2c1bcb487cc26dd0d5f7d97098a6c","hash":"7c68da31c5d33a2f46f87bbfa4d2d9e07bc904cf"}
,"/home/devint13/Documents/voter/client/src/assets/jss/material-dashboard-react/components/buttonStyle.jsx": {"path":"/home/devint13/Documents/voter/client/src/assets/jss/material-dashboard-react/components/buttonStyle.jsx","statementMap":{"0":{"start":{"line":11,"column":20},"end":{"line":253,"column":1}}},"fnMap":{},"branchMap":{},"s":{"0":1},"f":{},"b":{},"_coverageSchema":"332fd63041d2c1bcb487cc26dd0d5f7d97098a6c","hash":"7f8d55ef9efab8709b4805e449feeefde07d4f80"}
,"/home/devint13/Documents/voter/client/src/assets/jss/material-dashboard-react/components/cardBodyStyle.jsx": {"path":"/home/devint13/Documents/voter/client/src/assets/jss/material-dashboard-react/components/cardBodyStyle.jsx","statementMap":{"0":{"start":{"line":1,"column":22},"end":{"line":15,"column":1}}},"fnMap":{},"branchMap":{},"s":{"0":3},"f":{},"b":{},"_coverageSchema":"332fd63041d2c1bcb487cc26dd0d5f7d97098a6c","hash":"db7600ac2e47a71d23416e56446f51221243cf8b"}
,"/home/devint13/Documents/voter/client/src/assets/jss/material-dashboard-react/components/cardHeaderStyle.jsx": {"path":"/home/devint13/Documents/voter/client/src/assets/jss/material-dashboard-react/components/cardHeaderStyle.jsx","statementMap":{"0":{"start":{"line":9,"column":24},"end":{"line":120,"column":1}}},"fnMap":{},"branchMap":{},"s":{"0":3},"f":{},"b":{},"_coverageSchema":"332fd63041d2c1bcb487cc26dd0d5f7d97098a6c","hash":"9f3b2c1592cd8b20e7e29952c81b5ebdeb71a5aa"}
,"/home/devint13/Documents/voter/client/src/assets/jss/material-dashboard-react/components/cardStyle.jsx": {"path":"/home/devint13/Documents/voter/client/src/assets/jss/material-dashboard-react/components/cardStyle.jsx","statementMap":{"0":{"start":{"line":1,"column":18},"end":{"line":32,"column":1}}},"fnMap":{},"branchMap":{},"s":{"0":3},"f":{},"b":{},"_coverageSchema":"332fd63041d2c1bcb487cc26dd0d5f7d97098a6c","hash":"6b9c60aec8997e2675459333c9ab0bf2bf792c64"}
,"/home/devint13/Documents/voter/client/src/assets/jss/material-dashboard-react/views/dashboardStyle.jsx": {"path":"/home/devint13/Documents/voter/client/src/assets/jss/material-dashboard-react/views/dashboardStyle.jsx","statementMap":{"0":{"start":{"line":3,"column":23},"end":{"line":75,"column":1}}},"fnMap":{},"branchMap":{},"s":{"0":3},"f":{},"b":{},"_coverageSchema":"332fd63041d2c1bcb487cc26dd0d5f7d97098a6c","hash":"04c0f5e9ee64e3b87df38203cee69db9c27c99cf"}
,"/home/devint13/Documents/voter/client/src/components/Card/Card.jsx": {"path":"/home/devint13/Documents/voter/client/src/components/Card/Card.jsx","statementMap":{"0":{"start":{"line":22,"column":6},"end":{"line":22,"column":11}},"1":{"start":{"line":23,"column":22},"end":{"line":29,"column":4}},"2":{"start":{"line":30,"column":2},"end":{"line":34,"column":4}},"3":{"start":{"line":37,"column":0},"end":{"line":43,"column":2}}},"fnMap":{"0":{"name":"Card","decl":{"start":{"line":13,"column":9},"end":{"line":13,"column":13}},"loc":{"start":{"line":13,"column":28},"end":{"line":35,"column":1}},"line":13}},"branchMap":{},"s":{"0":0,"1":0,"2":0,"3":3},"f":{"0":0},"b":{},"_coverageSchema":"332fd63041d2c1bcb487cc26dd0d5f7d97098a6c","hash":"90f9922e7d42cb8ecfbbfbb743af1b5db7fcdb52"}
,"/home/devint13/Documents/voter/client/src/components/Card/CardBody.jsx": {"path":"/home/devint13/Documents/voter/client/src/components/Card/CardBody.jsx","statementMap":{"0":{"start":{"line":14,"column":68},"end":{"line":14,"column":73}},"1":{"start":{"line":15,"column":26},"end":{"line":20,"column":4}},"2":{"start":{"line":21,"column":2},"end":{"line":25,"column":4}},"3":{"start":{"line":28,"column":0},"end":{"line":33,"column":2}}},"fnMap":{"0":{"name":"CardBody","decl":{"start":{"line":13,"column":9},"end":{"line":13,"column":17}},"loc":{"start":{"line":13,"column":32},"end":{"line":26,"column":1}},"line":13}},"branchMap":{},"s":{"0":0,"1":0,"2":0,"3":3},"f":{"0":0},"b":{},"_coverageSchema":"332fd63041d2c1bcb487cc26dd0d5f7d97098a6c","hash":"5613610d31b34cec8737ab211a87b035ad9f013a"}
,"/home/devint13/Documents/voter/client/src/components/Card/CardHeader.jsx": {"path":"/home/devint13/Documents/voter/client/src/components/Card/CardHeader.jsx","statementMap":{"0":{"start":{"line":23,"column":6},"end":{"line":23,"column":11}},"1":{"start":{"line":24,"column":28},"end":{"line":31,"column":4}},"2":{"start":{"line":32,"column":2},"end":{"line":36,"column":4}},"3":{"start":{"line":39,"column":0},"end":{"line":53,"column":2}}},"fnMap":{"0":{"name":"CardHeader","decl":{"start":{"line":13,"column":9},"end":{"line":13,"column":19}},"loc":{"start":{"line":13,"column":34},"end":{"line":37,"column":1}},"line":13}},"branchMap":{},"s":{"0":0,"1":0,"2":0,"3":3},"f":{"0":0},"b":{},"_coverageSchema":"332fd63041d2c1bcb487cc26dd0d5f7d97098a6c","hash":"e2545185a87565a6199f41ce4e19eee2b3fa3cb5"}
,"/home/devint13/Documents/voter/client/src/components/CustomButtons/Button.jsx": {"path":"/home/devint13/Documents/voter/client/src/components/CustomButtons/Button.jsx","statementMap":{"0":{"start":{"line":27,"column":6},"end":{"line":27,"column":11}},"1":{"start":{"line":28,"column":21},"end":{"line":39,"column":4}},"2":{"start":{"line":40,"column":2},"end":{"line":44,"column":4}},"3":{"start":{"line":47,"column":0},"end":{"line":69,"column":2}}},"fnMap":{"0":{"name":"RegularButton","decl":{"start":{"line":12,"column":9},"end":{"line":12,"column":22}},"loc":{"start":{"line":12,"column":37},"end":{"line":45,"column":1}},"line":12}},"branchMap":{},"s":{"0":0,"1":0,"2":0,"3":1},"f":{"0":0},"b":{},"_coverageSchema":"332fd63041d2c1bcb487cc26dd0d5f7d97098a6c","hash":"5d02e75d255116295a0229bd8023a738eadbda00"}
,"/home/devint13/Documents/voter/client/src/reducers/auth.js": {"path":"/home/devint13/Documents/voter/client/src/reducers/auth.js","statementMap":{"0":{"start":{"line":4,"column":21},"end":{"line":7,"column":1}},"1":{"start":{"line":10,"column":2},"end":{"line":19,"column":3}},"2":{"start":{"line":12,"column":6},"end":{"line":16,"column":8}},"3":{"start":{"line":18,"column":6},"end":{"line":18,"column":19}}},"fnMap":{"0":{"name":"(anonymous_0)","decl":{"start":{"line":9,"column":15},"end":{"line":9,"column":16}},"loc":{"start":{"line":9,"column":54},"end":{"line":20,"column":1}},"line":9}},"branchMap":{"0":{"loc":{"start":{"line":9,"column":24},"end":{"line":9,"column":44}},"type":"default-arg","locations":[{"start":{"line":9,"column":32},"end":{"line":9,"column":44}}],"line":9},"1":{"loc":{"start":{"line":10,"column":2},"end":{"line":19,"column":3}},"type":"switch","locations":[{"start":{"line":11,"column":4},"end":{"line":16,"column":8}},{"start":{"line":17,"column":4},"end":{"line":18,"column":19}}],"line":10}},"s":{"0":1,"1":2,"2":1,"3":1},"f":{"0":2},"b":{"0":[2],"1":[1,1]},"_coverageSchema":"332fd63041d2c1bcb487cc26dd0d5f7d97098a6c","hash":"9d77ccce6316a04ffcec37a0cc9d4cb9e089d003"}
,"/home/devint13/Documents/voter/client/src/reducers/errors.js": {"path":"/home/devint13/Documents/voter/client/src/reducers/errors.js","statementMap":{"0":{"start":{"line":2,"column":21},"end":{"line":2,"column":23}},"1":{"start":{"line":5,"column":2},"end":{"line":10,"column":3}},"2":{"start":{"line":7,"column":6},"end":{"line":7,"column":28}},"3":{"start":{"line":9,"column":6},"end":{"line":9,"column":19}}},"fnMap":{"0":{"name":"(anonymous_0)","decl":{"start":{"line":4,"column":15},"end":{"line":4,"column":16}},"loc":{"start":{"line":4,"column":54},"end":{"line":11,"column":1}},"line":4}},"branchMap":{"0":{"loc":{"start":{"line":4,"column":24},"end":{"line":4,"column":44}},"type":"default-arg","locations":[{"start":{"line":4,"column":32},"end":{"line":4,"column":44}}],"line":4},"1":{"loc":{"start":{"line":5,"column":2},"end":{"line":10,"column":3}},"type":"switch","locations":[{"start":{"line":6,"column":4},"end":{"line":7,"column":28}},{"start":{"line":8,"column":4},"end":{"line":9,"column":19}}],"line":5}},"s":{"0":1,"1":2,"2":1,"3":1},"f":{"0":2},"b":{"0":[2],"1":[1,1]},"_coverageSchema":"332fd63041d2c1bcb487cc26dd0d5f7d97098a6c","hash":"e9ed7469c2e45dfac4254f2e9d27a7e9f4e1f3c8"}
,"/home/devint13/Documents/voter/client/src/reducers/filters.js": {"path":"/home/devint13/Documents/voter/client/src/reducers/filters.js","statementMap":{"0":{"start":{"line":4,"column":2},"end":{"line":12,"column":3}},"1":{"start":{"line":6,"column":6},"end":{"line":9,"column":8}},"2":{"start":{"line":11,"column":6},"end":{"line":11,"column":19}}},"fnMap":{"0":{"name":"(anonymous_0)","decl":{"start":{"line":3,"column":15},"end":{"line":3,"column":16}},"loc":{"start":{"line":3,"column":52},"end":{"line":13,"column":1}},"line":3}},"branchMap":{"0":{"loc":{"start":{"line":3,"column":16},"end":{"line":3,"column":39}},"type":"default-arg","locations":[{"start":{"line":3,"column":24},"end":{"line":3,"column":39}}],"line":3},"1":{"loc":{"start":{"line":4,"column":2},"end":{"line":12,"column":3}},"type":"switch","locations":[{"start":{"line":5,"column":4},"end":{"line":9,"column":8}},{"start":{"line":10,"column":4},"end":{"line":11,"column":19}}],"line":4}},"s":{"0":2,"1":1,"2":1},"f":{"0":2},"b":{"0":[2],"1":[1,1]},"_coverageSchema":"332fd63041d2c1bcb487cc26dd0d5f7d97098a6c","hash":"69c6d587c7bb95ab2467574ae6468252af0a338a"}
,"/home/devint13/Documents/voter/client/src/reducers/polls.js": {"path":"/home/devint13/Documents/voter/client/src/reducers/polls.js","statementMap":{"0":{"start":{"line":4,"column":2},"end":{"line":20,"column":3}},"1":{"start":{"line":6,"column":6},"end":{"line":6,"column":28}},"2":{"start":{"line":8,"column":6},"end":{"line":8,"column":40}},"3":{"start":{"line":10,"column":6},"end":{"line":17,"column":9}},"4":{"start":{"line":11,"column":8},"end":{"line":16,"column":9}},"5":{"start":{"line":12,"column":10},"end":{"line":15,"column":12}},"6":{"start":{"line":19,"column":6},"end":{"line":19,"column":19}}},"fnMap":{"0":{"name":"(anonymous_0)","decl":{"start":{"line":3,"column":15},"end":{"line":3,"column":16}},"loc":{"start":{"line":3,"column":39},"end":{"line":21,"column":1}},"line":3},"1":{"name":"(anonymous_1)","decl":{"start":{"line":10,"column":23},"end":{"line":10,"column":24}},"loc":{"start":{"line":10,"column":31},"end":{"line":17,"column":7}},"line":10}},"branchMap":{"0":{"loc":{"start":{"line":3,"column":16},"end":{"line":3,"column":26}},"type":"default-arg","locations":[{"start":{"line":3,"column":24},"end":{"line":3,"column":26}}],"line":3},"1":{"loc":{"start":{"line":4,"column":2},"end":{"line":20,"column":3}},"type":"switch","locations":[{"start":{"line":5,"column":4},"end":{"line":6,"column":28}},{"start":{"line":7,"column":4},"end":{"line":8,"column":40}},{"start":{"line":9,"column":4},"end":{"line":17,"column":9}},{"start":{"line":18,"column":4},"end":{"line":19,"column":19}}],"line":4},"2":{"loc":{"start":{"line":11,"column":8},"end":{"line":16,"column":9}},"type":"if","locations":[{"start":{"line":11,"column":8},"end":{"line":16,"column":9}},{"start":{"line":11,"column":8},"end":{"line":16,"column":9}}],"line":11}},"s":{"0":4,"1":1,"2":1,"3":1,"4":6,"5":1,"6":1},"f":{"0":4,"1":6},"b":{"0":[2],"1":[1,1,1,1],"2":[1,5]},"_coverageSchema":"332fd63041d2c1bcb487cc26dd0d5f7d97098a6c","hash":"60e47b178c208b41c984031f7a03192480395b1b"}
,"/home/devint13/Documents/voter/client/src/selectors/pollsSelector.js": {"path":"/home/devint13/Documents/voter/client/src/selectors/pollsSelector.js","statementMap":{"0":{"start":{"line":3,"column":17},"end":{"line":3,"column":37}},"1":{"start":{"line":3,"column":26},"end":{"line":3,"column":37}},"2":{"start":{"line":4,"column":19},"end":{"line":4,"column":41}},"3":{"start":{"line":4,"column":28},"end":{"line":4,"column":41}},"4":{"start":{"line":5,"column":16},"end":{"line":5,"column":40}},"5":{"start":{"line":5,"column":25},"end":{"line":5,"column":40}},"6":{"start":{"line":7,"column":24},"end":{"line":51,"column":1}},"7":{"start":{"line":10,"column":4},"end":{"line":49,"column":5}},"8":{"start":{"line":11,"column":6},"end":{"line":11,"column":19}},"9":{"start":{"line":13,"column":6},"end":{"line":48,"column":7}},"10":{"start":{"line":14,"column":25},"end":{"line":14,"column":27}},"11":{"start":{"line":15,"column":8},"end":{"line":26,"column":11}},"12":{"start":{"line":16,"column":10},"end":{"line":25,"column":11}},"13":{"start":{"line":16,"column":17},"end":{"line":25,"column":11}},"14":{"start":{"line":17,"column":25},"end":{"line":17,"column":40}},"15":{"start":{"line":18,"column":12},"end":{"line":24,"column":13}},"16":{"start":{"line":19,"column":25},"end":{"line":19,"column":40}},"17":{"start":{"line":20,"column":14},"end":{"line":23,"column":15}},"18":{"start":{"line":21,"column":16},"end":{"line":21,"column":38}},"19":{"start":{"line":22,"column":16},"end":{"line":22,"column":28}},"20":{"start":{"line":27,"column":8},"end":{"line":27,"column":26}},"21":{"start":{"line":29,"column":28},"end":{"line":29,"column":30}},"22":{"start":{"line":30,"column":8},"end":{"line":46,"column":11}},"23":{"start":{"line":31,"column":21},"end":{"line":31,"column":26}},"24":{"start":{"line":32,"column":10},"end":{"line":41,"column":11}},"25":{"start":{"line":32,"column":17},"end":{"line":41,"column":11}},"26":{"start":{"line":33,"column":25},"end":{"line":33,"column":40}},"27":{"start":{"line":34,"column":12},"end":{"line":40,"column":13}},"28":{"start":{"line":35,"column":25},"end":{"line":35,"column":40}},"29":{"start":{"line":36,"column":14},"end":{"line":39,"column":15}},"30":{"start":{"line":37,"column":16},"end":{"line":37,"column":28}},"31":{"start":{"line":38,"column":16},"end":{"line":38,"column":28}},"32":{"start":{"line":43,"column":10},"end":{"line":45,"column":11}},"33":{"start":{"line":44,"column":12},"end":{"line":44,"column":37}},"34":{"start":{"line":47,"column":8},"end":{"line":47,"column":29}}},"fnMap":{"0":{"name":"(anonymous_0)","decl":{"start":{"line":3,"column":17},"end":{"line":3,"column":18}},"loc":{"start":{"line":3,"column":26},"end":{"line":3,"column":37}},"line":3},"1":{"name":"(anonymous_1)","decl":{"start":{"line":4,"column":19},"end":{"line":4,"column":20}},"loc":{"start":{"line":4,"column":28},"end":{"line":4,"column":41}},"line":4},"2":{"name":"(anonymous_2)","decl":{"start":{"line":5,"column":16},"end":{"line":5,"column":17}},"loc":{"start":{"line":5,"column":25},"end":{"line":5,"column":40}},"line":5},"3":{"name":"(anonymous_3)","decl":{"start":{"line":9,"column":2},"end":{"line":9,"column":3}},"loc":{"start":{"line":9,"column":28},"end":{"line":50,"column":3}},"line":9},"4":{"name":"(anonymous_4)","decl":{"start":{"line":15,"column":22},"end":{"line":15,"column":23}},"loc":{"start":{"line":15,"column":30},"end":{"line":26,"column":9}},"line":15},"5":{"name":"(anonymous_5)","decl":{"start":{"line":30,"column":22},"end":{"line":30,"column":23}},"loc":{"start":{"line":30,"column":30},"end":{"line":46,"column":9}},"line":30}},"branchMap":{"0":{"loc":{"start":{"line":10,"column":4},"end":{"line":49,"column":5}},"type":"if","locations":[{"start":{"line":10,"column":4},"end":{"line":49,"column":5}},{"start":{"line":10,"column":4},"end":{"line":49,"column":5}}],"line":10},"1":{"loc":{"start":{"line":13,"column":6},"end":{"line":48,"column":7}},"type":"if","locations":[{"start":{"line":13,"column":6},"end":{"line":48,"column":7}},{"start":{"line":13,"column":6},"end":{"line":48,"column":7}}],"line":13},"2":{"loc":{"start":{"line":20,"column":14},"end":{"line":23,"column":15}},"type":"if","locations":[{"start":{"line":20,"column":14},"end":{"line":23,"column":15}},{"start":{"line":20,"column":14},"end":{"line":23,"column":15}}],"line":20},"3":{"loc":{"start":{"line":36,"column":14},"end":{"line":39,"column":15}},"type":"if","locations":[{"start":{"line":36,"column":14},"end":{"line":39,"column":15}},{"start":{"line":36,"column":14},"end":{"line":39,"column":15}}],"line":36},"4":{"loc":{"start":{"line":43,"column":10},"end":{"line":45,"column":11}},"type":"if","locations":[{"start":{"line":43,"column":10},"end":{"line":45,"column":11}},{"start":{"line":43,"column":10},"end":{"line":45,"column":11}}],"line":43}},"s":{"0":1,"1":2,"2":1,"3":2,"4":1,"5":2,"6":1,"7":2,"8":0,"9":2,"10":1,"11":1,"12":6,"13":6,"14":12,"15":12,"16":10,"17":10,"18":4,"19":4,"20":1,"21":1,"22":1,"23":6,"24":6,"25":6,"26":13,"27":13,"28":6,"29":6,"30":2,"31":2,"32":6,"33":4,"34":1},"f":{"0":2,"1":2,"2":2,"3":2,"4":6,"5":6},"b":{"0":[0,2],"1":[1,1],"2":[4,6],"3":[2,4],"4":[4,2]},"_coverageSchema":"332fd63041d2c1bcb487cc26dd0d5f7d97098a6c","hash":"009b0ba9e6d5bfecb3ff50d4d2cde80f5be39391"}
,"/home/devint13/Documents/voter/client/src/utils/is-empty.js": {"path":"/home/devint13/Documents/voter/client/src/utils/is-empty.js","statementMap":{"0":{"start":{"line":1,"column":16},"end":{"line":5,"column":58}},"1":{"start":{"line":2,"column":2},"end":{"line":5,"column":58}},"2":{"start":{"line":7,"column":0},"end":{"line":7,"column":25}}},"fnMap":{"0":{"name":"(anonymous_0)","decl":{"start":{"line":1,"column":16},"end":{"line":1,"column":17}},"loc":{"start":{"line":2,"column":2},"end":{"line":5,"column":58}},"line":2}},"branchMap":{"0":{"loc":{"start":{"line":2,"column":2},"end":{"line":5,"column":58}},"type":"binary-expr","locations":[{"start":{"line":2,"column":2},"end":{"line":2,"column":21}},{"start":{"line":3,"column":2},"end":{"line":3,"column":16}},{"start":{"line":4,"column":3},"end":{"line":4,"column":28}},{"start":{"line":4,"column":32},"end":{"line":4,"column":63}},{"start":{"line":5,"column":3},"end":{"line":5,"column":28}},{"start":{"line":5,"column":32},"end":{"line":5,"column":57}}],"line":2}},"s":{"0":1,"1":1,"2":1},"f":{"0":1},"b":{"0":[1,1,1,1,1,0]},"_coverageSchema":"332fd63041d2c1bcb487cc26dd0d5f7d97098a6c","hash":"fc9713b05405d373ecc1b62d16996d099232dfeb"}
,"/home/devint13/Documents/voter/client/src/utils/setAuthToken.js": {"path":"/home/devint13/Documents/voter/client/src/utils/setAuthToken.js","statementMap":{"0":{"start":{"line":3,"column":21},"end":{"line":9,"column":1}},"1":{"start":{"line":4,"column":2},"end":{"line":8,"column":3}},"2":{"start":{"line":5,"column":4},"end":{"line":5,"column":59}},"3":{"start":{"line":7,"column":4},"end":{"line":7,"column":58}}},"fnMap":{"0":{"name":"(anonymous_0)","decl":{"start":{"line":3,"column":21},"end":{"line":3,"column":22}},"loc":{"start":{"line":3,"column":30},"end":{"line":9,"column":1}},"line":3}},"branchMap":{"0":{"loc":{"start":{"line":4,"column":2},"end":{"line":8,"column":3}},"type":"if","locations":[{"start":{"line":4,"column":2},"end":{"line":8,"column":3}},{"start":{"line":4,"column":2},"end":{"line":8,"column":3}}],"line":4}},"s":{"0":3,"1":4,"2":3,"3":1},"f":{"0":4},"b":{"0":[3,1]},"_coverageSchema":"332fd63041d2c1bcb487cc26dd0d5f7d97098a6c","hash":"22cccd7527fca100b7659b3504aae7ef65133256"}
,"/home/devint13/Documents/voter/client/src/views/CreateNewPoll/EditModal.js": {"path":"/home/devint13/Documents/voter/client/src/views/CreateNewPoll/EditModal.js","statementMap":{"0":{"start":{"line":24,"column":4},"end":{"line":24,"column":16}},"1":{"start":{"line":25,"column":4},"end":{"line":31,"column":7}},"2":{"start":{"line":26,"column":19},"end":{"line":26,"column":42}},"3":{"start":{"line":27,"column":6},"end":{"line":27,"column":37}},"4":{"start":{"line":28,"column":6},"end":{"line":30,"column":8}},"5":{"start":{"line":35,"column":4},"end":{"line":37,"column":5}},"6":{"start":{"line":36,"column":6},"end":{"line":36,"column":24}},"7":{"start":{"line":41,"column":4},"end":{"line":45,"column":5}},"8":{"start":{"line":42,"column":6},"end":{"line":42,"column":47}},"9":{"start":{"line":44,"column":6},"end":{"line":44,"column":47}},"10":{"start":{"line":49,"column":24},"end":{"line":49,"column":34}},"11":{"start":{"line":50,"column":23},"end":{"line":59,"column":5}},"12":{"start":{"line":61,"column":4},"end":{"line":110,"column":6}},"13":{"start":{"line":114,"column":0},"end":{"line":121,"column":2}}},"fnMap":{"0":{"name":"(anonymous_0)","decl":{"start":{"line":23,"column":18},"end":{"line":23,"column":19}},"loc":{"start":{"line":23,"column":23},"end":{"line":32,"column":3}},"line":23},"1":{"name":"(anonymous_1)","decl":{"start":{"line":25,"column":18},"end":{"line":25,"column":19}},"loc":{"start":{"line":25,"column":31},"end":{"line":31,"column":5}},"line":25},"2":{"name":"(anonymous_2)","decl":{"start":{"line":34,"column":20},"end":{"line":34,"column":21}},"loc":{"start":{"line":34,"column":25},"end":{"line":38,"column":3}},"line":34},"3":{"name":"(anonymous_3)","decl":{"start":{"line":40,"column":15},"end":{"line":40,"column":16}},"loc":{"start":{"line":40,"column":21},"end":{"line":46,"column":3}},"line":40},"4":{"name":"(anonymous_4)","decl":{"start":{"line":48,"column":2},"end":{"line":48,"column":3}},"loc":{"start":{"line":48,"column":11},"end":{"line":111,"column":3}},"line":48}},"branchMap":{"0":{"loc":{"start":{"line":35,"column":4},"end":{"line":37,"column":5}},"type":"if","locations":[{"start":{"line":35,"column":4},"end":{"line":37,"column":5}},{"start":{"line":35,"column":4},"end":{"line":37,"column":5}}],"line":35},"1":{"loc":{"start":{"line":41,"column":4},"end":{"line":45,"column":5}},"type":"if","locations":[{"start":{"line":41,"column":4},"end":{"line":45,"column":5}},{"start":{"line":41,"column":4},"end":{"line":45,"column":5}}],"line":41},"2":{"loc":{"start":{"line":105,"column":15},"end":{"line":105,"column":54}},"type":"cond-expr","locations":[{"start":{"line":105,"column":39},"end":{"line":105,"column":45}},{"start":{"line":105,"column":48},"end":{"line":105,"column":54}}],"line":105}},"s":{"0":0,"1":0,"2":0,"3":0,"4":0,"5":0,"6":0,"7":0,"8":0,"9":0,"10":0,"11":0,"12":0,"13":1},"f":{"0":0,"1":0,"2":0,"3":0,"4":0},"b":{"0":[0,0],"1":[0,0],"2":[0,0]},"_coverageSchema":"332fd63041d2c1bcb487cc26dd0d5f7d97098a6c","hash":"68e460b1dbaa8d8e407c25ab2f4d822f68e37126"}
,"/home/devint13/Documents/voter/client/src/views/CreateNewPoll/index.js": {"path":"/home/devint13/Documents/voter/client/src/views/CreateNewPoll/index.js","statementMap":{"0":{"start":{"line":39,"column":18},"end":{"line":39,"column":32}},"1":{"start":{"line":40,"column":17},"end":{"line":40,"column":30}},"2":{"start":{"line":41,"column":4},"end":{"line":58,"column":6}},"3":{"start":{"line":43,"column":8},"end":{"line":53,"column":9}},"4":{"start":{"line":44,"column":10},"end":{"line":47,"column":12}},"5":{"start":{"line":48,"column":15},"end":{"line":53,"column":9}},"6":{"start":{"line":50,"column":10},"end":{"line":52,"column":12}},"7":{"start":{"line":56,"column":8},"end":{"line":56,"column":55}},"8":{"start":{"line":62,"column":4},"end":{"line":85,"column":5}},"9":{"start":{"line":63,"column":6},"end":{"line":71,"column":11}},"10":{"start":{"line":68,"column":10},"end":{"line":70,"column":11}},"11":{"start":{"line":69,"column":12},"end":{"line":69,"column":70}},"12":{"start":{"line":73,"column":6},"end":{"line":84,"column":7}},"13":{"start":{"line":74,"column":8},"end":{"line":83,"column":13}},"14":{"start":{"line":80,"column":12},"end":{"line":82,"column":15}},"15":{"start":{"line":89,"column":21},"end":{"line":92,"column":5}},"16":{"start":{"line":93,"column":4},"end":{"line":95,"column":7}},"17":{"start":{"line":94,"column":6},"end":{"line":94,"column":39}},"18":{"start":{"line":99,"column":4},"end":{"line":111,"column":6}},"19":{"start":{"line":101,"column":22},"end":{"line":101,"column":66}},"20":{"start":{"line":101,"column":53},"end":{"line":101,"column":64}},"21":{"start":{"line":102,"column":8},"end":{"line":102,"column":59}},"22":{"start":{"line":104,"column":8},"end":{"line":106,"column":10}},"23":{"start":{"line":109,"column":8},"end":{"line":109,"column":47}},"24":{"start":{"line":115,"column":21},"end":{"line":117,"column":5}},"25":{"start":{"line":118,"column":4},"end":{"line":120,"column":7}},"26":{"start":{"line":119,"column":6},"end":{"line":119,"column":39}},"27":{"start":{"line":124,"column":4},"end":{"line":124,"column":66}},"28":{"start":{"line":128,"column":4},"end":{"line":128,"column":37}},"29":{"start":{"line":132,"column":28},"end":{"line":148,"column":5}},"30":{"start":{"line":133,"column":6},"end":{"line":147,"column":8}},"31":{"start":{"line":135,"column":24},"end":{"line":135,"column":49}},"32":{"start":{"line":136,"column":10},"end":{"line":136,"column":62}},"33":{"start":{"line":137,"column":10},"end":{"line":139,"column":12}},"34":{"start":{"line":142,"column":10},"end":{"line":144,"column":11}},"35":{"start":{"line":143,"column":12},"end":{"line":143,"column":63}},"36":{"start":{"line":145,"column":10},"end":{"line":145,"column":51}},"37":{"start":{"line":149,"column":4},"end":{"line":160,"column":5}},"38":{"start":{"line":150,"column":6},"end":{"line":157,"column":11}},"39":{"start":{"line":156,"column":10},"end":{"line":156,"column":28}},"40":{"start":{"line":159,"column":6},"end":{"line":159,"column":24}},"41":{"start":{"line":164,"column":4},"end":{"line":172,"column":7}},"42":{"start":{"line":165,"column":21},"end":{"line":168,"column":7}},"43":{"start":{"line":169,"column":6},"end":{"line":171,"column":8}},"44":{"start":{"line":176,"column":4},"end":{"line":184,"column":24}},"45":{"start":{"line":177,"column":24},"end":{"line":177,"column":46}},"46":{"start":{"line":178,"column":20},"end":{"line":178,"column":45}},"47":{"start":{"line":179,"column":25},"end":{"line":179,"column":47}},"48":{"start":{"line":180,"column":6},"end":{"line":180,"column":52}},"49":{"start":{"line":181,"column":6},"end":{"line":183,"column":8}},"50":{"start":{"line":188,"column":20},"end":{"line":188,"column":61}},"51":{"start":{"line":188,"column":50},"end":{"line":188,"column":59}},"52":{"start":{"line":189,"column":4},"end":{"line":195,"column":5}},"53":{"start":{"line":190,"column":17},"end":{"line":190,"column":27}},"54":{"start":{"line":191,"column":6},"end":{"line":193,"column":7}},"55":{"start":{"line":192,"column":8},"end":{"line":192,"column":54}},"56":{"start":{"line":194,"column":6},"end":{"line":194,"column":21}},"57":{"start":{"line":196,"column":4},"end":{"line":196,"column":31}},"58":{"start":{"line":200,"column":4},"end":{"line":208,"column":24}},"59":{"start":{"line":201,"column":20},"end":{"line":201,"column":45}},"60":{"start":{"line":202,"column":25},"end":{"line":202,"column":47}},"61":{"start":{"line":203,"column":22},"end":{"line":203,"column":44}},"62":{"start":{"line":204,"column":6},"end":{"line":204,"column":52}},"63":{"start":{"line":205,"column":6},"end":{"line":207,"column":8}},"64":{"start":{"line":212,"column":4},"end":{"line":214,"column":5}},"65":{"start":{"line":213,"column":6},"end":{"line":213,"column":33}},"66":{"start":{"line":218,"column":4},"end":{"line":218,"column":71}},"67":{"start":{"line":222,"column":4},"end":{"line":222,"column":25}},"68":{"start":{"line":226,"column":24},"end":{"line":226,"column":34}},"69":{"start":{"line":227,"column":23},"end":{"line":235,"column":5}},"70":{"start":{"line":237,"column":4},"end":{"line":393,"column":6}},"71":{"start":{"line":280,"column":18},"end":{"line":336,"column":29}},"72":{"start":{"line":292,"column":37},"end":{"line":292,"column":79}},"73":{"start":{"line":309,"column":39},"end":{"line":309,"column":59}},"74":{"start":{"line":319,"column":39},"end":{"line":319,"column":61}},"75":{"start":{"line":330,"column":26},"end":{"line":330,"column":70}},"76":{"start":{"line":353,"column":25},"end":{"line":353,"column":65}},"77":{"start":{"line":374,"column":31},"end":{"line":374,"column":71}},"78":{"start":{"line":388,"column":29},"end":{"line":388,"column":67}},"79":{"start":{"line":397,"column":0},"end":{"line":405,"column":2}},"80":{"start":{"line":407,"column":24},"end":{"line":409,"column":2}},"81":{"start":{"line":407,"column":34},"end":{"line":409,"column":1}}},"fnMap":{"0":{"name":"(anonymous_0)","decl":{"start":{"line":38,"column":18},"end":{"line":38,"column":19}},"loc":{"start":{"line":38,"column":23},"end":{"line":59,"column":3}},"line":38},"1":{"name":"(anonymous_1)","decl":{"start":{"line":42,"column":6},"end":{"line":42,"column":7}},"loc":{"start":{"line":42,"column":19},"end":{"line":54,"column":7}},"line":42},"2":{"name":"(anonymous_2)","decl":{"start":{"line":55,"column":6},"end":{"line":55,"column":7}},"loc":{"start":{"line":55,"column":12},"end":{"line":57,"column":7}},"line":55},"3":{"name":"(anonymous_3)","decl":{"start":{"line":61,"column":24},"end":{"line":61,"column":25}},"loc":{"start":{"line":61,"column":30},"end":{"line":86,"column":3}},"line":61},"4":{"name":"(anonymous_4)","decl":{"start":{"line":67,"column":14},"end":{"line":67,"column":15}},"loc":{"start":{"line":67,"column":22},"end":{"line":71,"column":9}},"line":67},"5":{"name":"(anonymous_5)","decl":{"start":{"line":79,"column":16},"end":{"line":79,"column":17}},"loc":{"start":{"line":79,"column":23},"end":{"line":83,"column":11}},"line":79},"6":{"name":"(anonymous_6)","decl":{"start":{"line":88,"column":20},"end":{"line":88,"column":21}},"loc":{"start":{"line":88,"column":30},"end":{"line":96,"column":3}},"line":88},"7":{"name":"(anonymous_7)","decl":{"start":{"line":93,"column":55},"end":{"line":93,"column":56}},"loc":{"start":{"line":93,"column":70},"end":{"line":95,"column":5}},"line":93},"8":{"name":"(anonymous_8)","decl":{"start":{"line":98,"column":19},"end":{"line":98,"column":20}},"loc":{"start":{"line":98,"column":29},"end":{"line":112,"column":3}},"line":98},"9":{"name":"(anonymous_9)","decl":{"start":{"line":100,"column":6},"end":{"line":100,"column":7}},"loc":{"start":{"line":100,"column":19},"end":{"line":107,"column":7}},"line":100},"10":{"name":"(anonymous_10)","decl":{"start":{"line":101,"column":44},"end":{"line":101,"column":45}},"loc":{"start":{"line":101,"column":53},"end":{"line":101,"column":64}},"line":101},"11":{"name":"(anonymous_11)","decl":{"start":{"line":108,"column":6},"end":{"line":108,"column":7}},"loc":{"start":{"line":108,"column":12},"end":{"line":110,"column":7}},"line":108},"12":{"name":"(anonymous_12)","decl":{"start":{"line":114,"column":20},"end":{"line":114,"column":21}},"loc":{"start":{"line":114,"column":30},"end":{"line":121,"column":3}},"line":114},"13":{"name":"(anonymous_13)","decl":{"start":{"line":118,"column":53},"end":{"line":118,"column":54}},"loc":{"start":{"line":118,"column":68},"end":{"line":120,"column":5}},"line":118},"14":{"name":"(anonymous_14)","decl":{"start":{"line":123,"column":20},"end":{"line":123,"column":21}},"loc":{"start":{"line":123,"column":36},"end":{"line":125,"column":3}},"line":123},"15":{"name":"(anonymous_15)","decl":{"start":{"line":127,"column":21},"end":{"line":127,"column":22}},"loc":{"start":{"line":127,"column":29},"end":{"line":129,"column":3}},"line":127},"16":{"name":"(anonymous_16)","decl":{"start":{"line":131,"column":17},"end":{"line":131,"column":18}},"loc":{"start":{"line":131,"column":23},"end":{"line":161,"column":3}},"line":131},"17":{"name":"(anonymous_17)","decl":{"start":{"line":132,"column":28},"end":{"line":132,"column":29}},"loc":{"start":{"line":132,"column":34},"end":{"line":148,"column":5}},"line":132},"18":{"name":"(anonymous_18)","decl":{"start":{"line":134,"column":8},"end":{"line":134,"column":9}},"loc":{"start":{"line":134,"column":21},"end":{"line":140,"column":9}},"line":134},"19":{"name":"(anonymous_19)","decl":{"start":{"line":141,"column":8},"end":{"line":141,"column":9}},"loc":{"start":{"line":141,"column":14},"end":{"line":146,"column":9}},"line":141},"20":{"name":"(anonymous_20)","decl":{"start":{"line":155,"column":14},"end":{"line":155,"column":15}},"loc":{"start":{"line":155,"column":20},"end":{"line":157,"column":9}},"line":155},"21":{"name":"(anonymous_21)","decl":{"start":{"line":163,"column":14},"end":{"line":163,"column":15}},"loc":{"start":{"line":163,"column":20},"end":{"line":173,"column":3}},"line":163},"22":{"name":"(anonymous_22)","decl":{"start":{"line":164,"column":18},"end":{"line":164,"column":19}},"loc":{"start":{"line":164,"column":31},"end":{"line":172,"column":5}},"line":164},"23":{"name":"(anonymous_23)","decl":{"start":{"line":175,"column":15},"end":{"line":175,"column":16}},"loc":{"start":{"line":175,"column":22},"end":{"line":185,"column":3}},"line":175},"24":{"name":"(anonymous_24)","decl":{"start":{"line":176,"column":18},"end":{"line":176,"column":19}},"loc":{"start":{"line":176,"column":31},"end":{"line":184,"column":5}},"line":176},"25":{"name":"(anonymous_25)","decl":{"start":{"line":187,"column":15},"end":{"line":187,"column":16}},"loc":{"start":{"line":187,"column":29},"end":{"line":197,"column":3}},"line":187},"26":{"name":"(anonymous_26)","decl":{"start":{"line":188,"column":43},"end":{"line":188,"column":44}},"loc":{"start":{"line":188,"column":50},"end":{"line":188,"column":59}},"line":188},"27":{"name":"(anonymous_27)","decl":{"start":{"line":199,"column":17},"end":{"line":199,"column":18}},"loc":{"start":{"line":199,"column":24},"end":{"line":209,"column":3}},"line":199},"28":{"name":"(anonymous_28)","decl":{"start":{"line":200,"column":18},"end":{"line":200,"column":19}},"loc":{"start":{"line":200,"column":31},"end":{"line":208,"column":5}},"line":200},"29":{"name":"(anonymous_29)","decl":{"start":{"line":211,"column":23},"end":{"line":211,"column":24}},"loc":{"start":{"line":211,"column":28},"end":{"line":215,"column":3}},"line":211},"30":{"name":"(anonymous_30)","decl":{"start":{"line":217,"column":13},"end":{"line":217,"column":14}},"loc":{"start":{"line":217,"column":18},"end":{"line":219,"column":3}},"line":217},"31":{"name":"(anonymous_31)","decl":{"start":{"line":221,"column":29},"end":{"line":221,"column":30}},"loc":{"start":{"line":221,"column":51},"end":{"line":223,"column":3}},"line":221},"32":{"name":"(anonymous_32)","decl":{"start":{"line":225,"column":2},"end":{"line":225,"column":3}},"loc":{"start":{"line":225,"column":11},"end":{"line":394,"column":3}},"line":225},"33":{"name":"(anonymous_33)","decl":{"start":{"line":279,"column":40},"end":{"line":279,"column":41}},"loc":{"start":{"line":280,"column":18},"end":{"line":336,"column":29}},"line":280},"34":{"name":"(anonymous_34)","decl":{"start":{"line":292,"column":31},"end":{"line":292,"column":32}},"loc":{"start":{"line":292,"column":37},"end":{"line":292,"column":79}},"line":292},"35":{"name":"(anonymous_35)","decl":{"start":{"line":309,"column":33},"end":{"line":309,"column":34}},"loc":{"start":{"line":309,"column":39},"end":{"line":309,"column":59}},"line":309},"36":{"name":"(anonymous_36)","decl":{"start":{"line":319,"column":33},"end":{"line":319,"column":34}},"loc":{"start":{"line":319,"column":39},"end":{"line":319,"column":61}},"line":319},"37":{"name":"(anonymous_37)","decl":{"start":{"line":329,"column":33},"end":{"line":329,"column":34}},"loc":{"start":{"line":330,"column":26},"end":{"line":330,"column":70}},"line":330},"38":{"name":"(anonymous_38)","decl":{"start":{"line":353,"column":19},"end":{"line":353,"column":20}},"loc":{"start":{"line":353,"column":25},"end":{"line":353,"column":65}},"line":353},"39":{"name":"(anonymous_39)","decl":{"start":{"line":374,"column":25},"end":{"line":374,"column":26}},"loc":{"start":{"line":374,"column":31},"end":{"line":374,"column":71}},"line":374},"40":{"name":"(anonymous_40)","decl":{"start":{"line":388,"column":23},"end":{"line":388,"column":24}},"loc":{"start":{"line":388,"column":29},"end":{"line":388,"column":67}},"line":388},"41":{"name":"(anonymous_41)","decl":{"start":{"line":407,"column":24},"end":{"line":407,"column":25}},"loc":{"start":{"line":407,"column":34},"end":{"line":409,"column":1}},"line":407}},"branchMap":{"0":{"loc":{"start":{"line":43,"column":8},"end":{"line":53,"column":9}},"type":"if","locations":[{"start":{"line":43,"column":8},"end":{"line":53,"column":9}},{"start":{"line":43,"column":8},"end":{"line":53,"column":9}}],"line":43},"1":{"loc":{"start":{"line":48,"column":15},"end":{"line":53,"column":9}},"type":"if","locations":[{"start":{"line":48,"column":15},"end":{"line":53,"column":9}},{"start":{"line":48,"column":15},"end":{"line":53,"column":9}}],"line":48},"2":{"loc":{"start":{"line":62,"column":4},"end":{"line":85,"column":5}},"type":"if","locations":[{"start":{"line":62,"column":4},"end":{"line":85,"column":5}},{"start":{"line":62,"column":4},"end":{"line":85,"column":5}}],"line":62},"3":{"loc":{"start":{"line":68,"column":10},"end":{"line":70,"column":11}},"type":"if","locations":[{"start":{"line":68,"column":10},"end":{"line":70,"column":11}},{"start":{"line":68,"column":10},"end":{"line":70,"column":11}}],"line":68},"4":{"loc":{"start":{"line":73,"column":6},"end":{"line":84,"column":7}},"type":"if","locations":[{"start":{"line":73,"column":6},"end":{"line":84,"column":7}},{"start":{"line":73,"column":6},"end":{"line":84,"column":7}}],"line":73},"5":{"loc":{"start":{"line":142,"column":10},"end":{"line":144,"column":11}},"type":"if","locations":[{"start":{"line":142,"column":10},"end":{"line":144,"column":11}},{"start":{"line":142,"column":10},"end":{"line":144,"column":11}}],"line":142},"6":{"loc":{"start":{"line":149,"column":4},"end":{"line":160,"column":5}},"type":"if","locations":[{"start":{"line":149,"column":4},"end":{"line":160,"column":5}},{"start":{"line":149,"column":4},"end":{"line":160,"column":5}}],"line":149},"7":{"loc":{"start":{"line":187,"column":16},"end":{"line":187,"column":24}},"type":"default-arg","locations":[{"start":{"line":187,"column":23},"end":{"line":187,"column":24}}],"line":187},"8":{"loc":{"start":{"line":191,"column":6},"end":{"line":193,"column":7}},"type":"if","locations":[{"start":{"line":191,"column":6},"end":{"line":193,"column":7}},{"start":{"line":191,"column":6},"end":{"line":193,"column":7}}],"line":191},"9":{"loc":{"start":{"line":212,"column":4},"end":{"line":214,"column":5}},"type":"if","locations":[{"start":{"line":212,"column":4},"end":{"line":214,"column":5}},{"start":{"line":212,"column":4},"end":{"line":214,"column":5}}],"line":212},"10":{"loc":{"start":{"line":274,"column":13},"end":{"line":276,"column":13}},"type":"binary-expr","locations":[{"start":{"line":274,"column":13},"end":{"line":274,"column":39}},{"start":{"line":275,"column":14},"end":{"line":275,"column":77}}],"line":274},"11":{"loc":{"start":{"line":294,"column":23},"end":{"line":300,"column":23}},"type":"cond-expr","locations":[{"start":{"line":295,"column":24},"end":{"line":295,"column":37}},{"start":{"line":297,"column":24},"end":{"line":299,"column":31}}],"line":294}},"s":{"0":5,"1":5,"2":5,"3":5,"4":3,"5":2,"6":1,"7":5,"8":5,"9":5,"10":5,"11":5,"12":0,"13":0,"14":0,"15":1,"16":1,"17":1,"18":1,"19":1,"20":0,"21":1,"22":1,"23":1,"24":0,"25":0,"26":0,"27":0,"28":1,"29":0,"30":0,"31":0,"32":0,"33":0,"34":0,"35":0,"36":0,"37":0,"38":0,"39":0,"40":0,"41":0,"42":0,"43":0,"44":0,"45":0,"46":0,"47":0,"48":0,"49":0,"50":0,"51":0,"52":0,"53":0,"54":0,"55":0,"56":0,"57":0,"58":0,"59":0,"60":0,"61":0,"62":0,"63":0,"64":0,"65":0,"66":0,"67":5,"68":21,"69":21,"70":21,"71":2,"72":0,"73":0,"74":0,"75":0,"76":0,"77":0,"78":0,"79":1,"80":1,"81":0},"f":{"0":5,"1":5,"2":5,"3":5,"4":5,"5":0,"6":1,"7":1,"8":1,"9":1,"10":0,"11":1,"12":0,"13":0,"14":0,"15":1,"16":0,"17":0,"18":0,"19":0,"20":0,"21":0,"22":0,"23":0,"24":0,"25":0,"26":0,"27":0,"28":0,"29":0,"30":0,"31":5,"32":21,"33":2,"34":0,"35":0,"36":0,"37":0,"38":0,"39":0,"40":0,"41":0},"b":{"0":[3,2],"1":[1,1],"2":[5,0],"3":[5,0],"4":[0,0],"5":[0,0],"6":[0,0],"7":[0],"8":[0,0],"9":[0,0],"10":[21,0],"11":[2,0]},"_coverageSchema":"332fd63041d2c1bcb487cc26dd0d5f7d97098a6c","hash":"94bdc887d72b159eb4f621fce8d3df1daabb9d47"}
,"/home/devint13/Documents/voter/client/src/views/SignIn/index.js": {"path":"/home/devint13/Documents/voter/client/src/views/SignIn/index.js","statementMap":{"0":{"start":{"line":20,"column":4},"end":{"line":20,"column":17}},"1":{"start":{"line":21,"column":4},"end":{"line":24,"column":6}},"2":{"start":{"line":28,"column":4},"end":{"line":28,"column":29}},"3":{"start":{"line":32,"column":4},"end":{"line":34,"column":7}},"4":{"start":{"line":38,"column":4},"end":{"line":38,"column":23}},"5":{"start":{"line":39,"column":4},"end":{"line":39,"column":37}},"6":{"start":{"line":43,"column":24},"end":{"line":43,"column":34}},"7":{"start":{"line":44,"column":4},"end":{"line":131,"column":6}},"8":{"start":{"line":134,"column":0},"end":{"line":138,"column":2}},"9":{"start":{"line":140,"column":24},"end":{"line":142,"column":2}},"10":{"start":{"line":140,"column":34},"end":{"line":142,"column":1}},"11":{"start":{"line":146,"column":36},"end":{"line":146,"column":75}},"12":{"start":{"line":146,"column":48},"end":{"line":146,"column":75}}},"fnMap":{"0":{"name":"(anonymous_0)","decl":{"start":{"line":19,"column":2},"end":{"line":19,"column":3}},"loc":{"start":{"line":19,"column":21},"end":{"line":25,"column":3}},"line":19},"1":{"name":"(anonymous_1)","decl":{"start":{"line":27,"column":2},"end":{"line":27,"column":3}},"loc":{"start":{"line":27,"column":22},"end":{"line":29,"column":3}},"line":27},"2":{"name":"(anonymous_2)","decl":{"start":{"line":31,"column":18},"end":{"line":31,"column":19}},"loc":{"start":{"line":31,"column":23},"end":{"line":35,"column":3}},"line":31},"3":{"name":"(anonymous_3)","decl":{"start":{"line":37,"column":13},"end":{"line":37,"column":14}},"loc":{"start":{"line":37,"column":18},"end":{"line":40,"column":3}},"line":37},"4":{"name":"(anonymous_4)","decl":{"start":{"line":42,"column":2},"end":{"line":42,"column":3}},"loc":{"start":{"line":42,"column":11},"end":{"line":132,"column":3}},"line":42},"5":{"name":"(anonymous_5)","decl":{"start":{"line":140,"column":24},"end":{"line":140,"column":25}},"loc":{"start":{"line":140,"column":34},"end":{"line":142,"column":1}},"line":140},"6":{"name":"(anonymous_6)","decl":{"start":{"line":146,"column":26},"end":{"line":146,"column":27}},"loc":{"start":{"line":146,"column":36},"end":{"line":146,"column":75}},"line":146},"7":{"name":"(anonymous_7)","decl":{"start":{"line":146,"column":36},"end":{"line":146,"column":37}},"loc":{"start":{"line":146,"column":48},"end":{"line":146,"column":75}},"line":146}},"branchMap":{"0":{"loc":{"start":{"line":86,"column":17},"end":{"line":88,"column":17}},"type":"binary-expr","locations":[{"start":{"line":86,"column":17},"end":{"line":86,"column":40}},{"start":{"line":87,"column":18},"end":{"line":87,"column":78}}],"line":86},"1":{"loc":{"start":{"line":100,"column":17},"end":{"line":104,"column":17}},"type":"binary-expr","locations":[{"start":{"line":100,"column":17},"end":{"line":100,"column":43}},{"start":{"line":101,"column":18},"end":{"line":103,"column":24}}],"line":100},"2":{"loc":{"start":{"line":105,"column":17},"end":{"line":109,"column":17}},"type":"binary-expr","locations":[{"start":{"line":105,"column":17},"end":{"line":105,"column":44}},{"start":{"line":106,"column":18},"end":{"line":108,"column":24}}],"line":105}},"s":{"0":3,"1":3,"2":3,"3":2,"4":1,"5":1,"6":6,"7":6,"8":1,"9":1,"10":0,"11":0,"12":0},"f":{"0":3,"1":3,"2":2,"3":1,"4":6,"5":0,"6":0,"7":0},"b":{"0":[6,0],"1":[6,0],"2":[6,0]},"_coverageSchema":"332fd63041d2c1bcb487cc26dd0d5f7d97098a6c","hash":"bcb809dc420037465b355e8169722c4d9065d337"}
,"/home/devint13/Documents/voter/client/src/views/SignUp/index.js": {"path":"/home/devint13/Documents/voter/client/src/views/SignUp/index.js","statementMap":{"0":{"start":{"line":20,"column":4},"end":{"line":20,"column":17}},"1":{"start":{"line":21,"column":4},"end":{"line":25,"column":6}},"2":{"start":{"line":29,"column":4},"end":{"line":29,"column":29}},"3":{"start":{"line":33,"column":4},"end":{"line":35,"column":7}},"4":{"start":{"line":39,"column":4},"end":{"line":39,"column":23}},"5":{"start":{"line":40,"column":4},"end":{"line":44,"column":7}},"6":{"start":{"line":48,"column":24},"end":{"line":48,"column":34}},"7":{"start":{"line":49,"column":4},"end":{"line":148,"column":6}},"8":{"start":{"line":151,"column":0},"end":{"line":156,"column":2}},"9":{"start":{"line":158,"column":24},"end":{"line":160,"column":2}},"10":{"start":{"line":158,"column":34},"end":{"line":160,"column":1}},"11":{"start":{"line":166,"column":25},"end":{"line":166,"column":64}},"12":{"start":{"line":166,"column":37},"end":{"line":166,"column":64}}},"fnMap":{"0":{"name":"(anonymous_0)","decl":{"start":{"line":19,"column":2},"end":{"line":19,"column":3}},"loc":{"start":{"line":19,"column":21},"end":{"line":26,"column":3}},"line":19},"1":{"name":"(anonymous_1)","decl":{"start":{"line":28,"column":2},"end":{"line":28,"column":3}},"loc":{"start":{"line":28,"column":22},"end":{"line":30,"column":3}},"line":28},"2":{"name":"(anonymous_2)","decl":{"start":{"line":32,"column":18},"end":{"line":32,"column":19}},"loc":{"start":{"line":32,"column":23},"end":{"line":36,"column":3}},"line":32},"3":{"name":"(anonymous_3)","decl":{"start":{"line":38,"column":13},"end":{"line":38,"column":14}},"loc":{"start":{"line":38,"column":18},"end":{"line":45,"column":3}},"line":38},"4":{"name":"(anonymous_4)","decl":{"start":{"line":47,"column":2},"end":{"line":47,"column":3}},"loc":{"start":{"line":47,"column":11},"end":{"line":149,"column":3}},"line":47},"5":{"name":"(anonymous_5)","decl":{"start":{"line":158,"column":24},"end":{"line":158,"column":25}},"loc":{"start":{"line":158,"column":34},"end":{"line":160,"column":1}},"line":158},"6":{"name":"(anonymous_6)","decl":{"start":{"line":166,"column":15},"end":{"line":166,"column":16}},"loc":{"start":{"line":166,"column":25},"end":{"line":166,"column":64}},"line":166},"7":{"name":"(anonymous_7)","decl":{"start":{"line":166,"column":25},"end":{"line":166,"column":26}},"loc":{"start":{"line":166,"column":37},"end":{"line":166,"column":64}},"line":166}},"branchMap":{"0":{"loc":{"start":{"line":91,"column":17},"end":{"line":93,"column":17}},"type":"binary-expr","locations":[{"start":{"line":91,"column":17},"end":{"line":91,"column":40}},{"start":{"line":92,"column":18},"end":{"line":92,"column":78}}],"line":91},"1":{"loc":{"start":{"line":105,"column":17},"end":{"line":109,"column":17}},"type":"binary-expr","locations":[{"start":{"line":105,"column":17},"end":{"line":105,"column":43}},{"start":{"line":106,"column":18},"end":{"line":108,"column":24}}],"line":105},"2":{"loc":{"start":{"line":121,"column":17},"end":{"line":125,"column":17}},"type":"binary-expr","locations":[{"start":{"line":121,"column":17},"end":{"line":121,"column":44}},{"start":{"line":122,"column":18},"end":{"line":124,"column":24}}],"line":121}},"s":{"0":4,"1":4,"2":4,"3":3,"4":1,"5":1,"6":8,"7":8,"8":1,"9":1,"10":0,"11":0,"12":0},"f":{"0":4,"1":4,"2":3,"3":1,"4":8,"5":0,"6":0,"7":0},"b":{"0":[8,0],"1":[8,0],"2":[8,0]},"_coverageSchema":"332fd63041d2c1bcb487cc26dd0d5f7d97098a6c","hash":"3662ef327d4a86cf52963d00992eb54a4f2f5c87"}
}
