{"/home/devint13/Documents/voter/client/src/actions/answers.js": {"path":"/home/devint13/Documents/voter/client/src/actions/answers.js","statementMap":{"0":{"start":{"line":5,"column":25},"end":{"line":17,"column":1}},"1":{"start":{"line":5,"column":50},"end":{"line":17,"column":1}},"2":{"start":{"line":6,"column":2},"end":{"line":16,"column":7}},"3":{"start":{"line":9,"column":6},"end":{"line":9,"column":22}},"4":{"start":{"line":12,"column":6},"end":{"line":15,"column":9}},"5":{"start":{"line":19,"column":26},"end":{"line":31,"column":1}},"6":{"start":{"line":19,"column":45},"end":{"line":31,"column":1}},"7":{"start":{"line":20,"column":2},"end":{"line":30,"column":7}},"8":{"start":{"line":23,"column":6},"end":{"line":23,"column":22}},"9":{"start":{"line":26,"column":6},"end":{"line":29,"column":9}},"10":{"start":{"line":33,"column":28},"end":{"line":37,"column":1}},"11":{"start":{"line":33,"column":50},"end":{"line":37,"column":1}},"12":{"start":{"line":34,"column":2},"end":{"line":36,"column":36}},"13":{"start":{"line":36,"column":18},"end":{"line":36,"column":34}},"14":{"start":{"line":39,"column":20},"end":{"line":51,"column":1}},"15":{"start":{"line":39,"column":31},"end":{"line":51,"column":1}},"16":{"start":{"line":40,"column":2},"end":{"line":50,"column":7}},"17":{"start":{"line":43,"column":6},"end":{"line":43,"column":22}},"18":{"start":{"line":46,"column":6},"end":{"line":49,"column":9}}},"fnMap":{"0":{"name":"(anonymous_0)","decl":{"start":{"line":5,"column":25},"end":{"line":5,"column":26}},"loc":{"start":{"line":5,"column":50},"end":{"line":17,"column":1}},"line":5},"1":{"name":"(anonymous_1)","decl":{"start":{"line":5,"column":50},"end":{"line":5,"column":51}},"loc":{"start":{"line":5,"column":62},"end":{"line":17,"column":1}},"line":5},"2":{"name":"(anonymous_2)","decl":{"start":{"line":8,"column":10},"end":{"line":8,"column":11}},"loc":{"start":{"line":8,"column":17},"end":{"line":10,"column":5}},"line":8},"3":{"name":"(anonymous_3)","decl":{"start":{"line":11,"column":11},"end":{"line":11,"column":12}},"loc":{"start":{"line":11,"column":18},"end":{"line":16,"column":5}},"line":11},"4":{"name":"(anonymous_4)","decl":{"start":{"line":19,"column":26},"end":{"line":19,"column":27}},"loc":{"start":{"line":19,"column":45},"end":{"line":31,"column":1}},"line":19},"5":{"name":"(anonymous_5)","decl":{"start":{"line":19,"column":45},"end":{"line":19,"column":46}},"loc":{"start":{"line":19,"column":57},"end":{"line":31,"column":1}},"line":19},"6":{"name":"(anonymous_6)","decl":{"start":{"line":22,"column":10},"end":{"line":22,"column":11}},"loc":{"start":{"line":22,"column":17},"end":{"line":24,"column":5}},"line":22},"7":{"name":"(anonymous_7)","decl":{"start":{"line":25,"column":11},"end":{"line":25,"column":12}},"loc":{"start":{"line":25,"column":18},"end":{"line":30,"column":5}},"line":25},"8":{"name":"(anonymous_8)","decl":{"start":{"line":33,"column":28},"end":{"line":33,"column":29}},"loc":{"start":{"line":33,"column":50},"end":{"line":37,"column":1}},"line":33},"9":{"name":"(anonymous_9)","decl":{"start":{"line":33,"column":50},"end":{"line":33,"column":51}},"loc":{"start":{"line":33,"column":56},"end":{"line":37,"column":1}},"line":33},"10":{"name":"(anonymous_10)","decl":{"start":{"line":36,"column":11},"end":{"line":36,"column":12}},"loc":{"start":{"line":36,"column":18},"end":{"line":36,"column":34}},"line":36},"11":{"name":"(anonymous_11)","decl":{"start":{"line":39,"column":20},"end":{"line":39,"column":21}},"loc":{"start":{"line":39,"column":31},"end":{"line":51,"column":1}},"line":39},"12":{"name":"(anonymous_12)","decl":{"start":{"line":39,"column":31},"end":{"line":39,"column":32}},"loc":{"start":{"line":39,"column":43},"end":{"line":51,"column":1}},"line":39},"13":{"name":"(anonymous_13)","decl":{"start":{"line":42,"column":10},"end":{"line":42,"column":11}},"loc":{"start":{"line":42,"column":17},"end":{"line":44,"column":5}},"line":42},"14":{"name":"(anonymous_14)","decl":{"start":{"line":45,"column":11},"end":{"line":45,"column":12}},"loc":{"start":{"line":45,"column":18},"end":{"line":50,"column":5}},"line":45}},"branchMap":{},"s":{"0":2,"1":1,"2":1,"3":1,"4":0,"5":2,"6":1,"7":1,"8":1,"9":0,"10":2,"11":1,"12":1,"13":0,"14":2,"15":1,"16":1,"17":1,"18":0},"f":{"0":1,"1":1,"2":1,"3":0,"4":1,"5":1,"6":1,"7":0,"8":1,"9":1,"10":0,"11":1,"12":1,"13":1,"14":0},"b":{},"_coverageSchema":"332fd63041d2c1bcb487cc26dd0d5f7d97098a6c","hash":"ab71cec32619bda71b68f4aecaa499a0bec2193d"}
,"/home/devint13/Documents/voter/client/src/actions/auth.js": {"path":"/home/devint13/Documents/voter/client/src/actions/auth.js","statementMap":{"0":{"start":{"line":7,"column":20},"end":{"line":12,"column":1}},"1":{"start":{"line":8,"column":2},"end":{"line":8,"column":42}},"2":{"start":{"line":9,"column":2},"end":{"line":9,"column":22}},"3":{"start":{"line":10,"column":18},"end":{"line":10,"column":35}},"4":{"start":{"line":11,"column":2},"end":{"line":11,"column":36}},"5":{"start":{"line":15,"column":28},"end":{"line":28,"column":1}},"6":{"start":{"line":15,"column":40},"end":{"line":28,"column":1}},"7":{"start":{"line":16,"column":2},"end":{"line":27,"column":7}},"8":{"start":{"line":19,"column":6},"end":{"line":19,"column":28}},"9":{"start":{"line":22,"column":6},"end":{"line":22,"column":32}},"10":{"start":{"line":23,"column":6},"end":{"line":26,"column":9}},"11":{"start":{"line":31,"column":25},"end":{"line":44,"column":1}},"12":{"start":{"line":31,"column":37},"end":{"line":44,"column":1}},"13":{"start":{"line":32,"column":2},"end":{"line":43,"column":7}},"14":{"start":{"line":35,"column":24},"end":{"line":35,"column":32}},"15":{"start":{"line":36,"column":6},"end":{"line":36,"column":35}},"16":{"start":{"line":39,"column":6},"end":{"line":42,"column":9}},"17":{"start":{"line":46,"column":27},"end":{"line":60,"column":1}},"18":{"start":{"line":46,"column":39},"end":{"line":60,"column":1}},"19":{"start":{"line":47,"column":2},"end":{"line":59,"column":7}},"20":{"start":{"line":50,"column":24},"end":{"line":50,"column":32}},"21":{"start":{"line":51,"column":6},"end":{"line":51,"column":35}},"22":{"start":{"line":52,"column":6},"end":{"line":52,"column":35}},"23":{"start":{"line":55,"column":6},"end":{"line":58,"column":9}},"24":{"start":{"line":62,"column":28},"end":{"line":67,"column":1}},"25":{"start":{"line":62,"column":36},"end":{"line":67,"column":1}},"26":{"start":{"line":63,"column":2},"end":{"line":66,"column":5}},"27":{"start":{"line":64,"column":29},"end":{"line":64,"column":37}},"28":{"start":{"line":65,"column":4},"end":{"line":65,"column":40}},"29":{"start":{"line":69,"column":30},"end":{"line":74,"column":1}},"30":{"start":{"line":70,"column":2},"end":{"line":73,"column":4}},"31":{"start":{"line":77,"column":26},"end":{"line":81,"column":1}},"32":{"start":{"line":77,"column":32},"end":{"line":81,"column":1}},"33":{"start":{"line":78,"column":2},"end":{"line":78,"column":38}},"34":{"start":{"line":79,"column":2},"end":{"line":79,"column":22}},"35":{"start":{"line":80,"column":2},"end":{"line":80,"column":31}}},"fnMap":{"0":{"name":"(anonymous_0)","decl":{"start":{"line":7,"column":20},"end":{"line":7,"column":21}},"loc":{"start":{"line":7,"column":41},"end":{"line":12,"column":1}},"line":7},"1":{"name":"(anonymous_1)","decl":{"start":{"line":15,"column":28},"end":{"line":15,"column":29}},"loc":{"start":{"line":15,"column":40},"end":{"line":28,"column":1}},"line":15},"2":{"name":"(anonymous_2)","decl":{"start":{"line":15,"column":40},"end":{"line":15,"column":41}},"loc":{"start":{"line":15,"column":52},"end":{"line":28,"column":1}},"line":15},"3":{"name":"(anonymous_3)","decl":{"start":{"line":18,"column":10},"end":{"line":18,"column":11}},"loc":{"start":{"line":18,"column":17},"end":{"line":20,"column":5}},"line":18},"4":{"name":"(anonymous_4)","decl":{"start":{"line":21,"column":11},"end":{"line":21,"column":12}},"loc":{"start":{"line":21,"column":18},"end":{"line":27,"column":5}},"line":21},"5":{"name":"(anonymous_5)","decl":{"start":{"line":31,"column":25},"end":{"line":31,"column":26}},"loc":{"start":{"line":31,"column":37},"end":{"line":44,"column":1}},"line":31},"6":{"name":"(anonymous_6)","decl":{"start":{"line":31,"column":37},"end":{"line":31,"column":38}},"loc":{"start":{"line":31,"column":49},"end":{"line":44,"column":1}},"line":31},"7":{"name":"(anonymous_7)","decl":{"start":{"line":34,"column":10},"end":{"line":34,"column":11}},"loc":{"start":{"line":34,"column":17},"end":{"line":37,"column":5}},"line":34},"8":{"name":"(anonymous_8)","decl":{"start":{"line":38,"column":11},"end":{"line":38,"column":12}},"loc":{"start":{"line":38,"column":18},"end":{"line":43,"column":5}},"line":38},"9":{"name":"(anonymous_9)","decl":{"start":{"line":46,"column":27},"end":{"line":46,"column":28}},"loc":{"start":{"line":46,"column":39},"end":{"line":60,"column":1}},"line":46},"10":{"name":"(anonymous_10)","decl":{"start":{"line":46,"column":39},"end":{"line":46,"column":40}},"loc":{"start":{"line":46,"column":51},"end":{"line":60,"column":1}},"line":46},"11":{"name":"(anonymous_11)","decl":{"start":{"line":49,"column":10},"end":{"line":49,"column":11}},"loc":{"start":{"line":49,"column":17},"end":{"line":53,"column":5}},"line":49},"12":{"name":"(anonymous_12)","decl":{"start":{"line":54,"column":11},"end":{"line":54,"column":12}},"loc":{"start":{"line":54,"column":18},"end":{"line":59,"column":5}},"line":54},"13":{"name":"(anonymous_13)","decl":{"start":{"line":62,"column":28},"end":{"line":62,"column":29}},"loc":{"start":{"line":62,"column":36},"end":{"line":67,"column":1}},"line":62},"14":{"name":"(anonymous_14)","decl":{"start":{"line":62,"column":36},"end":{"line":62,"column":37}},"loc":{"start":{"line":62,"column":48},"end":{"line":67,"column":1}},"line":62},"15":{"name":"(anonymous_15)","decl":{"start":{"line":63,"column":53},"end":{"line":63,"column":54}},"loc":{"start":{"line":63,"column":60},"end":{"line":66,"column":3}},"line":63},"16":{"name":"(anonymous_16)","decl":{"start":{"line":69,"column":30},"end":{"line":69,"column":31}},"loc":{"start":{"line":69,"column":41},"end":{"line":74,"column":1}},"line":69},"17":{"name":"(anonymous_17)","decl":{"start":{"line":77,"column":26},"end":{"line":77,"column":27}},"loc":{"start":{"line":77,"column":32},"end":{"line":81,"column":1}},"line":77},"18":{"name":"(anonymous_18)","decl":{"start":{"line":77,"column":32},"end":{"line":77,"column":33}},"loc":{"start":{"line":77,"column":44},"end":{"line":81,"column":1}},"line":77}},"branchMap":{},"s":{"0":3,"1":3,"2":3,"3":3,"4":3,"5":3,"6":1,"7":1,"8":1,"9":0,"10":0,"11":3,"12":1,"13":1,"14":1,"15":1,"16":0,"17":3,"18":1,"19":1,"20":1,"21":1,"22":1,"23":0,"24":3,"25":1,"26":1,"27":1,"28":1,"29":3,"30":5,"31":3,"32":1,"33":1,"34":1,"35":1},"f":{"0":3,"1":1,"2":1,"3":1,"4":0,"5":1,"6":1,"7":1,"8":0,"9":1,"10":1,"11":1,"12":0,"13":1,"14":1,"15":1,"16":5,"17":1,"18":1},"b":{},"_coverageSchema":"332fd63041d2c1bcb487cc26dd0d5f7d97098a6c","hash":"e9effbb4d4863ba9137cb5ae9d22c5fe81b53af5"}
,"/home/devint13/Documents/voter/client/src/actions/filters.js": {"path":"/home/devint13/Documents/voter/client/src/actions/filters.js","statementMap":{"0":{"start":{"line":3,"column":25},"end":{"line":8,"column":1}},"1":{"start":{"line":4,"column":2},"end":{"line":7,"column":4}}},"fnMap":{"0":{"name":"(anonymous_0)","decl":{"start":{"line":3,"column":25},"end":{"line":3,"column":26}},"loc":{"start":{"line":3,"column":35},"end":{"line":8,"column":1}},"line":3}},"branchMap":{},"s":{"0":1,"1":1},"f":{"0":1},"b":{},"_coverageSchema":"332fd63041d2c1bcb487cc26dd0d5f7d97098a6c","hash":"ac5d78edc3e39fe0d7da7ce6782a5b77b6315430"}
,"/home/devint13/Documents/voter/client/src/actions/polls.js": {"path":"/home/devint13/Documents/voter/client/src/actions/polls.js","statementMap":{"0":{"start":{"line":5,"column":24},"end":{"line":15,"column":1}},"1":{"start":{"line":5,"column":30},"end":{"line":15,"column":1}},"2":{"start":{"line":6,"column":2},"end":{"line":14,"column":36}},"3":{"start":{"line":9,"column":6},"end":{"line":12,"column":9}},"4":{"start":{"line":14,"column":18},"end":{"line":14,"column":34}},"5":{"start":{"line":17,"column":31},"end":{"line":37,"column":1}},"6":{"start":{"line":17,"column":43},"end":{"line":37,"column":1}},"7":{"start":{"line":18,"column":2},"end":{"line":36,"column":7}},"8":{"start":{"line":21,"column":6},"end":{"line":24,"column":9}},"9":{"start":{"line":25,"column":6},"end":{"line":28,"column":9}},"10":{"start":{"line":29,"column":6},"end":{"line":29,"column":22}},"11":{"start":{"line":32,"column":6},"end":{"line":35,"column":9}},"12":{"start":{"line":39,"column":32},"end":{"line":55,"column":1}},"13":{"start":{"line":39,"column":54},"end":{"line":55,"column":1}},"14":{"start":{"line":40,"column":2},"end":{"line":54,"column":7}},"15":{"start":{"line":43,"column":6},"end":{"line":47,"column":9}},"16":{"start":{"line":50,"column":6},"end":{"line":53,"column":9}},"17":{"start":{"line":57,"column":27},"end":{"line":64,"column":1}},"18":{"start":{"line":57,"column":33},"end":{"line":64,"column":1}},"19":{"start":{"line":58,"column":2},"end":{"line":63,"column":36}},"20":{"start":{"line":61,"column":6},"end":{"line":61,"column":22}},"21":{"start":{"line":63,"column":18},"end":{"line":63,"column":34}}},"fnMap":{"0":{"name":"(anonymous_0)","decl":{"start":{"line":5,"column":24},"end":{"line":5,"column":25}},"loc":{"start":{"line":5,"column":30},"end":{"line":15,"column":1}},"line":5},"1":{"name":"(anonymous_1)","decl":{"start":{"line":5,"column":30},"end":{"line":5,"column":31}},"loc":{"start":{"line":5,"column":42},"end":{"line":15,"column":1}},"line":5},"2":{"name":"(anonymous_2)","decl":{"start":{"line":8,"column":10},"end":{"line":8,"column":11}},"loc":{"start":{"line":8,"column":17},"end":{"line":13,"column":5}},"line":8},"3":{"name":"(anonymous_3)","decl":{"start":{"line":14,"column":11},"end":{"line":14,"column":12}},"loc":{"start":{"line":14,"column":18},"end":{"line":14,"column":34}},"line":14},"4":{"name":"(anonymous_4)","decl":{"start":{"line":17,"column":31},"end":{"line":17,"column":32}},"loc":{"start":{"line":17,"column":43},"end":{"line":37,"column":1}},"line":17},"5":{"name":"(anonymous_5)","decl":{"start":{"line":17,"column":43},"end":{"line":17,"column":44}},"loc":{"start":{"line":17,"column":55},"end":{"line":37,"column":1}},"line":17},"6":{"name":"(anonymous_6)","decl":{"start":{"line":20,"column":10},"end":{"line":20,"column":11}},"loc":{"start":{"line":20,"column":17},"end":{"line":30,"column":5}},"line":20},"7":{"name":"(anonymous_7)","decl":{"start":{"line":31,"column":11},"end":{"line":31,"column":12}},"loc":{"start":{"line":31,"column":18},"end":{"line":36,"column":5}},"line":31},"8":{"name":"(anonymous_8)","decl":{"start":{"line":39,"column":32},"end":{"line":39,"column":33}},"loc":{"start":{"line":39,"column":54},"end":{"line":55,"column":1}},"line":39},"9":{"name":"(anonymous_9)","decl":{"start":{"line":39,"column":54},"end":{"line":39,"column":55}},"loc":{"start":{"line":39,"column":66},"end":{"line":55,"column":1}},"line":39},"10":{"name":"(anonymous_10)","decl":{"start":{"line":42,"column":10},"end":{"line":42,"column":11}},"loc":{"start":{"line":42,"column":24},"end":{"line":48,"column":5}},"line":42},"11":{"name":"(anonymous_11)","decl":{"start":{"line":49,"column":11},"end":{"line":49,"column":12}},"loc":{"start":{"line":49,"column":18},"end":{"line":54,"column":5}},"line":49},"12":{"name":"(anonymous_12)","decl":{"start":{"line":57,"column":27},"end":{"line":57,"column":28}},"loc":{"start":{"line":57,"column":33},"end":{"line":64,"column":1}},"line":57},"13":{"name":"(anonymous_13)","decl":{"start":{"line":57,"column":33},"end":{"line":57,"column":34}},"loc":{"start":{"line":57,"column":39},"end":{"line":64,"column":1}},"line":57},"14":{"name":"(anonymous_14)","decl":{"start":{"line":60,"column":10},"end":{"line":60,"column":11}},"loc":{"start":{"line":60,"column":17},"end":{"line":62,"column":5}},"line":60},"15":{"name":"(anonymous_15)","decl":{"start":{"line":63,"column":11},"end":{"line":63,"column":12}},"loc":{"start":{"line":63,"column":18},"end":{"line":63,"column":34}},"line":63}},"branchMap":{},"s":{"0":2,"1":1,"2":1,"3":1,"4":0,"5":2,"6":1,"7":1,"8":1,"9":1,"10":1,"11":0,"12":2,"13":2,"14":2,"15":1,"16":1,"17":2,"18":1,"19":1,"20":1,"21":0},"f":{"0":1,"1":1,"2":1,"3":0,"4":1,"5":1,"6":1,"7":0,"8":2,"9":2,"10":1,"11":1,"12":1,"13":1,"14":1,"15":0},"b":{},"_coverageSchema":"332fd63041d2c1bcb487cc26dd0d5f7d97098a6c","hash":"7ec423b97668c613bed87be7112172f9ee986c06"}
,"/home/devint13/Documents/voter/client/src/actions/types.js": {"path":"/home/devint13/Documents/voter/client/src/actions/types.js","statementMap":{"0":{"start":{"line":1,"column":25},"end":{"line":1,"column":36}},"1":{"start":{"line":2,"column":31},"end":{"line":2,"column":48}},"2":{"start":{"line":3,"column":21},"end":{"line":3,"column":28}},"3":{"start":{"line":4,"column":22},"end":{"line":4,"column":30}},"4":{"start":{"line":5,"column":26},"end":{"line":5,"column":38}},"5":{"start":{"line":6,"column":32},"end":{"line":6,"column":50}},"6":{"start":{"line":7,"column":24},"end":{"line":7,"column":34}},"7":{"start":{"line":8,"column":25},"end":{"line":8,"column":36}}},"fnMap":{},"branchMap":{},"s":{"0":11,"1":11,"2":11,"3":11,"4":11,"5":11,"6":11,"7":11},"f":{},"b":{},"_coverageSchema":"332fd63041d2c1bcb487cc26dd0d5f7d97098a6c","hash":"b910ab2457375b8d79701628b467a308d2070650"}
,"/home/devint13/Documents/voter/client/src/assets/jss/material-dashboard-react.jsx": {"path":"/home/devint13/Documents/voter/client/src/assets/jss/material-dashboard-react.jsx","statementMap":{"0":{"start":{"line":21,"column":20},"end":{"line":21,"column":23}},"1":{"start":{"line":23,"column":19},"end":{"line":25,"column":1}},"2":{"start":{"line":27,"column":18},"end":{"line":32,"column":1}},"3":{"start":{"line":34,"column":18},"end":{"line":37,"column":1}},"4":{"start":{"line":39,"column":13},"end":{"line":48,"column":1}},"5":{"start":{"line":50,"column":20},"end":{"line":54,"column":1}},"6":{"start":{"line":56,"column":21},"end":{"line":56,"column":30}},"7":{"start":{"line":57,"column":21},"end":{"line":57,"column":30}},"8":{"start":{"line":58,"column":20},"end":{"line":58,"column":29}},"9":{"start":{"line":59,"column":21},"end":{"line":59,"column":30}},"10":{"start":{"line":60,"column":18},"end":{"line":60,"column":27}},"11":{"start":{"line":61,"column":18},"end":{"line":61,"column":27}},"12":{"start":{"line":62,"column":18},"end":{"line":62,"column":27}},"13":{"start":{"line":64,"column":25},"end":{"line":67,"column":1}},"14":{"start":{"line":68,"column":22},"end":{"line":71,"column":1}},"15":{"start":{"line":72,"column":25},"end":{"line":75,"column":1}},"16":{"start":{"line":76,"column":25},"end":{"line":79,"column":1}},"17":{"start":{"line":80,"column":24},"end":{"line":83,"column":1}},"18":{"start":{"line":84,"column":22},"end":{"line":87,"column":1}},"19":{"start":{"line":89,"column":26},"end":{"line":92,"column":1}},"20":{"start":{"line":93,"column":26},"end":{"line":96,"column":1}},"21":{"start":{"line":97,"column":25},"end":{"line":100,"column":1}},"22":{"start":{"line":101,"column":23},"end":{"line":104,"column":1}},"23":{"start":{"line":105,"column":26},"end":{"line":108,"column":1}},"24":{"start":{"line":109,"column":23},"end":{"line":112,"column":1}},"25":{"start":{"line":114,"column":20},"end":{"line":120,"column":1}},"26":{"start":{"line":122,"column":19},"end":{"line":126,"column":1}},"27":{"start":{"line":128,"column":25},"end":{"line":135,"column":1}},"28":{"start":{"line":137,"column":14},"end":{"line":150,"column":1}},"29":{"start":{"line":152,"column":18},"end":{"line":163,"column":1}},"30":{"start":{"line":165,"column":21},"end":{"line":167,"column":1}},"31":{"start":{"line":169,"column":17},"end":{"line":173,"column":1}}},"fnMap":{},"branchMap":{},"s":{"0":3,"1":3,"2":3,"3":3,"4":3,"5":3,"6":3,"7":3,"8":3,"9":3,"10":3,"11":3,"12":3,"13":3,"14":3,"15":3,"16":3,"17":3,"18":3,"19":3,"20":3,"21":3,"22":3,"23":3,"24":3,"25":3,"26":3,"27":3,"28":3,"29":3,"30":3,"31":3},"f":{},"b":{},"_coverageSchema":"332fd63041d2c1bcb487cc26dd0d5f7d97098a6c","hash":"7c68da31c5d33a2f46f87bbfa4d2d9e07bc904cf"}
,"/home/devint13/Documents/voter/client/src/assets/jss/material-dashboard-react/components/buttonStyle.jsx": {"path":"/home/devint13/Documents/voter/client/src/assets/jss/material-dashboard-react/components/buttonStyle.jsx","statementMap":{"0":{"start":{"line":11,"column":20},"end":{"line":253,"column":1}}},"fnMap":{},"branchMap":{},"s":{"0":1},"f":{},"b":{},"_coverageSchema":"332fd63041d2c1bcb487cc26dd0d5f7d97098a6c","hash":"7f8d55ef9efab8709b4805e449feeefde07d4f80"}
,"/home/devint13/Documents/voter/client/src/assets/jss/material-dashboard-react/components/cardBodyStyle.jsx": {"path":"/home/devint13/Documents/voter/client/src/assets/jss/material-dashboard-react/components/cardBodyStyle.jsx","statementMap":{"0":{"start":{"line":1,"column":22},"end":{"line":15,"column":1}}},"fnMap":{},"branchMap":{},"s":{"0":3},"f":{},"b":{},"_coverageSchema":"332fd63041d2c1bcb487cc26dd0d5f7d97098a6c","hash":"db7600ac2e47a71d23416e56446f51221243cf8b"}
,"/home/devint13/Documents/voter/client/src/assets/jss/material-dashboard-react/components/cardHeaderStyle.jsx": {"path":"/home/devint13/Documents/voter/client/src/assets/jss/material-dashboard-react/components/cardHeaderStyle.jsx","statementMap":{"0":{"start":{"line":9,"column":24},"end":{"line":120,"column":1}}},"fnMap":{},"branchMap":{},"s":{"0":3},"f":{},"b":{},"_coverageSchema":"332fd63041d2c1bcb487cc26dd0d5f7d97098a6c","hash":"9f3b2c1592cd8b20e7e29952c81b5ebdeb71a5aa"}
,"/home/devint13/Documents/voter/client/src/assets/jss/material-dashboard-react/components/cardStyle.jsx": {"path":"/home/devint13/Documents/voter/client/src/assets/jss/material-dashboard-react/components/cardStyle.jsx","statementMap":{"0":{"start":{"line":1,"column":18},"end":{"line":32,"column":1}}},"fnMap":{},"branchMap":{},"s":{"0":3},"f":{},"b":{},"_coverageSchema":"332fd63041d2c1bcb487cc26dd0d5f7d97098a6c","hash":"6b9c60aec8997e2675459333c9ab0bf2bf792c64"}
,"/home/devint13/Documents/voter/client/src/assets/jss/material-dashboard-react/views/dashboardStyle.jsx": {"path":"/home/devint13/Documents/voter/client/src/assets/jss/material-dashboard-react/views/dashboardStyle.jsx","statementMap":{"0":{"start":{"line":3,"column":23},"end":{"line":75,"column":1}}},"fnMap":{},"branchMap":{},"s":{"0":3},"f":{},"b":{},"_coverageSchema":"332fd63041d2c1bcb487cc26dd0d5f7d97098a6c","hash":"04c0f5e9ee64e3b87df38203cee69db9c27c99cf"}
,"/home/devint13/Documents/voter/client/src/components/Card/Card.jsx": {"path":"/home/devint13/Documents/voter/client/src/components/Card/Card.jsx","statementMap":{"0":{"start":{"line":22,"column":6},"end":{"line":22,"column":11}},"1":{"start":{"line":23,"column":22},"end":{"line":29,"column":4}},"2":{"start":{"line":30,"column":2},"end":{"line":34,"column":4}},"3":{"start":{"line":37,"column":0},"end":{"line":43,"column":2}}},"fnMap":{"0":{"name":"Card","decl":{"start":{"line":13,"column":9},"end":{"line":13,"column":13}},"loc":{"start":{"line":13,"column":28},"end":{"line":35,"column":1}},"line":13}},"branchMap":{},"s":{"0":0,"1":0,"2":0,"3":3},"f":{"0":0},"b":{},"_coverageSchema":"332fd63041d2c1bcb487cc26dd0d5f7d97098a6c","hash":"90f9922e7d42cb8ecfbbfbb743af1b5db7fcdb52"}
,"/home/devint13/Documents/voter/client/src/components/Card/CardBody.jsx": {"path":"/home/devint13/Documents/voter/client/src/components/Card/CardBody.jsx","statementMap":{"0":{"start":{"line":14,"column":68},"end":{"line":14,"column":73}},"1":{"start":{"line":15,"column":26},"end":{"line":20,"column":4}},"2":{"start":{"line":21,"column":2},"end":{"line":25,"column":4}},"3":{"start":{"line":28,"column":0},"end":{"line":33,"column":2}}},"fnMap":{"0":{"name":"CardBody","decl":{"start":{"line":13,"column":9},"end":{"line":13,"column":17}},"loc":{"start":{"line":13,"column":32},"end":{"line":26,"column":1}},"line":13}},"branchMap":{},"s":{"0":0,"1":0,"2":0,"3":3},"f":{"0":0},"b":{},"_coverageSchema":"332fd63041d2c1bcb487cc26dd0d5f7d97098a6c","hash":"5613610d31b34cec8737ab211a87b035ad9f013a"}
,"/home/devint13/Documents/voter/client/src/components/Card/CardHeader.jsx": {"path":"/home/devint13/Documents/voter/client/src/components/Card/CardHeader.jsx","statementMap":{"0":{"start":{"line":23,"column":6},"end":{"line":23,"column":11}},"1":{"start":{"line":24,"column":28},"end":{"line":31,"column":4}},"2":{"start":{"line":32,"column":2},"end":{"line":36,"column":4}},"3":{"start":{"line":39,"column":0},"end":{"line":53,"column":2}}},"fnMap":{"0":{"name":"CardHeader","decl":{"start":{"line":13,"column":9},"end":{"line":13,"column":19}},"loc":{"start":{"line":13,"column":34},"end":{"line":37,"column":1}},"line":13}},"branchMap":{},"s":{"0":0,"1":0,"2":0,"3":3},"f":{"0":0},"b":{},"_coverageSchema":"332fd63041d2c1bcb487cc26dd0d5f7d97098a6c","hash":"e2545185a87565a6199f41ce4e19eee2b3fa3cb5"}
,"/home/devint13/Documents/voter/client/src/components/CustomButtons/Button.jsx": {"path":"/home/devint13/Documents/voter/client/src/components/CustomButtons/Button.jsx","statementMap":{"0":{"start":{"line":27,"column":6},"end":{"line":27,"column":11}},"1":{"start":{"line":28,"column":21},"end":{"line":39,"column":4}},"2":{"start":{"line":40,"column":2},"end":{"line":44,"column":4}},"3":{"start":{"line":47,"column":0},"end":{"line":69,"column":2}}},"fnMap":{"0":{"name":"RegularButton","decl":{"start":{"line":12,"column":9},"end":{"line":12,"column":22}},"loc":{"start":{"line":12,"column":37},"end":{"line":45,"column":1}},"line":12}},"branchMap":{},"s":{"0":0,"1":0,"2":0,"3":1},"f":{"0":0},"b":{},"_coverageSchema":"332fd63041d2c1bcb487cc26dd0d5f7d97098a6c","hash":"5d02e75d255116295a0229bd8023a738eadbda00"}
,"/home/devint13/Documents/voter/client/src/reducers/auth.js": {"path":"/home/devint13/Documents/voter/client/src/reducers/auth.js","statementMap":{"0":{"start":{"line":4,"column":21},"end":{"line":7,"column":1}},"1":{"start":{"line":10,"column":2},"end":{"line":19,"column":3}},"2":{"start":{"line":12,"column":6},"end":{"line":16,"column":8}},"3":{"start":{"line":18,"column":6},"end":{"line":18,"column":19}}},"fnMap":{"0":{"name":"(anonymous_0)","decl":{"start":{"line":9,"column":15},"end":{"line":9,"column":16}},"loc":{"start":{"line":9,"column":54},"end":{"line":20,"column":1}},"line":9}},"branchMap":{"0":{"loc":{"start":{"line":9,"column":24},"end":{"line":9,"column":44}},"type":"default-arg","locations":[{"start":{"line":9,"column":32},"end":{"line":9,"column":44}}],"line":9},"1":{"loc":{"start":{"line":10,"column":2},"end":{"line":19,"column":3}},"type":"switch","locations":[{"start":{"line":11,"column":4},"end":{"line":16,"column":8}},{"start":{"line":17,"column":4},"end":{"line":18,"column":19}}],"line":10}},"s":{"0":1,"1":2,"2":1,"3":1},"f":{"0":2},"b":{"0":[2],"1":[1,1]},"_coverageSchema":"332fd63041d2c1bcb487cc26dd0d5f7d97098a6c","hash":"9d77ccce6316a04ffcec37a0cc9d4cb9e089d003"}
,"/home/devint13/Documents/voter/client/src/reducers/errors.js": {"path":"/home/devint13/Documents/voter/client/src/reducers/errors.js","statementMap":{"0":{"start":{"line":2,"column":21},"end":{"line":2,"column":23}},"1":{"start":{"line":5,"column":2},"end":{"line":10,"column":3}},"2":{"start":{"line":7,"column":6},"end":{"line":7,"column":28}},"3":{"start":{"line":9,"column":6},"end":{"line":9,"column":19}}},"fnMap":{"0":{"name":"(anonymous_0)","decl":{"start":{"line":4,"column":15},"end":{"line":4,"column":16}},"loc":{"start":{"line":4,"column":54},"end":{"line":11,"column":1}},"line":4}},"branchMap":{"0":{"loc":{"start":{"line":4,"column":24},"end":{"line":4,"column":44}},"type":"default-arg","locations":[{"start":{"line":4,"column":32},"end":{"line":4,"column":44}}],"line":4},"1":{"loc":{"start":{"line":5,"column":2},"end":{"line":10,"column":3}},"type":"switch","locations":[{"start":{"line":6,"column":4},"end":{"line":7,"column":28}},{"start":{"line":8,"column":4},"end":{"line":9,"column":19}}],"line":5}},"s":{"0":1,"1":2,"2":1,"3":1},"f":{"0":2},"b":{"0":[2],"1":[1,1]},"_coverageSchema":"332fd63041d2c1bcb487cc26dd0d5f7d97098a6c","hash":"e9ed7469c2e45dfac4254f2e9d27a7e9f4e1f3c8"}
,"/home/devint13/Documents/voter/client/src/reducers/filters.js": {"path":"/home/devint13/Documents/voter/client/src/reducers/filters.js","statementMap":{"0":{"start":{"line":4,"column":2},"end":{"line":12,"column":3}},"1":{"start":{"line":6,"column":6},"end":{"line":9,"column":8}},"2":{"start":{"line":11,"column":6},"end":{"line":11,"column":19}}},"fnMap":{"0":{"name":"(anonymous_0)","decl":{"start":{"line":3,"column":15},"end":{"line":3,"column":16}},"loc":{"start":{"line":3,"column":52},"end":{"line":13,"column":1}},"line":3}},"branchMap":{"0":{"loc":{"start":{"line":3,"column":16},"end":{"line":3,"column":39}},"type":"default-arg","locations":[{"start":{"line":3,"column":24},"end":{"line":3,"column":39}}],"line":3},"1":{"loc":{"start":{"line":4,"column":2},"end":{"line":12,"column":3}},"type":"switch","locations":[{"start":{"line":5,"column":4},"end":{"line":9,"column":8}},{"start":{"line":10,"column":4},"end":{"line":11,"column":19}}],"line":4}},"s":{"0":2,"1":1,"2":1},"f":{"0":2},"b":{"0":[2],"1":[1,1]},"_coverageSchema":"332fd63041d2c1bcb487cc26dd0d5f7d97098a6c","hash":"69c6d587c7bb95ab2467574ae6468252af0a338a"}
,"/home/devint13/Documents/voter/client/src/reducers/polls.js": {"path":"/home/devint13/Documents/voter/client/src/reducers/polls.js","statementMap":{"0":{"start":{"line":4,"column":2},"end":{"line":20,"column":3}},"1":{"start":{"line":6,"column":6},"end":{"line":6,"column":28}},"2":{"start":{"line":8,"column":6},"end":{"line":8,"column":40}},"3":{"start":{"line":10,"column":6},"end":{"line":17,"column":9}},"4":{"start":{"line":11,"column":8},"end":{"line":16,"column":9}},"5":{"start":{"line":12,"column":10},"end":{"line":15,"column":12}},"6":{"start":{"line":19,"column":6},"end":{"line":19,"column":19}}},"fnMap":{"0":{"name":"(anonymous_0)","decl":{"start":{"line":3,"column":15},"end":{"line":3,"column":16}},"loc":{"start":{"line":3,"column":39},"end":{"line":21,"column":1}},"line":3},"1":{"name":"(anonymous_1)","decl":{"start":{"line":10,"column":23},"end":{"line":10,"column":24}},"loc":{"start":{"line":10,"column":31},"end":{"line":17,"column":7}},"line":10}},"branchMap":{"0":{"loc":{"start":{"line":3,"column":16},"end":{"line":3,"column":26}},"type":"default-arg","locations":[{"start":{"line":3,"column":24},"end":{"line":3,"column":26}}],"line":3},"1":{"loc":{"start":{"line":4,"column":2},"end":{"line":20,"column":3}},"type":"switch","locations":[{"start":{"line":5,"column":4},"end":{"line":6,"column":28}},{"start":{"line":7,"column":4},"end":{"line":8,"column":40}},{"start":{"line":9,"column":4},"end":{"line":17,"column":9}},{"start":{"line":18,"column":4},"end":{"line":19,"column":19}}],"line":4},"2":{"loc":{"start":{"line":11,"column":8},"end":{"line":16,"column":9}},"type":"if","locations":[{"start":{"line":11,"column":8},"end":{"line":16,"column":9}},{"start":{"line":11,"column":8},"end":{"line":16,"column":9}}],"line":11}},"s":{"0":4,"1":1,"2":1,"3":1,"4":6,"5":1,"6":1},"f":{"0":4,"1":6},"b":{"0":[2],"1":[1,1,1,1],"2":[1,5]},"_coverageSchema":"332fd63041d2c1bcb487cc26dd0d5f7d97098a6c","hash":"60e47b178c208b41c984031f7a03192480395b1b"}
,"/home/devint13/Documents/voter/client/src/selectors/pollsSelector.js": {"path":"/home/devint13/Documents/voter/client/src/selectors/pollsSelector.js","statementMap":{"0":{"start":{"line":3,"column":17},"end":{"line":3,"column":37}},"1":{"start":{"line":3,"column":26},"end":{"line":3,"column":37}},"2":{"start":{"line":4,"column":19},"end":{"line":4,"column":41}},"3":{"start":{"line":4,"column":28},"end":{"line":4,"column":41}},"4":{"start":{"line":5,"column":16},"end":{"line":5,"column":40}},"5":{"start":{"line":5,"column":25},"end":{"line":5,"column":40}},"6":{"start":{"line":7,"column":24},"end":{"line":51,"column":1}},"7":{"start":{"line":10,"column":4},"end":{"line":49,"column":5}},"8":{"start":{"line":11,"column":6},"end":{"line":11,"column":19}},"9":{"start":{"line":13,"column":6},"end":{"line":48,"column":7}},"10":{"start":{"line":14,"column":25},"end":{"line":14,"column":27}},"11":{"start":{"line":15,"column":8},"end":{"line":26,"column":11}},"12":{"start":{"line":16,"column":10},"end":{"line":25,"column":11}},"13":{"start":{"line":16,"column":17},"end":{"line":25,"column":11}},"14":{"start":{"line":17,"column":25},"end":{"line":17,"column":40}},"15":{"start":{"line":18,"column":12},"end":{"line":24,"column":13}},"16":{"start":{"line":19,"column":25},"end":{"line":19,"column":40}},"17":{"start":{"line":20,"column":14},"end":{"line":23,"column":15}},"18":{"start":{"line":21,"column":16},"end":{"line":21,"column":38}},"19":{"start":{"line":22,"column":16},"end":{"line":22,"column":28}},"20":{"start":{"line":27,"column":8},"end":{"line":27,"column":26}},"21":{"start":{"line":29,"column":28},"end":{"line":29,"column":30}},"22":{"start":{"line":30,"column":8},"end":{"line":46,"column":11}},"23":{"start":{"line":31,"column":21},"end":{"line":31,"column":26}},"24":{"start":{"line":32,"column":10},"end":{"line":41,"column":11}},"25":{"start":{"line":32,"column":17},"end":{"line":41,"column":11}},"26":{"start":{"line":33,"column":25},"end":{"line":33,"column":40}},"27":{"start":{"line":34,"column":12},"end":{"line":40,"column":13}},"28":{"start":{"line":35,"column":25},"end":{"line":35,"column":40}},"29":{"start":{"line":36,"column":14},"end":{"line":39,"column":15}},"30":{"start":{"line":37,"column":16},"end":{"line":37,"column":28}},"31":{"start":{"line":38,"column":16},"end":{"line":38,"column":28}},"32":{"start":{"line":43,"column":10},"end":{"line":45,"column":11}},"33":{"start":{"line":44,"column":12},"end":{"line":44,"column":37}},"34":{"start":{"line":47,"column":8},"end":{"line":47,"column":29}}},"fnMap":{"0":{"name":"(anonymous_0)","decl":{"start":{"line":3,"column":17},"end":{"line":3,"column":18}},"loc":{"start":{"line":3,"column":26},"end":{"line":3,"column":37}},"line":3},"1":{"name":"(anonymous_1)","decl":{"start":{"line":4,"column":19},"end":{"line":4,"column":20}},"loc":{"start":{"line":4,"column":28},"end":{"line":4,"column":41}},"line":4},"2":{"name":"(anonymous_2)","decl":{"start":{"line":5,"column":16},"end":{"line":5,"column":17}},"loc":{"start":{"line":5,"column":25},"end":{"line":5,"column":40}},"line":5},"3":{"name":"(anonymous_3)","decl":{"start":{"line":9,"column":2},"end":{"line":9,"column":3}},"loc":{"start":{"line":9,"column":28},"end":{"line":50,"column":3}},"line":9},"4":{"name":"(anonymous_4)","decl":{"start":{"line":15,"column":22},"end":{"line":15,"column":23}},"loc":{"start":{"line":15,"column":30},"end":{"line":26,"column":9}},"line":15},"5":{"name":"(anonymous_5)","decl":{"start":{"line":30,"column":22},"end":{"line":30,"column":23}},"loc":{"start":{"line":30,"column":30},"end":{"line":46,"column":9}},"line":30}},"branchMap":{"0":{"loc":{"start":{"line":10,"column":4},"end":{"line":49,"column":5}},"type":"if","locations":[{"start":{"line":10,"column":4},"end":{"line":49,"column":5}},{"start":{"line":10,"column":4},"end":{"line":49,"column":5}}],"line":10},"1":{"loc":{"start":{"line":13,"column":6},"end":{"line":48,"column":7}},"type":"if","locations":[{"start":{"line":13,"column":6},"end":{"line":48,"column":7}},{"start":{"line":13,"column":6},"end":{"line":48,"column":7}}],"line":13},"2":{"loc":{"start":{"line":20,"column":14},"end":{"line":23,"column":15}},"type":"if","locations":[{"start":{"line":20,"column":14},"end":{"line":23,"column":15}},{"start":{"line":20,"column":14},"end":{"line":23,"column":15}}],"line":20},"3":{"loc":{"start":{"line":36,"column":14},"end":{"line":39,"column":15}},"type":"if","locations":[{"start":{"line":36,"column":14},"end":{"line":39,"column":15}},{"start":{"line":36,"column":14},"end":{"line":39,"column":15}}],"line":36},"4":{"loc":{"start":{"line":43,"column":10},"end":{"line":45,"column":11}},"type":"if","locations":[{"start":{"line":43,"column":10},"end":{"line":45,"column":11}},{"start":{"line":43,"column":10},"end":{"line":45,"column":11}}],"line":43}},"s":{"0":1,"1":2,"2":1,"3":2,"4":1,"5":2,"6":1,"7":2,"8":0,"9":2,"10":1,"11":1,"12":6,"13":6,"14":12,"15":12,"16":10,"17":10,"18":4,"19":4,"20":1,"21":1,"22":1,"23":6,"24":6,"25":6,"26":13,"27":13,"28":6,"29":6,"30":2,"31":2,"32":6,"33":4,"34":1},"f":{"0":2,"1":2,"2":2,"3":2,"4":6,"5":6},"b":{"0":[0,2],"1":[1,1],"2":[4,6],"3":[2,4],"4":[4,2]},"_coverageSchema":"332fd63041d2c1bcb487cc26dd0d5f7d97098a6c","hash":"009b0ba9e6d5bfecb3ff50d4d2cde80f5be39391"}
,"/home/devint13/Documents/voter/client/src/utils/is-empty.js": {"path":"/home/devint13/Documents/voter/client/src/utils/is-empty.js","statementMap":{"0":{"start":{"line":1,"column":16},"end":{"line":5,"column":58}},"1":{"start":{"line":2,"column":2},"end":{"line":5,"column":58}},"2":{"start":{"line":7,"column":0},"end":{"line":7,"column":25}}},"fnMap":{"0":{"name":"(anonymous_0)","decl":{"start":{"line":1,"column":16},"end":{"line":1,"column":17}},"loc":{"start":{"line":2,"column":2},"end":{"line":5,"column":58}},"line":2}},"branchMap":{"0":{"loc":{"start":{"line":2,"column":2},"end":{"line":5,"column":58}},"type":"binary-expr","locations":[{"start":{"line":2,"column":2},"end":{"line":2,"column":21}},{"start":{"line":3,"column":2},"end":{"line":3,"column":16}},{"start":{"line":4,"column":3},"end":{"line":4,"column":28}},{"start":{"line":4,"column":32},"end":{"line":4,"column":63}},{"start":{"line":5,"column":3},"end":{"line":5,"column":28}},{"start":{"line":5,"column":32},"end":{"line":5,"column":57}}],"line":2}},"s":{"0":1,"1":1,"2":1},"f":{"0":1},"b":{"0":[1,1,1,1,1,0]},"_coverageSchema":"332fd63041d2c1bcb487cc26dd0d5f7d97098a6c","hash":"fc9713b05405d373ecc1b62d16996d099232dfeb"}
,"/home/devint13/Documents/voter/client/src/utils/setAuthToken.js": {"path":"/home/devint13/Documents/voter/client/src/utils/setAuthToken.js","statementMap":{"0":{"start":{"line":3,"column":21},"end":{"line":9,"column":1}},"1":{"start":{"line":4,"column":2},"end":{"line":8,"column":3}},"2":{"start":{"line":5,"column":4},"end":{"line":5,"column":59}},"3":{"start":{"line":7,"column":4},"end":{"line":7,"column":58}}},"fnMap":{"0":{"name":"(anonymous_0)","decl":{"start":{"line":3,"column":21},"end":{"line":3,"column":22}},"loc":{"start":{"line":3,"column":30},"end":{"line":9,"column":1}},"line":3}},"branchMap":{"0":{"loc":{"start":{"line":4,"column":2},"end":{"line":8,"column":3}},"type":"if","locations":[{"start":{"line":4,"column":2},"end":{"line":8,"column":3}},{"start":{"line":4,"column":2},"end":{"line":8,"column":3}}],"line":4}},"s":{"0":3,"1":4,"2":3,"3":1},"f":{"0":4},"b":{"0":[3,1]},"_coverageSchema":"332fd63041d2c1bcb487cc26dd0d5f7d97098a6c","hash":"22cccd7527fca100b7659b3504aae7ef65133256"}
,"/home/devint13/Documents/voter/client/src/views/CreateNewPoll/EditModal.js": {"path":"/home/devint13/Documents/voter/client/src/views/CreateNewPoll/EditModal.js","statementMap":{"0":{"start":{"line":24,"column":4},"end":{"line":24,"column":16}},"1":{"start":{"line":25,"column":4},"end":{"line":31,"column":7}},"2":{"start":{"line":26,"column":19},"end":{"line":26,"column":42}},"3":{"start":{"line":27,"column":6},"end":{"line":27,"column":37}},"4":{"start":{"line":28,"column":6},"end":{"line":30,"column":8}},"5":{"start":{"line":35,"column":4},"end":{"line":37,"column":5}},"6":{"start":{"line":36,"column":6},"end":{"line":36,"column":24}},"7":{"start":{"line":41,"column":4},"end":{"line":45,"column":5}},"8":{"start":{"line":42,"column":6},"end":{"line":42,"column":47}},"9":{"start":{"line":44,"column":6},"end":{"line":44,"column":47}},"10":{"start":{"line":49,"column":24},"end":{"line":49,"column":34}},"11":{"start":{"line":50,"column":23},"end":{"line":59,"column":5}},"12":{"start":{"line":61,"column":4},"end":{"line":110,"column":6}},"13":{"start":{"line":114,"column":0},"end":{"line":121,"column":2}}},"fnMap":{"0":{"name":"(anonymous_0)","decl":{"start":{"line":23,"column":18},"end":{"line":23,"column":19}},"loc":{"start":{"line":23,"column":23},"end":{"line":32,"column":3}},"line":23},"1":{"name":"(anonymous_1)","decl":{"start":{"line":25,"column":18},"end":{"line":25,"column":19}},"loc":{"start":{"line":25,"column":31},"end":{"line":31,"column":5}},"line":25},"2":{"name":"(anonymous_2)","decl":{"start":{"line":34,"column":20},"end":{"line":34,"column":21}},"loc":{"start":{"line":34,"column":25},"end":{"line":38,"column":3}},"line":34},"3":{"name":"(anonymous_3)","decl":{"start":{"line":40,"column":15},"end":{"line":40,"column":16}},"loc":{"start":{"line":40,"column":21},"end":{"line":46,"column":3}},"line":40},"4":{"name":"(anonymous_4)","decl":{"start":{"line":48,"column":2},"end":{"line":48,"column":3}},"loc":{"start":{"line":48,"column":11},"end":{"line":111,"column":3}},"line":48}},"branchMap":{"0":{"loc":{"start":{"line":35,"column":4},"end":{"line":37,"column":5}},"type":"if","locations":[{"start":{"line":35,"column":4},"end":{"line":37,"column":5}},{"start":{"line":35,"column":4},"end":{"line":37,"column":5}}],"line":35},"1":{"loc":{"start":{"line":41,"column":4},"end":{"line":45,"column":5}},"type":"if","locations":[{"start":{"line":41,"column":4},"end":{"line":45,"column":5}},{"start":{"line":41,"column":4},"end":{"line":45,"column":5}}],"line":41},"2":{"loc":{"start":{"line":105,"column":15},"end":{"line":105,"column":54}},"type":"cond-expr","locations":[{"start":{"line":105,"column":39},"end":{"line":105,"column":45}},{"start":{"line":105,"column":48},"end":{"line":105,"column":54}}],"line":105}},"s":{"0":0,"1":0,"2":0,"3":0,"4":0,"5":0,"6":0,"7":0,"8":0,"9":0,"10":0,"11":0,"12":0,"13":1},"f":{"0":0,"1":0,"2":0,"3":0,"4":0},"b":{"0":[0,0],"1":[0,0],"2":[0,0]},"_coverageSchema":"332fd63041d2c1bcb487cc26dd0d5f7d97098a6c","hash":"68e460b1dbaa8d8e407c25ab2f4d822f68e37126"}
,"/home/devint13/Documents/voter/client/src/views/CreateNewPoll/index.js": {"path":"/home/devint13/Documents/voter/client/src/views/CreateNewPoll/index.js","statementMap":{"0":{"start":{"line":39,"column":18},"end":{"line":39,"column":32}},"1":{"start":{"line":40,"column":17},"end":{"line":40,"column":30}},"2":{"start":{"line":41,"column":4},"end":{"line":58,"column":6}},"3":{"start":{"line":43,"column":8},"end":{"line":53,"column":9}},"4":{"start":{"line":44,"column":10},"end":{"line":47,"column":12}},"5":{"start":{"line":48,"column":15},"end":{"line":53,"column":9}},"6":{"start":{"line":50,"column":10},"end":{"line":52,"column":12}},"7":{"start":{"line":56,"column":8},"end":{"line":56,"column":55}},"8":{"start":{"line":62,"column":4},"end":{"line":85,"column":5}},"9":{"start":{"line":63,"column":6},"end":{"line":71,"column":11}},"10":{"start":{"line":68,"column":10},"end":{"line":70,"column":11}},"11":{"start":{"line":69,"column":12},"end":{"line":69,"column":70}},"12":{"start":{"line":73,"column":6},"end":{"line":84,"column":7}},"13":{"start":{"line":74,"column":8},"end":{"line":83,"column":13}},"14":{"start":{"line":80,"column":12},"end":{"line":82,"column":15}},"15":{"start":{"line":89,"column":21},"end":{"line":92,"column":5}},"16":{"start":{"line":93,"column":4},"end":{"line":96,"column":7}},"17":{"start":{"line":94,"column":6},"end":{"line":94,"column":31}},"18":{"start":{"line":95,"column":6},"end":{"line":95,"column":39}},"19":{"start":{"line":100,"column":4},"end":{"line":112,"column":6}},"20":{"start":{"line":102,"column":22},"end":{"line":102,"column":66}},"21":{"start":{"line":102,"column":53},"end":{"line":102,"column":64}},"22":{"start":{"line":103,"column":8},"end":{"line":103,"column":59}},"23":{"start":{"line":105,"column":8},"end":{"line":107,"column":10}},"24":{"start":{"line":110,"column":8},"end":{"line":110,"column":47}},"25":{"start":{"line":116,"column":21},"end":{"line":118,"column":5}},"26":{"start":{"line":119,"column":4},"end":{"line":121,"column":7}},"27":{"start":{"line":120,"column":6},"end":{"line":120,"column":39}},"28":{"start":{"line":125,"column":4},"end":{"line":125,"column":66}},"29":{"start":{"line":129,"column":4},"end":{"line":129,"column":37}},"30":{"start":{"line":133,"column":28},"end":{"line":149,"column":5}},"31":{"start":{"line":134,"column":6},"end":{"line":148,"column":8}},"32":{"start":{"line":136,"column":24},"end":{"line":136,"column":49}},"33":{"start":{"line":137,"column":10},"end":{"line":137,"column":62}},"34":{"start":{"line":138,"column":10},"end":{"line":140,"column":12}},"35":{"start":{"line":143,"column":10},"end":{"line":145,"column":11}},"36":{"start":{"line":144,"column":12},"end":{"line":144,"column":63}},"37":{"start":{"line":146,"column":10},"end":{"line":146,"column":51}},"38":{"start":{"line":150,"column":4},"end":{"line":161,"column":5}},"39":{"start":{"line":151,"column":6},"end":{"line":158,"column":11}},"40":{"start":{"line":157,"column":10},"end":{"line":157,"column":28}},"41":{"start":{"line":160,"column":6},"end":{"line":160,"column":24}},"42":{"start":{"line":165,"column":4},"end":{"line":173,"column":7}},"43":{"start":{"line":166,"column":21},"end":{"line":169,"column":7}},"44":{"start":{"line":170,"column":6},"end":{"line":172,"column":8}},"45":{"start":{"line":177,"column":4},"end":{"line":185,"column":24}},"46":{"start":{"line":178,"column":24},"end":{"line":178,"column":46}},"47":{"start":{"line":179,"column":20},"end":{"line":179,"column":45}},"48":{"start":{"line":180,"column":25},"end":{"line":180,"column":47}},"49":{"start":{"line":181,"column":6},"end":{"line":181,"column":52}},"50":{"start":{"line":182,"column":6},"end":{"line":184,"column":8}},"51":{"start":{"line":189,"column":20},"end":{"line":189,"column":61}},"52":{"start":{"line":189,"column":50},"end":{"line":189,"column":59}},"53":{"start":{"line":190,"column":4},"end":{"line":196,"column":5}},"54":{"start":{"line":191,"column":17},"end":{"line":191,"column":27}},"55":{"start":{"line":192,"column":6},"end":{"line":194,"column":7}},"56":{"start":{"line":193,"column":8},"end":{"line":193,"column":54}},"57":{"start":{"line":195,"column":6},"end":{"line":195,"column":21}},"58":{"start":{"line":197,"column":4},"end":{"line":197,"column":31}},"59":{"start":{"line":201,"column":4},"end":{"line":209,"column":24}},"60":{"start":{"line":202,"column":20},"end":{"line":202,"column":45}},"61":{"start":{"line":203,"column":25},"end":{"line":203,"column":47}},"62":{"start":{"line":204,"column":22},"end":{"line":204,"column":44}},"63":{"start":{"line":205,"column":6},"end":{"line":205,"column":52}},"64":{"start":{"line":206,"column":6},"end":{"line":208,"column":8}},"65":{"start":{"line":213,"column":4},"end":{"line":215,"column":5}},"66":{"start":{"line":214,"column":6},"end":{"line":214,"column":33}},"67":{"start":{"line":219,"column":4},"end":{"line":219,"column":71}},"68":{"start":{"line":223,"column":4},"end":{"line":223,"column":25}},"69":{"start":{"line":227,"column":24},"end":{"line":227,"column":34}},"70":{"start":{"line":228,"column":23},"end":{"line":236,"column":5}},"71":{"start":{"line":238,"column":4},"end":{"line":394,"column":6}},"72":{"start":{"line":281,"column":18},"end":{"line":337,"column":29}},"73":{"start":{"line":293,"column":37},"end":{"line":293,"column":79}},"74":{"start":{"line":310,"column":39},"end":{"line":310,"column":59}},"75":{"start":{"line":320,"column":39},"end":{"line":320,"column":61}},"76":{"start":{"line":331,"column":26},"end":{"line":331,"column":70}},"77":{"start":{"line":354,"column":25},"end":{"line":354,"column":65}},"78":{"start":{"line":375,"column":31},"end":{"line":375,"column":71}},"79":{"start":{"line":389,"column":29},"end":{"line":389,"column":67}},"80":{"start":{"line":398,"column":0},"end":{"line":406,"column":2}},"81":{"start":{"line":408,"column":24},"end":{"line":410,"column":2}},"82":{"start":{"line":408,"column":34},"end":{"line":410,"column":1}}},"fnMap":{"0":{"name":"(anonymous_0)","decl":{"start":{"line":38,"column":18},"end":{"line":38,"column":19}},"loc":{"start":{"line":38,"column":23},"end":{"line":59,"column":3}},"line":38},"1":{"name":"(anonymous_1)","decl":{"start":{"line":42,"column":6},"end":{"line":42,"column":7}},"loc":{"start":{"line":42,"column":19},"end":{"line":54,"column":7}},"line":42},"2":{"name":"(anonymous_2)","decl":{"start":{"line":55,"column":6},"end":{"line":55,"column":7}},"loc":{"start":{"line":55,"column":12},"end":{"line":57,"column":7}},"line":55},"3":{"name":"(anonymous_3)","decl":{"start":{"line":61,"column":24},"end":{"line":61,"column":25}},"loc":{"start":{"line":61,"column":30},"end":{"line":86,"column":3}},"line":61},"4":{"name":"(anonymous_4)","decl":{"start":{"line":67,"column":14},"end":{"line":67,"column":15}},"loc":{"start":{"line":67,"column":22},"end":{"line":71,"column":9}},"line":67},"5":{"name":"(anonymous_5)","decl":{"start":{"line":79,"column":16},"end":{"line":79,"column":17}},"loc":{"start":{"line":79,"column":23},"end":{"line":83,"column":11}},"line":79},"6":{"name":"(anonymous_6)","decl":{"start":{"line":88,"column":20},"end":{"line":88,"column":21}},"loc":{"start":{"line":88,"column":30},"end":{"line":97,"column":3}},"line":88},"7":{"name":"(anonymous_7)","decl":{"start":{"line":93,"column":55},"end":{"line":93,"column":56}},"loc":{"start":{"line":93,"column":70},"end":{"line":96,"column":5}},"line":93},"8":{"name":"(anonymous_8)","decl":{"start":{"line":99,"column":19},"end":{"line":99,"column":20}},"loc":{"start":{"line":99,"column":29},"end":{"line":113,"column":3}},"line":99},"9":{"name":"(anonymous_9)","decl":{"start":{"line":101,"column":6},"end":{"line":101,"column":7}},"loc":{"start":{"line":101,"column":19},"end":{"line":108,"column":7}},"line":101},"10":{"name":"(anonymous_10)","decl":{"start":{"line":102,"column":44},"end":{"line":102,"column":45}},"loc":{"start":{"line":102,"column":53},"end":{"line":102,"column":64}},"line":102},"11":{"name":"(anonymous_11)","decl":{"start":{"line":109,"column":6},"end":{"line":109,"column":7}},"loc":{"start":{"line":109,"column":12},"end":{"line":111,"column":7}},"line":109},"12":{"name":"(anonymous_12)","decl":{"start":{"line":115,"column":20},"end":{"line":115,"column":21}},"loc":{"start":{"line":115,"column":30},"end":{"line":122,"column":3}},"line":115},"13":{"name":"(anonymous_13)","decl":{"start":{"line":119,"column":53},"end":{"line":119,"column":54}},"loc":{"start":{"line":119,"column":68},"end":{"line":121,"column":5}},"line":119},"14":{"name":"(anonymous_14)","decl":{"start":{"line":124,"column":20},"end":{"line":124,"column":21}},"loc":{"start":{"line":124,"column":36},"end":{"line":126,"column":3}},"line":124},"15":{"name":"(anonymous_15)","decl":{"start":{"line":128,"column":21},"end":{"line":128,"column":22}},"loc":{"start":{"line":128,"column":29},"end":{"line":130,"column":3}},"line":128},"16":{"name":"(anonymous_16)","decl":{"start":{"line":132,"column":17},"end":{"line":132,"column":18}},"loc":{"start":{"line":132,"column":23},"end":{"line":162,"column":3}},"line":132},"17":{"name":"(anonymous_17)","decl":{"start":{"line":133,"column":28},"end":{"line":133,"column":29}},"loc":{"start":{"line":133,"column":34},"end":{"line":149,"column":5}},"line":133},"18":{"name":"(anonymous_18)","decl":{"start":{"line":135,"column":8},"end":{"line":135,"column":9}},"loc":{"start":{"line":135,"column":21},"end":{"line":141,"column":9}},"line":135},"19":{"name":"(anonymous_19)","decl":{"start":{"line":142,"column":8},"end":{"line":142,"column":9}},"loc":{"start":{"line":142,"column":14},"end":{"line":147,"column":9}},"line":142},"20":{"name":"(anonymous_20)","decl":{"start":{"line":156,"column":14},"end":{"line":156,"column":15}},"loc":{"start":{"line":156,"column":20},"end":{"line":158,"column":9}},"line":156},"21":{"name":"(anonymous_21)","decl":{"start":{"line":164,"column":14},"end":{"line":164,"column":15}},"loc":{"start":{"line":164,"column":20},"end":{"line":174,"column":3}},"line":164},"22":{"name":"(anonymous_22)","decl":{"start":{"line":165,"column":18},"end":{"line":165,"column":19}},"loc":{"start":{"line":165,"column":31},"end":{"line":173,"column":5}},"line":165},"23":{"name":"(anonymous_23)","decl":{"start":{"line":176,"column":15},"end":{"line":176,"column":16}},"loc":{"start":{"line":176,"column":22},"end":{"line":186,"column":3}},"line":176},"24":{"name":"(anonymous_24)","decl":{"start":{"line":177,"column":18},"end":{"line":177,"column":19}},"loc":{"start":{"line":177,"column":31},"end":{"line":185,"column":5}},"line":177},"25":{"name":"(anonymous_25)","decl":{"start":{"line":188,"column":15},"end":{"line":188,"column":16}},"loc":{"start":{"line":188,"column":29},"end":{"line":198,"column":3}},"line":188},"26":{"name":"(anonymous_26)","decl":{"start":{"line":189,"column":43},"end":{"line":189,"column":44}},"loc":{"start":{"line":189,"column":50},"end":{"line":189,"column":59}},"line":189},"27":{"name":"(anonymous_27)","decl":{"start":{"line":200,"column":17},"end":{"line":200,"column":18}},"loc":{"start":{"line":200,"column":24},"end":{"line":210,"column":3}},"line":200},"28":{"name":"(anonymous_28)","decl":{"start":{"line":201,"column":18},"end":{"line":201,"column":19}},"loc":{"start":{"line":201,"column":31},"end":{"line":209,"column":5}},"line":201},"29":{"name":"(anonymous_29)","decl":{"start":{"line":212,"column":23},"end":{"line":212,"column":24}},"loc":{"start":{"line":212,"column":28},"end":{"line":216,"column":3}},"line":212},"30":{"name":"(anonymous_30)","decl":{"start":{"line":218,"column":13},"end":{"line":218,"column":14}},"loc":{"start":{"line":218,"column":18},"end":{"line":220,"column":3}},"line":218},"31":{"name":"(anonymous_31)","decl":{"start":{"line":222,"column":29},"end":{"line":222,"column":30}},"loc":{"start":{"line":222,"column":51},"end":{"line":224,"column":3}},"line":222},"32":{"name":"(anonymous_32)","decl":{"start":{"line":226,"column":2},"end":{"line":226,"column":3}},"loc":{"start":{"line":226,"column":11},"end":{"line":395,"column":3}},"line":226},"33":{"name":"(anonymous_33)","decl":{"start":{"line":280,"column":40},"end":{"line":280,"column":41}},"loc":{"start":{"line":281,"column":18},"end":{"line":337,"column":29}},"line":281},"34":{"name":"(anonymous_34)","decl":{"start":{"line":293,"column":31},"end":{"line":293,"column":32}},"loc":{"start":{"line":293,"column":37},"end":{"line":293,"column":79}},"line":293},"35":{"name":"(anonymous_35)","decl":{"start":{"line":310,"column":33},"end":{"line":310,"column":34}},"loc":{"start":{"line":310,"column":39},"end":{"line":310,"column":59}},"line":310},"36":{"name":"(anonymous_36)","decl":{"start":{"line":320,"column":33},"end":{"line":320,"column":34}},"loc":{"start":{"line":320,"column":39},"end":{"line":320,"column":61}},"line":320},"37":{"name":"(anonymous_37)","decl":{"start":{"line":330,"column":33},"end":{"line":330,"column":34}},"loc":{"start":{"line":331,"column":26},"end":{"line":331,"column":70}},"line":331},"38":{"name":"(anonymous_38)","decl":{"start":{"line":354,"column":19},"end":{"line":354,"column":20}},"loc":{"start":{"line":354,"column":25},"end":{"line":354,"column":65}},"line":354},"39":{"name":"(anonymous_39)","decl":{"start":{"line":375,"column":25},"end":{"line":375,"column":26}},"loc":{"start":{"line":375,"column":31},"end":{"line":375,"column":71}},"line":375},"40":{"name":"(anonymous_40)","decl":{"start":{"line":389,"column":23},"end":{"line":389,"column":24}},"loc":{"start":{"line":389,"column":29},"end":{"line":389,"column":67}},"line":389},"41":{"name":"(anonymous_41)","decl":{"start":{"line":408,"column":24},"end":{"line":408,"column":25}},"loc":{"start":{"line":408,"column":34},"end":{"line":410,"column":1}},"line":408}},"branchMap":{"0":{"loc":{"start":{"line":43,"column":8},"end":{"line":53,"column":9}},"type":"if","locations":[{"start":{"line":43,"column":8},"end":{"line":53,"column":9}},{"start":{"line":43,"column":8},"end":{"line":53,"column":9}}],"line":43},"1":{"loc":{"start":{"line":48,"column":15},"end":{"line":53,"column":9}},"type":"if","locations":[{"start":{"line":48,"column":15},"end":{"line":53,"column":9}},{"start":{"line":48,"column":15},"end":{"line":53,"column":9}}],"line":48},"2":{"loc":{"start":{"line":62,"column":4},"end":{"line":85,"column":5}},"type":"if","locations":[{"start":{"line":62,"column":4},"end":{"line":85,"column":5}},{"start":{"line":62,"column":4},"end":{"line":85,"column":5}}],"line":62},"3":{"loc":{"start":{"line":68,"column":10},"end":{"line":70,"column":11}},"type":"if","locations":[{"start":{"line":68,"column":10},"end":{"line":70,"column":11}},{"start":{"line":68,"column":10},"end":{"line":70,"column":11}}],"line":68},"4":{"loc":{"start":{"line":73,"column":6},"end":{"line":84,"column":7}},"type":"if","locations":[{"start":{"line":73,"column":6},"end":{"line":84,"column":7}},{"start":{"line":73,"column":6},"end":{"line":84,"column":7}}],"line":73},"5":{"loc":{"start":{"line":143,"column":10},"end":{"line":145,"column":11}},"type":"if","locations":[{"start":{"line":143,"column":10},"end":{"line":145,"column":11}},{"start":{"line":143,"column":10},"end":{"line":145,"column":11}}],"line":143},"6":{"loc":{"start":{"line":150,"column":4},"end":{"line":161,"column":5}},"type":"if","locations":[{"start":{"line":150,"column":4},"end":{"line":161,"column":5}},{"start":{"line":150,"column":4},"end":{"line":161,"column":5}}],"line":150},"7":{"loc":{"start":{"line":188,"column":16},"end":{"line":188,"column":24}},"type":"default-arg","locations":[{"start":{"line":188,"column":23},"end":{"line":188,"column":24}}],"line":188},"8":{"loc":{"start":{"line":192,"column":6},"end":{"line":194,"column":7}},"type":"if","locations":[{"start":{"line":192,"column":6},"end":{"line":194,"column":7}},{"start":{"line":192,"column":6},"end":{"line":194,"column":7}}],"line":192},"9":{"loc":{"start":{"line":213,"column":4},"end":{"line":215,"column":5}},"type":"if","locations":[{"start":{"line":213,"column":4},"end":{"line":215,"column":5}},{"start":{"line":213,"column":4},"end":{"line":215,"column":5}}],"line":213},"10":{"loc":{"start":{"line":275,"column":13},"end":{"line":277,"column":13}},"type":"binary-expr","locations":[{"start":{"line":275,"column":13},"end":{"line":275,"column":39}},{"start":{"line":276,"column":14},"end":{"line":276,"column":77}}],"line":275},"11":{"loc":{"start":{"line":295,"column":23},"end":{"line":301,"column":23}},"type":"cond-expr","locations":[{"start":{"line":296,"column":24},"end":{"line":296,"column":37}},{"start":{"line":298,"column":24},"end":{"line":300,"column":31}}],"line":295}},"s":{"0":5,"1":5,"2":5,"3":5,"4":3,"5":2,"6":1,"7":5,"8":5,"9":5,"10":5,"11":5,"12":0,"13":0,"14":0,"15":1,"16":1,"17":1,"18":1,"19":1,"20":1,"21":0,"22":1,"23":1,"24":1,"25":0,"26":0,"27":0,"28":0,"29":1,"30":0,"31":0,"32":0,"33":0,"34":0,"35":0,"36":0,"37":0,"38":0,"39":0,"40":0,"41":0,"42":0,"43":0,"44":0,"45":0,"46":0,"47":0,"48":0,"49":0,"50":0,"51":0,"52":0,"53":0,"54":0,"55":0,"56":0,"57":0,"58":0,"59":0,"60":0,"61":0,"62":0,"63":0,"64":0,"65":0,"66":0,"67":0,"68":5,"69":21,"70":21,"71":21,"72":2,"73":0,"74":0,"75":0,"76":0,"77":0,"78":0,"79":0,"80":1,"81":1,"82":0},"f":{"0":5,"1":5,"2":5,"3":5,"4":5,"5":0,"6":1,"7":1,"8":1,"9":1,"10":0,"11":1,"12":0,"13":0,"14":0,"15":1,"16":0,"17":0,"18":0,"19":0,"20":0,"21":0,"22":0,"23":0,"24":0,"25":0,"26":0,"27":0,"28":0,"29":0,"30":0,"31":5,"32":21,"33":2,"34":0,"35":0,"36":0,"37":0,"38":0,"39":0,"40":0,"41":0},"b":{"0":[3,2],"1":[1,1],"2":[5,0],"3":[5,0],"4":[0,0],"5":[0,0],"6":[0,0],"7":[0],"8":[0,0],"9":[0,0],"10":[21,0],"11":[2,0]},"_coverageSchema":"332fd63041d2c1bcb487cc26dd0d5f7d97098a6c","hash":"51ffaca9a33129d53b63fbc868cc6e9f838b859c"}
,"/home/devint13/Documents/voter/client/src/views/SignIn/index.js": {"path":"/home/devint13/Documents/voter/client/src/views/SignIn/index.js","statementMap":{"0":{"start":{"line":20,"column":4},"end":{"line":20,"column":17}},"1":{"start":{"line":21,"column":4},"end":{"line":24,"column":6}},"2":{"start":{"line":28,"column":4},"end":{"line":30,"column":7}},"3":{"start":{"line":34,"column":4},"end":{"line":34,"column":23}},"4":{"start":{"line":35,"column":4},"end":{"line":35,"column":37}},"5":{"start":{"line":39,"column":24},"end":{"line":39,"column":34}},"6":{"start":{"line":40,"column":4},"end":{"line":127,"column":6}},"7":{"start":{"line":130,"column":0},"end":{"line":134,"column":2}},"8":{"start":{"line":136,"column":24},"end":{"line":138,"column":2}},"9":{"start":{"line":136,"column":34},"end":{"line":138,"column":1}}},"fnMap":{"0":{"name":"(anonymous_0)","decl":{"start":{"line":19,"column":2},"end":{"line":19,"column":3}},"loc":{"start":{"line":19,"column":21},"end":{"line":25,"column":3}},"line":19},"1":{"name":"(anonymous_1)","decl":{"start":{"line":27,"column":18},"end":{"line":27,"column":19}},"loc":{"start":{"line":27,"column":23},"end":{"line":31,"column":3}},"line":27},"2":{"name":"(anonymous_2)","decl":{"start":{"line":33,"column":13},"end":{"line":33,"column":14}},"loc":{"start":{"line":33,"column":18},"end":{"line":36,"column":3}},"line":33},"3":{"name":"(anonymous_3)","decl":{"start":{"line":38,"column":2},"end":{"line":38,"column":3}},"loc":{"start":{"line":38,"column":11},"end":{"line":128,"column":3}},"line":38},"4":{"name":"(anonymous_4)","decl":{"start":{"line":136,"column":24},"end":{"line":136,"column":25}},"loc":{"start":{"line":136,"column":34},"end":{"line":138,"column":1}},"line":136}},"branchMap":{"0":{"loc":{"start":{"line":82,"column":17},"end":{"line":84,"column":17}},"type":"binary-expr","locations":[{"start":{"line":82,"column":17},"end":{"line":82,"column":40}},{"start":{"line":83,"column":18},"end":{"line":83,"column":78}}],"line":82},"1":{"loc":{"start":{"line":96,"column":17},"end":{"line":100,"column":17}},"type":"binary-expr","locations":[{"start":{"line":96,"column":17},"end":{"line":96,"column":43}},{"start":{"line":97,"column":18},"end":{"line":99,"column":24}}],"line":96},"2":{"loc":{"start":{"line":101,"column":17},"end":{"line":105,"column":17}},"type":"binary-expr","locations":[{"start":{"line":101,"column":17},"end":{"line":101,"column":44}},{"start":{"line":102,"column":18},"end":{"line":104,"column":24}}],"line":101}},"s":{"0":3,"1":3,"2":2,"3":1,"4":1,"5":6,"6":6,"7":1,"8":1,"9":0},"f":{"0":3,"1":2,"2":1,"3":6,"4":0},"b":{"0":[6,0],"1":[6,0],"2":[6,0]},"_coverageSchema":"332fd63041d2c1bcb487cc26dd0d5f7d97098a6c","hash":"5b5f26fcad7e36441f150576ec7453c259e002a5"}
,"/home/devint13/Documents/voter/client/src/views/SignUp/index.js": {"path":"/home/devint13/Documents/voter/client/src/views/SignUp/index.js","statementMap":{"0":{"start":{"line":20,"column":4},"end":{"line":20,"column":17}},"1":{"start":{"line":21,"column":4},"end":{"line":25,"column":6}},"2":{"start":{"line":29,"column":4},"end":{"line":31,"column":7}},"3":{"start":{"line":35,"column":4},"end":{"line":35,"column":23}},"4":{"start":{"line":36,"column":4},"end":{"line":40,"column":7}},"5":{"start":{"line":44,"column":24},"end":{"line":44,"column":34}},"6":{"start":{"line":45,"column":4},"end":{"line":144,"column":6}},"7":{"start":{"line":147,"column":0},"end":{"line":151,"column":2}},"8":{"start":{"line":153,"column":24},"end":{"line":155,"column":2}},"9":{"start":{"line":153,"column":34},"end":{"line":155,"column":1}}},"fnMap":{"0":{"name":"(anonymous_0)","decl":{"start":{"line":19,"column":2},"end":{"line":19,"column":3}},"loc":{"start":{"line":19,"column":21},"end":{"line":26,"column":3}},"line":19},"1":{"name":"(anonymous_1)","decl":{"start":{"line":28,"column":18},"end":{"line":28,"column":19}},"loc":{"start":{"line":28,"column":23},"end":{"line":32,"column":3}},"line":28},"2":{"name":"(anonymous_2)","decl":{"start":{"line":34,"column":13},"end":{"line":34,"column":14}},"loc":{"start":{"line":34,"column":18},"end":{"line":41,"column":3}},"line":34},"3":{"name":"(anonymous_3)","decl":{"start":{"line":43,"column":2},"end":{"line":43,"column":3}},"loc":{"start":{"line":43,"column":11},"end":{"line":145,"column":3}},"line":43},"4":{"name":"(anonymous_4)","decl":{"start":{"line":153,"column":24},"end":{"line":153,"column":25}},"loc":{"start":{"line":153,"column":34},"end":{"line":155,"column":1}},"line":153}},"branchMap":{"0":{"loc":{"start":{"line":87,"column":17},"end":{"line":89,"column":17}},"type":"binary-expr","locations":[{"start":{"line":87,"column":17},"end":{"line":87,"column":40}},{"start":{"line":88,"column":18},"end":{"line":88,"column":78}}],"line":87},"1":{"loc":{"start":{"line":101,"column":17},"end":{"line":105,"column":17}},"type":"binary-expr","locations":[{"start":{"line":101,"column":17},"end":{"line":101,"column":43}},{"start":{"line":102,"column":18},"end":{"line":104,"column":24}}],"line":101},"2":{"loc":{"start":{"line":117,"column":17},"end":{"line":121,"column":17}},"type":"binary-expr","locations":[{"start":{"line":117,"column":17},"end":{"line":117,"column":44}},{"start":{"line":118,"column":18},"end":{"line":120,"column":24}}],"line":117}},"s":{"0":4,"1":4,"2":3,"3":1,"4":1,"5":8,"6":8,"7":1,"8":1,"9":0},"f":{"0":4,"1":3,"2":1,"3":8,"4":0},"b":{"0":[8,0],"1":[8,0],"2":[8,0]},"_coverageSchema":"332fd63041d2c1bcb487cc26dd0d5f7d97098a6c","hash":"b6ab09bb40f4ba2c1ef3e7d386a22b24e7e34e82"}
}
