TN:
SF:/home/devint13/Documents/voter/client/src/actions/answers.js
FN:4,(anonymous_0)
FN:4,(anonymous_1)
FN:7,(anonymous_2)
FN:10,(anonymous_3)
FN:15,(anonymous_4)
FN:15,(anonymous_5)
FN:18,(anonymous_6)
FN:21,(anonymous_7)
FN:26,(anonymous_8)
FN:26,(anonymous_9)
FN:29,(anonymous_10)
FN:32,(anonymous_11)
FN:32,(anonymous_12)
FN:35,(anonymous_13)
FN:38,(anonymous_14)
FNF:15
FNH:11
FNDA:1,(anonymous_0)
FNDA:1,(anonymous_1)
FNDA:1,(anonymous_2)
FNDA:0,(anonymous_3)
FNDA:1,(anonymous_4)
FNDA:1,(anonymous_5)
FNDA:1,(anonymous_6)
FNDA:0,(anonymous_7)
FNDA:1,(anonymous_8)
FNDA:1,(anonymous_9)
FNDA:0,(anonymous_10)
FNDA:1,(anonymous_11)
FNDA:1,(anonymous_12)
FNDA:1,(anonymous_13)
FNDA:0,(anonymous_14)
DA:4,2
DA:5,1
DA:8,1
DA:11,0
DA:15,2
DA:16,1
DA:19,1
DA:22,0
DA:26,2
DA:27,1
DA:29,0
DA:32,2
DA:33,1
DA:36,1
DA:39,0
LF:15
LH:11
BRF:0
BRH:0
end_of_record
TN:
SF:/home/devint13/Documents/voter/client/src/actions/auth.js
FN:8,(anonymous_0)
FN:16,(anonymous_1)
FN:16,(anonymous_2)
FN:19,(anonymous_3)
FN:22,(anonymous_4)
FN:28,(anonymous_5)
FN:28,(anonymous_6)
FN:31,(anonymous_7)
FN:35,(anonymous_8)
FN:40,(anonymous_9)
FN:40,(anonymous_10)
FN:43,(anonymous_11)
FN:48,(anonymous_12)
FN:53,(anonymous_13)
FN:53,(anonymous_14)
FN:54,(anonymous_15)
FN:60,(anonymous_16)
FN:68,(anonymous_17)
FN:68,(anonymous_18)
FNF:19
FNH:16
FNDA:3,(anonymous_0)
FNDA:1,(anonymous_1)
FNDA:1,(anonymous_2)
FNDA:1,(anonymous_3)
FNDA:0,(anonymous_4)
FNDA:1,(anonymous_5)
FNDA:1,(anonymous_6)
FNDA:1,(anonymous_7)
FNDA:0,(anonymous_8)
FNDA:1,(anonymous_9)
FNDA:1,(anonymous_10)
FNDA:1,(anonymous_11)
FNDA:0,(anonymous_12)
FNDA:1,(anonymous_13)
FNDA:1,(anonymous_14)
FNDA:1,(anonymous_15)
FNDA:5,(anonymous_16)
FNDA:1,(anonymous_17)
FNDA:1,(anonymous_18)
DA:8,3
DA:9,3
DA:10,3
DA:11,3
DA:12,3
DA:16,3
DA:17,1
DA:20,1
DA:23,0
DA:28,3
DA:29,1
DA:32,1
DA:33,1
DA:36,0
DA:40,3
DA:41,1
DA:44,1
DA:45,1
DA:46,1
DA:49,0
DA:53,3
DA:54,1
DA:55,1
DA:56,1
DA:60,3
DA:61,5
DA:68,3
DA:69,1
DA:70,1
DA:71,1
LF:30
LH:27
BRF:0
BRH:0
end_of_record
TN:
SF:/home/devint13/Documents/voter/client/src/actions/errors.js
FN:3,(anonymous_0)
FNF:1
FNH:1
FNDA:2,(anonymous_0)
DA:3,6
DA:4,2
LF:2
LH:2
BRF:0
BRH:0
end_of_record
TN:
SF:/home/devint13/Documents/voter/client/src/actions/filters.js
FN:3,(anonymous_0)
FNF:1
FNH:1
FNDA:1,(anonymous_0)
DA:3,1
DA:4,1
LF:2
LH:2
BRF:0
BRH:0
end_of_record
TN:
SF:/home/devint13/Documents/voter/client/src/actions/polls.js
FN:6,(anonymous_0)
FN:6,(anonymous_1)
FN:9,(anonymous_2)
FN:15,(anonymous_3)
FN:18,(anonymous_4)
FN:18,(anonymous_5)
FN:21,(anonymous_6)
FN:29,(anonymous_7)
FN:34,(anonymous_8)
FN:34,(anonymous_9)
FN:37,(anonymous_10)
FN:44,(anonymous_11)
FN:49,(anonymous_12)
FN:49,(anonymous_13)
FN:52,(anonymous_14)
FN:55,(anonymous_15)
FNF:16
FNH:13
FNDA:1,(anonymous_0)
FNDA:1,(anonymous_1)
FNDA:1,(anonymous_2)
FNDA:0,(anonymous_3)
FNDA:1,(anonymous_4)
FNDA:1,(anonymous_5)
FNDA:1,(anonymous_6)
FNDA:0,(anonymous_7)
FNDA:2,(anonymous_8)
FNDA:2,(anonymous_9)
FNDA:1,(anonymous_10)
FNDA:1,(anonymous_11)
FNDA:1,(anonymous_12)
FNDA:1,(anonymous_13)
FNDA:1,(anonymous_14)
FNDA:0,(anonymous_15)
DA:6,2
DA:7,1
DA:10,1
DA:15,0
DA:18,2
DA:19,1
DA:22,1
DA:26,1
DA:27,1
DA:30,0
DA:34,2
DA:35,2
DA:38,1
DA:45,1
DA:49,2
DA:50,1
DA:53,1
DA:55,0
LF:18
LH:15
BRF:0
BRH:0
end_of_record
TN:
SF:/home/devint13/Documents/voter/client/src/actions/types.js
FNF:0
FNH:0
DA:1,11
DA:2,11
DA:3,11
DA:4,11
DA:5,11
DA:6,11
DA:7,11
DA:8,11
LF:8
LH:8
BRF:0
BRH:0
end_of_record
TN:
SF:/home/devint13/Documents/voter/client/src/assets/jss/material-dashboard-react.jsx
FNF:0
FNH:0
DA:21,3
DA:23,3
DA:27,3
DA:34,3
DA:39,3
DA:50,3
DA:56,3
DA:57,3
DA:58,3
DA:59,3
DA:60,3
DA:61,3
DA:62,3
DA:64,3
DA:68,3
DA:72,3
DA:76,3
DA:80,3
DA:84,3
DA:89,3
DA:93,3
DA:97,3
DA:101,3
DA:105,3
DA:109,3
DA:114,3
DA:122,3
DA:128,3
DA:137,3
DA:152,3
DA:165,3
DA:169,3
LF:32
LH:32
BRF:0
BRH:0
end_of_record
TN:
SF:/home/devint13/Documents/voter/client/src/assets/jss/material-dashboard-react/components/buttonStyle.jsx
FNF:0
FNH:0
DA:11,1
LF:1
LH:1
BRF:0
BRH:0
end_of_record
TN:
SF:/home/devint13/Documents/voter/client/src/assets/jss/material-dashboard-react/components/cardBodyStyle.jsx
FNF:0
FNH:0
DA:1,3
LF:1
LH:1
BRF:0
BRH:0
end_of_record
TN:
SF:/home/devint13/Documents/voter/client/src/assets/jss/material-dashboard-react/components/cardHeaderStyle.jsx
FNF:0
FNH:0
DA:9,3
LF:1
LH:1
BRF:0
BRH:0
end_of_record
TN:
SF:/home/devint13/Documents/voter/client/src/assets/jss/material-dashboard-react/components/cardStyle.jsx
FNF:0
FNH:0
DA:1,3
LF:1
LH:1
BRF:0
BRH:0
end_of_record
TN:
SF:/home/devint13/Documents/voter/client/src/assets/jss/material-dashboard-react/views/dashboardStyle.jsx
FNF:0
FNH:0
DA:3,3
LF:1
LH:1
BRF:0
BRH:0
end_of_record
TN:
SF:/home/devint13/Documents/voter/client/src/components/Card/Card.jsx
FN:13,Card
FNF:1
FNH:0
FNDA:0,Card
DA:22,0
DA:23,0
DA:30,0
DA:37,3
LF:4
LH:1
BRF:0
BRH:0
end_of_record
TN:
SF:/home/devint13/Documents/voter/client/src/components/Card/CardBody.jsx
FN:13,CardBody
FNF:1
FNH:0
FNDA:0,CardBody
DA:14,0
DA:15,0
DA:21,0
DA:28,3
LF:4
LH:1
BRF:0
BRH:0
end_of_record
TN:
SF:/home/devint13/Documents/voter/client/src/components/Card/CardHeader.jsx
FN:13,CardHeader
FNF:1
FNH:0
FNDA:0,CardHeader
DA:23,0
DA:24,0
DA:32,0
DA:39,3
LF:4
LH:1
BRF:0
BRH:0
end_of_record
TN:
SF:/home/devint13/Documents/voter/client/src/components/CustomButtons/Button.jsx
FN:12,RegularButton
FNF:1
FNH:0
FNDA:0,RegularButton
DA:27,0
DA:28,0
DA:40,0
DA:47,1
LF:4
LH:1
BRF:0
BRH:0
end_of_record
TN:
SF:/home/devint13/Documents/voter/client/src/reducers/auth.js
FN:9,(anonymous_0)
FNF:1
FNH:1
FNDA:2,(anonymous_0)
DA:4,1
DA:10,2
DA:12,1
DA:18,1
LF:4
LH:4
BRDA:9,0,0,2
BRDA:10,1,0,1
BRDA:10,1,1,1
BRF:3
BRH:3
end_of_record
TN:
SF:/home/devint13/Documents/voter/client/src/reducers/errors.js
FN:4,(anonymous_0)
FNF:1
FNH:1
FNDA:2,(anonymous_0)
DA:2,1
DA:5,2
DA:7,1
DA:9,1
LF:4
LH:4
BRDA:4,0,0,2
BRDA:5,1,0,1
BRDA:5,1,1,1
BRF:3
BRH:3
end_of_record
TN:
SF:/home/devint13/Documents/voter/client/src/reducers/filters.js
FN:3,(anonymous_0)
FNF:1
FNH:1
FNDA:2,(anonymous_0)
DA:4,2
DA:6,1
DA:11,1
LF:3
LH:3
BRDA:3,0,0,2
BRDA:4,1,0,1
BRDA:4,1,1,1
BRF:3
BRH:3
end_of_record
TN:
SF:/home/devint13/Documents/voter/client/src/reducers/polls.js
FN:3,(anonymous_0)
FN:10,(anonymous_1)
FNF:2
FNH:2
FNDA:4,(anonymous_0)
FNDA:6,(anonymous_1)
DA:4,4
DA:6,1
DA:8,1
DA:10,1
DA:11,6
DA:12,1
DA:19,1
LF:7
LH:7
BRDA:3,0,0,2
BRDA:4,1,0,1
BRDA:4,1,1,1
BRDA:4,1,2,1
BRDA:4,1,3,1
BRDA:11,2,0,1
BRDA:11,2,1,5
BRF:7
BRH:7
end_of_record
TN:
SF:/home/devint13/Documents/voter/client/src/selectors/pollsSelector.js
FN:3,(anonymous_0)
FN:4,(anonymous_1)
FN:5,(anonymous_2)
FN:9,(anonymous_3)
FN:15,(anonymous_4)
FN:30,(anonymous_5)
FNF:6
FNH:6
FNDA:2,(anonymous_0)
FNDA:2,(anonymous_1)
FNDA:2,(anonymous_2)
FNDA:2,(anonymous_3)
FNDA:6,(anonymous_4)
FNDA:6,(anonymous_5)
DA:3,2
DA:4,2
DA:5,2
DA:7,1
DA:10,2
DA:11,0
DA:13,2
DA:14,1
DA:15,1
DA:16,6
DA:17,12
DA:18,12
DA:19,10
DA:20,10
DA:21,4
DA:22,4
DA:27,1
DA:29,1
DA:30,1
DA:31,6
DA:32,6
DA:33,13
DA:34,13
DA:35,6
DA:36,6
DA:37,2
DA:38,2
DA:43,6
DA:44,4
DA:47,1
LF:30
LH:29
BRDA:10,0,0,0
BRDA:10,0,1,2
BRDA:13,1,0,1
BRDA:13,1,1,1
BRDA:20,2,0,4
BRDA:20,2,1,6
BRDA:36,3,0,2
BRDA:36,3,1,4
BRDA:43,4,0,4
BRDA:43,4,1,2
BRF:10
BRH:9
end_of_record
TN:
SF:/home/devint13/Documents/voter/client/src/utils/is-empty.js
FN:1,(anonymous_0)
FNF:1
FNH:1
FNDA:1,(anonymous_0)
DA:1,1
DA:2,1
DA:7,1
LF:3
LH:3
BRDA:2,0,0,1
BRDA:2,0,1,1
BRDA:2,0,2,1
BRDA:2,0,3,1
BRDA:2,0,4,1
BRDA:2,0,5,0
BRF:6
BRH:5
end_of_record
TN:
SF:/home/devint13/Documents/voter/client/src/utils/setAuthToken.js
FN:3,(anonymous_0)
FNF:1
FNH:1
FNDA:4,(anonymous_0)
DA:3,3
DA:4,4
DA:5,3
DA:7,1
LF:4
LH:4
BRDA:4,0,0,3
BRDA:4,0,1,1
BRF:2
BRH:2
end_of_record
TN:
SF:/home/devint13/Documents/voter/client/src/views/CreateNewPoll/EditModal.js
FN:23,(anonymous_0)
FN:25,(anonymous_1)
FN:34,(anonymous_2)
FN:40,(anonymous_3)
FN:48,(anonymous_4)
FNF:5
FNH:0
FNDA:0,(anonymous_0)
FNDA:0,(anonymous_1)
FNDA:0,(anonymous_2)
FNDA:0,(anonymous_3)
FNDA:0,(anonymous_4)
DA:24,0
DA:25,0
DA:26,0
DA:27,0
DA:28,0
DA:35,0
DA:36,0
DA:41,0
DA:42,0
DA:44,0
DA:49,0
DA:50,0
DA:61,0
DA:114,1
LF:14
LH:1
BRDA:35,0,0,0
BRDA:35,0,1,0
BRDA:41,1,0,0
BRDA:41,1,1,0
BRDA:105,2,0,0
BRDA:105,2,1,0
BRF:6
BRH:0
end_of_record
TN:
SF:/home/devint13/Documents/voter/client/src/views/CreateNewPoll/index.js
FN:39,(anonymous_0)
FN:43,(anonymous_1)
FN:56,(anonymous_2)
FN:62,(anonymous_3)
FN:68,(anonymous_4)
FN:80,(anonymous_5)
FN:89,(anonymous_6)
FN:94,(anonymous_7)
FN:99,(anonymous_8)
FN:101,(anonymous_9)
FN:102,(anonymous_10)
FN:109,(anonymous_11)
FN:115,(anonymous_12)
FN:119,(anonymous_13)
FN:124,(anonymous_14)
FN:128,(anonymous_15)
FN:132,(anonymous_16)
FN:133,(anonymous_17)
FN:135,(anonymous_18)
FN:142,(anonymous_19)
FN:156,(anonymous_20)
FN:164,(anonymous_21)
FN:166,(anonymous_22)
FN:177,(anonymous_23)
FN:178,(anonymous_24)
FN:189,(anonymous_25)
FN:190,(anonymous_26)
FN:201,(anonymous_27)
FN:202,(anonymous_28)
FN:213,(anonymous_29)
FN:219,(anonymous_30)
FN:223,(anonymous_31)
FN:227,(anonymous_32)
FN:281,(anonymous_33)
FN:294,(anonymous_34)
FN:311,(anonymous_35)
FN:321,(anonymous_36)
FN:331,(anonymous_37)
FN:355,(anonymous_38)
FN:376,(anonymous_39)
FN:390,(anonymous_40)
FN:409,(anonymous_41)
FNF:42
FNH:27
FNDA:5,(anonymous_0)
FNDA:5,(anonymous_1)
FNDA:5,(anonymous_2)
FNDA:5,(anonymous_3)
FNDA:5,(anonymous_4)
FNDA:0,(anonymous_5)
FNDA:1,(anonymous_6)
FNDA:1,(anonymous_7)
FNDA:2,(anonymous_8)
FNDA:2,(anonymous_9)
FNDA:2,(anonymous_10)
FNDA:2,(anonymous_11)
FNDA:1,(anonymous_12)
FNDA:1,(anonymous_13)
FNDA:1,(anonymous_14)
FNDA:5,(anonymous_15)
FNDA:2,(anonymous_16)
FNDA:2,(anonymous_17)
FNDA:2,(anonymous_18)
FNDA:2,(anonymous_19)
FNDA:1,(anonymous_20)
FNDA:1,(anonymous_21)
FNDA:1,(anonymous_22)
FNDA:0,(anonymous_23)
FNDA:0,(anonymous_24)
FNDA:0,(anonymous_25)
FNDA:0,(anonymous_26)
FNDA:0,(anonymous_27)
FNDA:0,(anonymous_28)
FNDA:0,(anonymous_29)
FNDA:0,(anonymous_30)
FNDA:5,(anonymous_31)
FNDA:42,(anonymous_32)
FNDA:41,(anonymous_33)
FNDA:0,(anonymous_34)
FNDA:0,(anonymous_35)
FNDA:0,(anonymous_36)
FNDA:1,(anonymous_37)
FNDA:0,(anonymous_38)
FNDA:1,(anonymous_39)
FNDA:0,(anonymous_40)
FNDA:0,(anonymous_41)
DA:40,5
DA:41,5
DA:42,5
DA:44,5
DA:45,3
DA:49,2
DA:51,1
DA:57,5
DA:63,5
DA:64,5
DA:69,5
DA:70,5
DA:74,0
DA:75,0
DA:81,0
DA:90,1
DA:94,1
DA:95,1
DA:100,2
DA:102,2
DA:103,2
DA:105,2
DA:110,2
DA:116,1
DA:119,1
DA:120,1
DA:125,1
DA:129,5
DA:133,2
DA:134,2
DA:136,2
DA:137,2
DA:138,2
DA:143,2
DA:144,0
DA:146,2
DA:150,2
DA:151,1
DA:157,1
DA:160,1
DA:165,1
DA:166,1
DA:167,1
DA:171,1
DA:178,0
DA:179,0
DA:180,0
DA:181,0
DA:182,0
DA:183,0
DA:190,0
DA:191,0
DA:192,0
DA:193,0
DA:194,0
DA:196,0
DA:198,0
DA:202,0
DA:203,0
DA:204,0
DA:205,0
DA:206,0
DA:207,0
DA:214,0
DA:215,0
DA:220,0
DA:224,5
DA:228,42
DA:229,42
DA:239,42
DA:282,41
DA:294,0
DA:311,0
DA:321,0
DA:332,1
DA:355,0
DA:376,1
DA:390,0
DA:399,1
DA:409,1
LF:80
LH:49
BRDA:44,0,0,3
BRDA:44,0,1,2
BRDA:49,1,0,1
BRDA:49,1,1,1
BRDA:63,2,0,5
BRDA:63,2,1,0
BRDA:69,3,0,5
BRDA:69,3,1,0
BRDA:74,4,0,0
BRDA:74,4,1,0
BRDA:143,5,0,0
BRDA:143,5,1,2
BRDA:150,6,0,1
BRDA:150,6,1,1
BRDA:189,7,0,0
BRDA:193,8,0,0
BRDA:193,8,1,0
BRDA:214,9,0,0
BRDA:214,9,1,0
BRDA:276,10,0,42
BRDA:276,10,1,0
BRDA:296,11,0,40
BRDA:296,11,1,1
BRF:23
BRH:12
end_of_record
TN:
SF:/home/devint13/Documents/voter/client/src/views/SignIn/index.js
FN:19,(anonymous_0)
FN:27,(anonymous_1)
FN:31,(anonymous_2)
FN:37,(anonymous_3)
FN:42,(anonymous_4)
FN:141,(anonymous_5)
FN:147,(anonymous_6)
FN:147,(anonymous_7)
FNF:8
FNH:5
FNDA:3,(anonymous_0)
FNDA:3,(anonymous_1)
FNDA:2,(anonymous_2)
FNDA:1,(anonymous_3)
FNDA:6,(anonymous_4)
FNDA:0,(anonymous_5)
FNDA:0,(anonymous_6)
FNDA:0,(anonymous_7)
DA:20,3
DA:21,3
DA:28,3
DA:32,2
DA:38,1
DA:39,1
DA:43,6
DA:44,6
DA:134,1
DA:141,1
DA:147,0
LF:11
LH:10
BRDA:86,0,0,6
BRDA:86,0,1,0
BRDA:100,1,0,6
BRDA:100,1,1,0
BRDA:105,2,0,6
BRDA:105,2,1,0
BRF:6
BRH:3
end_of_record
TN:
SF:/home/devint13/Documents/voter/client/src/views/SignUp/index.js
FN:19,(anonymous_0)
FN:28,(anonymous_1)
FN:32,(anonymous_2)
FN:38,(anonymous_3)
FN:47,(anonymous_4)
FN:158,(anonymous_5)
FN:166,(anonymous_6)
FN:166,(anonymous_7)
FNF:8
FNH:5
FNDA:5,(anonymous_0)
FNDA:6,(anonymous_1)
FNDA:3,(anonymous_2)
FNDA:1,(anonymous_3)
FNDA:9,(anonymous_4)
FNDA:0,(anonymous_5)
FNDA:0,(anonymous_6)
FNDA:0,(anonymous_7)
DA:20,5
DA:21,5
DA:29,6
DA:33,3
DA:39,1
DA:40,1
DA:48,9
DA:49,9
DA:151,1
DA:158,1
DA:166,0
LF:11
LH:10
BRDA:91,0,0,9
BRDA:91,0,1,0
BRDA:105,1,0,9
BRDA:105,1,1,0
BRDA:121,2,0,9
BRDA:121,2,1,0
BRF:6
BRH:3
end_of_record
